1000
48099 48385 0.432235002518 0.802229881287
48334 48565 0.330040931702 0.711368083954
48489 48733 0.297689914703 0.645131111145
48175 48585 0.43420791626 0.853323936462
47962 48386 0.3550760746 0.803402900696
48162 48613 0.356579065323 0.755612850189
47944 48437 0.381790876389 0.773251056671
48404 48702 0.364639043808 0.728605031967
48220 48600 0.378232002258 0.771998167038
48143 48533 0.292285919189 0.689890861511
48944 48967 0.350373983383 0.664793014526
48161 48216 0.305421113968 0.66673707962
47842 48280 0.428373098373 0.868829011917
48248 48694 0.355026006699 0.737626791
48210 48316 0.322999954224 0.623623132706
48126 48590 0.313266038895 0.689764022827
48270 48638 0.375742912292 0.784076929092
48261 48707 0.376657962799 0.755872964859
47854 48349 0.34618806839 0.746825933456
47830 48379 0.406945943832 0.846990823746
47950 48472 0.535348892212 1.07428383827
47954 48440 0.336480140686 0.760764122009
48073 48129 0.301275968552 0.601551055908
48107 48158 0.313615083694 0.659973144531
47891 48361 0.430265903473 0.894695043564
47974 48464 0.364724159241 0.753158092499
47736 48279 0.42459487915 0.960951805115
48556 48568 0.302777051926 0.65048789978
48292 48335 0.301104068756 0.627141952515
48661 48903 0.317461013794 0.679577112198
47971 48482 0.457364797592 0.927870988846
48688 48831 0.392077922821 0.741278886795
47949 48429 0.302989006042 0.684148073196
48778 48809 0.313445091248 0.66602396965
47811 48297 0.557693958282 0.994315862656
48394 48712 0.324054002762 0.813267946243
47977 48451 0.414536952972 0.917397975922
47891 48213 0.466661930084 0.874151945114
48036 48512 0.392408132553 0.831782102585
47830 48339 0.436840057373 0.936202049255
48056 48218 0.423163175583 0.835626125336
48525 48750 0.280074119568 0.61874294281
47881 48446 0.489454030991 0.997370004654
47935 48094 0.335289955139 0.728548049927
48111 48169 0.289553165436 0.587725162506
48134 48578 0.40420293808 0.847445011139
48444 48487 0.262400865555 0.549233913422
48098 48167 0.25926399231 0.546020030975
47918 48425 0.355226993561 0.749900102615
48409 48760 0.335200071335 0.685822963715
47879 48385 0.468910932541 0.958039045334
47864 48398 0.439231872559 0.93167090416
48134 48584 0.528746128082 0.948094129562
48238 48620 0.381182193756 0.785211086273
47873 48309 0.346050977707 0.780465841293
47724 48265 0.437412977219 0.907066106796
48180 48608 0.402408838272 0.822196960449
48182 48580 0.367839813232 0.755053043365
48069 48486 0.274971008301 0.65401506424
48381 48629 0.330994129181 0.68976020813
48291 48684 0.327633142471 0.720998048782
48324 48691 0.328293085098 0.715440034866
47938 48480 0.488972187042 0.935662031174
48029 48109 0.315552949905 0.621213912964
48045 48538 0.451241016388 0.892060041428
48132 48529 0.306698799133 0.704342842102
47854 48411 0.429502010345 0.868074893951
48537 48571 0.284319877625 0.583956003189
48609 48623 0.215981960297 0.511339902878
48211 48638 0.368948936462 0.771351099014
48827 48955 0.264455080032 0.599898099899
48038 48499 0.423790931702 0.832139015198
48013 48156 0.375643014908 0.703809022903
48118 48290 0.300258874893 0.649391889572
48130 48514 0.378473997116 0.7836830616
47810 48293 0.539619207382 1.00013518333
47821 48385 0.384577989578 0.828590869904
48419 48454 0.264729976654 0.56331205368
48633 48642 0.228828907013 0.52241897583
48522 48687 0.26491189003 0.601788043976
48494 48796 0.314053058624 0.693634986877
47873 48234 0.342817783356 0.748450994492
47880 48403 0.500598907471 0.954017877579
48204 48287 0.323734045029 0.655207872391
48215 48625 0.410205125809 1.00519514084
48098 48571 0.400999069214 0.869756937027
47735 48066 0.582031965256 1.06454086304
48050 48506 0.428928852081 0.907991886139
48393 48500 0.464287996292 0.878879070282
48153 48223 0.319025039673 0.649296045303
48461 48702 0.335031986237 0.732885837555
48074 48543 0.540058135986 0.979867935181
47859 48386 0.445091962814 0.935062885284
48121 48235 0.424736976624 0.838041067123
47847 48380 0.489077091217 1.02034711838
47937 48331 0.397526979446 0.877942085266
48088 48467 0.547191143036 1.0055232048
48491 48748 0.429420948029 0.809657812119
47946 48439 0.460599899292 0.975111961365
47806 48330 0.465972185135 0.981153011322
48260 48683 0.522825956345 0.962426900864
48385 48595 0.275046825409 0.606628894806
47871 48374 0.322384119034 0.715946912766
47793 48296 0.349381923676 0.744611024857
48262 48630 0.341805934906 0.726008892059
48272 48646 0.305891036987 0.651063919067
47980 48419 0.406797170639 0.803144216537
48720 48734 0.211321115494 0.494379997253
48176 48205 0.315148830414 0.598744869232
48067 48184 0.404462099075 0.708404064178
48192 48607 0.387243032455 0.759900808334
48321 48740 0.308307886124 0.671041965485
48016 48511 0.36203789711 0.734996080399
48088 48393 0.358680009842 0.731914997101
48026 48095 0.271972894669 0.557073116302
47854 48285 0.426248073578 0.828855037689
48036 48463 0.388779878616 0.788000822067
48447 48752 0.349944114685 0.735375165939
48135 48157 0.258371829987 0.538784980774
48014 48475 0.442673921585 0.864721059799
47981 48468 0.28254199028 0.648980140686
48220 48578 0.350157976151 0.737267017365
47931 48377 0.298314094543 0.684206962585
48226 48336 0.294934034348 0.611685037613
48396 48759 0.304462194443 0.672184228897
47909 48103 0.326097011566 0.663820028305
48059 48119 0.291054010391 0.614580154419
47888 48358 0.505414009094 0.918367862701
48718 48956 0.244189977646 0.576829910278
48906 48913 0.207176923752 0.490994930267
47921 48383 0.384016036987 0.793195009232
47981 48483 0.423237085342 0.829449176788
48107 48182 0.37026309967 0.725332975388
48661 48688 0.332175016403 0.666637897491
48194 48305 0.444123029709 0.78239607811
47926 48169 0.36803984642 0.722016811371
48088 48462 0.312613964081 0.67645406723
48589 48822 0.270017147064 0.602988004684
48625 48641 0.206429958344 0.489714860916
48360 48723 0.375769138336 0.76823592186
48397 48764 0.317374944687 0.659169912338
48141 48536 0.351440906525 0.731613874435
48865 48894 0.228120088577 0.514377117157
48123 48555 0.340193986893 0.730746030807
48068 48518 0.296324968338 0.660128831863
47929 48460 0.343968868256 0.749199867249
47723 48207 0.35545706749 0.775800943375
48086 48417 0.338250160217 0.697301149368
47686 48258 0.42004609108 0.835569143295
48284 48684 0.453738927841 0.844139099121
48088 48519 0.300410985947 0.664985179901
48212 48591 0.352365970612 0.724549055099
48306 48639 0.311633110046 0.687090158463
48392 48490 0.281368970871 0.610491991043
48672 48854 0.287662029266 0.620369911194
48031 48495 0.364015817642 0.757272005081
48412 48723 0.35755109787 0.736608028412
48241 48322 0.314192056656 0.638408184052
47953 48427 0.415636062622 0.901426076889
48108 48447 0.390570878983 0.785892963409
48499 48744 0.365747928619 0.713423013687
48097 48190 0.359813928604 0.669356107712
48448 48584 0.261727809906 0.603745937347
48116 48554 0.332993984222 0.712862014771
48914 49200 0.360874891281 0.784613847733
48124 48208 0.311267137527 0.625399112701
48037 48474 0.424606084824 0.8356320858
48048 48494 0.427196025848 0.822130918503
48322 48398 0.303907155991 0.614988088608
48270 48372 0.31235909462 0.696976900101
48757 48949 0.443019866943 0.825037956238
48011 48354 0.432538986206 0.925021886826
48215 48544 0.367806911469 0.793044805527
47981 48459 0.34697508812 0.776396989822
47958 48505 0.412615060806 0.840386867523
48088 48118 0.267416954041 0.5630838871
48053 48525 0.312198162079 0.691274166107
48096 48180 0.285382032394 0.601402044296
48703 48925 0.356753110886 0.749941110611
48368 48720 0.361788034439 0.764826059341
48044 48461 0.428724050522 0.889758825302
47897 48270 0.554733037949 0.984971046448
48344 48692 0.289746999741 0.652373075485
48062 48519 0.362810850143 0.776226997375
47959 48464 0.291711091995 0.675294876099
48326 48381 0.299046039581 0.601899862289
47940 48415 0.348294973373 0.736117839813
48198 48277 0.287186861038 0.593316793442
48153 48579 0.432662010193 0.828006982803
48297 48376 0.348739862442 0.684846878052
48511 48646 0.247182846069 0.572144031525
48554 48757 0.265732049942 0.610149145126
47808 48311 0.389732122421 0.821847915649
47928 48384 0.356518030167 0.738456010818
48007 48326 0.401477098465 0.78694319725
48181 48601 0.34362912178 0.725994110107
47921 48392 0.314422130585 0.705488920212
48222 48559 0.355185031891 0.764162063599
48118 48558 0.313928127289 0.686786174774
48392 48736 0.295078039169 0.653601169586
47938 48144 0.404042959213 0.788336038589
48346 48555 0.398121833801 0.769150972366
48454 48799 0.28520488739 0.654020786285
48259 48734 0.38813996315 0.816321849823
48547 48585 0.22291302681 0.524390935898
48241 48623 0.300072908401 0.660280942917
48306 48747 0.374377965927 0.774293899536
47950 48464 0.400848150253 0.840999126434
47900 48431 0.360211849213 0.790400981903
48374 48683 0.365678071976 0.726742982864
47903 48442 0.435105085373 0.865056037903
48257 48348 0.319875955582 0.624156951904
48230 48289 0.254966020584 0.556012153625
48607 48826 0.299347877502 0.636745929718
47826 48253 0.315798997879 0.714443922043
47862 48202 0.439884901047 0.830897092819
48357 48572 0.383278131485 0.826426029205
47832 48275 0.4465239048 0.950481891632
47985 48415 0.358811855316 0.774707794189
48131 48207 0.275545835495 0.587498903275
48267 48483 0.368422985077 0.763345003128
48604 48624 0.263850927353 0.589462995529
48117 48600 0.302878856659 0.70692896843
48047 48530 0.291991949081 0.688080072403
47786 48311 0.44682097435 0.898411035538
48044 48531 0.349630832672 0.790672063828
48134 48525 0.406184196472 0.825875043869
48042 48527 0.443836927414 0.877312898636
48336 48356 0.295253992081 0.598431110382
48239 48623 0.305781126022 0.718112945557
47817 48325 0.417749166489 0.84966802597
48050 48509 0.445950984955 0.872387886047
47835 48245 0.364393949509 0.779664993286
48760 48895 0.232381105423 0.568990945816
48554 48806 0.310861110687 0.671825170517
48597 48864 0.280931949615 0.645214080811
47836 48240 0.304430961609 0.707162857056
48636 48869 0.33712887764 0.702486038208
47913 48373 0.407468080521 0.833117008209
47776 48155 0.447739124298 0.872115135193
48389 48465 0.300179958344 0.638385057449
48700 49003 0.39816904068 0.773826122284
48063 48542 0.321528911591 0.712605953217
48241 48291 0.25243806839 0.560334920883
48281 48629 0.373273849487 0.767313957214
48619 48678 0.296106100082 0.626605033875
48474 48691 0.293556928635 0.643913984299
48052 48485 0.426295042038 0.8200070858
48254 48574 0.439748048782 0.854977846146
48328 48682 0.370261907578 0.737301826477
48173 48349 0.319973945618 0.697996139526
48020 48324 0.368621826172 0.763707876205
48334 48629 0.320902109146 0.708132982254
48195 48625 0.353938102722 0.775937080383
47888 48350 0.437154054642 0.870678186417
48364 48621 0.431387901306 0.896428823471
48039 48523 0.516549110413 1.05422592163
48351 48717 0.655027151108 1.19428801537
48100 48543 0.364211082458 0.788647174835
48158 48217 0.340837001801 0.669351100922
47898 48314 0.496337890625 0.953331947327
48039 48502 0.421932935715 0.881669998169
48014 48196 0.366022825241 0.754106998444
48274 48681 0.453159093857 0.873831987381
48176 48241 0.310585975647 0.641576051712
48324 48584 0.44611787796 0.871195793152
48210 48638 0.358392000198 0.765538930893
48223 48256 0.326869010925 0.660700082779
48294 48315 0.298994064331 0.620898008347
47975 48430 0.366477966309 0.763731956482
47893 48071 0.338469982147 0.674025058746
48354 48618 0.329792976379 0.677720069885
48656 48697 0.344563007355 0.651640892029
47805 48313 0.348495006561 0.741729021072
47893 48307 0.306816101074 0.681992053986
48613 48627 0.218283891678 0.495161056519
48518 48566 0.277215003967 0.561887979507
48197 48637 0.287490129471 0.681689977646
47979 48393 0.426686048508 0.882137060165
47978 48484 0.463119983673 0.922085046768
47996 48491 0.344538927078 0.746340990067
48167 48639 0.424296140671 0.823621988297
48064 48538 0.340548038483 0.737533092499
47672 48191 0.353783130646 0.783492088318
48411 48687 0.382966041565 0.75282907486
48258 48331 0.276397228241 0.598321199417
47884 48407 0.411135911942 0.84970498085
47822 48361 0.432916164398 0.953252077103
48100 48591 0.370899915695 0.765664815903
47932 48103 0.403419017792 0.835274934769
48097 48505 0.415324926376 0.826884031296
47905 48430 0.359869003296 0.774959802628
47829 48353 0.442894935608 0.884345054626
48574 48684 0.358365058899 0.760468006134
48231 48294 0.350197792053 0.697132825851
48270 48659 0.531379938126 0.988921880722
48210 48641 0.532685995102 1.03272509575
48352 48604 0.349221944809 0.758795976639
48203 48322 0.377010822296 0.705655813217
47963 48501 0.445373773575 0.866665840149
48052 48105 0.290586948395 0.581382036209
48665 48828 0.301950216293 0.628508090973
48217 48599 0.444777011871 0.844672203064
48191 48622 0.364396810532 0.767359018326
48047 48078 0.294584989548 0.581487894058
48137 48172 0.273422956467 0.556871891022
48435 48483 0.26317191124 0.544718027115
47773 48317 0.378342866898 0.788982868195
47963 48479 0.403679847717 0.817591905594
48039 48449 0.320677042007 0.68497300148
48346 48668 0.316972017288 0.652111053467
48209 48581 0.279323816299 0.630918979645
48141 48579 0.414950847626 0.812495946884
48525 48542 0.258346796036 0.541333913803
48851 48865 0.24330496788 0.533924102783
48111 48216 0.263679981232 0.553430080414
48080 48375 0.354225873947 0.713148832321
48434 48704 0.296454906464 0.657246112823
48063 48351 0.421217918396 0.801269054413
47928 48425 0.360843896866 0.744691848755
48384 48654 0.27357006073 0.609247922897
48394 48525 0.314285993576 0.64009308815
48195 48604 0.391789913177 0.770890951157
48236 48368 0.355309009552 0.687998056412
48150 48551 0.387553930283 0.77281498909
48193 48238 0.280724048615 0.571970939636
48046 48519 0.422168016434 0.828938961029
48131 48349 0.379544973373 0.738962888718
48319 48541 0.245635986328 0.572861909866
48176 48214 0.334683895111 0.621944904327
48567 48816 0.258034944534 0.600881814957
48135 48548 0.465409040451 0.858595132828
48015 48460 0.352603197098 0.748974084854
47824 48256 0.310700178146 0.692458152771
48227 48702 0.403378009796 0.797203063965
48179 48249 0.25891494751 0.547302007675
48342 48392 0.273312091827 0.568967103958
48516 48628 0.294982910156 0.622568845749
48077 48521 0.341458797455 0.727764844894
48588 48610 0.26095700264 0.547980070114
48317 48659 0.279495000839 0.629280090332
48727 49018 0.299645185471 0.680823087692
48623 48767 0.320345163345 0.64924621582
48130 48523 0.358548164368 0.733443021774
48058 48505 0.343358039856 0.711066961288
47965 48470 0.319879770279 0.729755878448
48252 48418 0.372743844986 0.763130903244
48022 48519 0.385367155075 0.754968166351
48166 48590 0.361488103867 0.766463041306
48281 48310 0.24751996994 0.531806945801
47889 48350 0.394620895386 0.786258935928
48544 48797 0.285276889801 0.606570005417
48232 48604 0.322504043579 0.687392950058
48097 48507 0.458250999451 0.842842102051
47939 48418 0.582525968552 1.06725287437
48140 48511 0.452008008957 0.905339002609
47893 48341 0.458712816238 0.927495002747
47979 48363 0.396677017212 0.785665988922
48219 48577 0.417011976242 0.818846940994
48431 48440 0.245799064636 0.526489019394
48352 48404 0.302529096603 0.588922023773
48179 48223 0.273295164108 0.555655002594
48332 48713 0.301666975021 0.663795948029
48423 48715 0.328076839447 0.662021875381
48102 48562 0.42590880394 0.811502933502
48474 48742 0.279680013657 0.608002901077
48047 48452 0.31329703331 0.698354005814
48339 48668 0.377237081528 0.746137142181
48029 48237 0.309350967407 0.658081054688
48146 48536 0.459328174591 0.854918003082
48055 48499 0.419418096542 0.785948991776
48103 48527 0.302453994751 0.680165052414
48383 48758 0.33707690239 0.739319086075
48159 48233 0.358376026154 0.69948387146
48398 48688 0.382042884827 0.829648971558
48269 48669 0.491563081741 0.916454076767
48201 48646 0.295227050781 0.686979055405
47882 48383 0.374742031097 0.801204204559
47796 48338 0.427131175995 0.885374069214
47982 48369 0.35701584816 0.759258985519
47960 48382 0.403925180435 0.832973003387
47879 48321 0.394260883331 0.817827939987
48729 48895 0.2715280056 0.624469995499
47852 48371 0.419713973999 0.853539943695
47939 48437 0.371766805649 0.803018808365
48099 48502 0.361840963364 0.763669967651
48419 48462 0.304044961929 0.63143992424
48023 48468 0.377739906311 0.801017999649
48151 48605 0.416179895401 0.820411920547
47954 48347 0.307706832886 0.706558942795
48079 48172 0.299856901169 0.615775823593
48674 48692 0.234689950943 0.539423942566
48148 48181 0.261103153229 0.565937995911
47841 48367 0.427150011063 0.855721950531
48066 48459 0.369247198105 0.781413078308
48161 48580 0.352453947067 0.753267049789
47847 48226 0.359828948975 0.773969888687
48219 48548 0.36244392395 0.767251968384
48083 48177 0.34117102623 0.65829706192
48427 48659 0.277767896652 0.63446187973
48356 48418 0.294163942337 0.604562044144
48320 48679 0.274303913116 0.64257311821
48569 48779 0.281824111938 0.620840072632
48393 48627 0.280497074127 0.645425081253
48277 48365 0.39971613884 0.742750167847
48376 48770 0.426826953888 0.856364965439
48433 48460 0.241918087006 0.551182985306
47875 48400 0.427709102631 0.850367069244
48327 48699 0.443661928177 0.820512056351
47957 48488 0.437272071838 0.873331069946
47777 48319 0.379030942917 0.80819106102
48030 48132 0.326135873795 0.649672031403
47895 48438 0.535571813583 0.992314815521
47912 48332 0.306632041931 0.711045026779
48294 48667 0.342821836472 0.750646829605
48027 48507 0.388671159744 0.793783187866
48710 48728 0.208133935928 0.512365818024
48190 48262 0.319324016571 0.627420902252
48203 48623 0.324796915054 0.751306056976
48176 48228 0.256999015808 0.562711000443
48092 48511 0.442436218262 0.80814909935
47851 48387 0.446686029434 0.925285816193
47845 48319 0.42241191864 0.834396839142
48234 48301 0.250009059906 0.535746097565
48053 48509 0.353506803513 0.715727806091
48138 48614 0.395806074142 0.784415006638
48099 48554 0.437206983566 0.848212003708
48006 48481 0.319619894028 0.691588878632
48404 48498 0.277328014374 0.605577945709
48147 48218 0.267947912216 0.5816218853
48099 48177 0.307250022888 0.609011888504
47846 48390 0.379396915436 0.787950992584
47933 48385 0.392553091049 0.793750047684
48410 48727 0.357187986374 0.705052137375
47872 48372 0.313667058945 0.708790063858
48494 48753 0.330108880997 0.674623012543
48071 48545 0.319926023483 0.695950984955
48422 48709 0.300113916397 0.679169893265
48196 48563 0.407347917557 0.795001029968
48339 48672 0.37110710144 0.747977972031
48630 48865 0.385598897934 0.738555908203
47895 48092 0.33025598526 0.659613132477
48561 48859 0.38981795311 0.816314935684
47984 48215 0.436919927597 0.8644490242
48559 48625 0.465731859207 0.831244945526
47915 48444 0.439301967621 0.869796991348
47943 48400 0.336457014084 0.737371921539
48394 48698 0.316684961319 0.673690080643
47853 48401 0.383099079132 0.861708164215
47934 48381 0.487802028656 0.989614009857
48086 48159 0.337171077728 0.671154022217
48179 48562 0.501554012299 0.976451873779
48149 48445 0.558022022247 1.00580310822
47914 48432 0.544910907745 1.00067901611
48966 49051 0.230922937393 0.542294979095
48477 48732 0.282392024994 0.629607915878
48072 48535 0.362695932388 0.747149944305
48396 48485 0.277170181274 0.581597089767
47788 48329 0.419271945953 0.842279911041
48059 48180 0.284585952759 0.662343025208
48515 48714 0.359158039093 0.762407064438
48358 48661 0.485170841217 0.927881002426
47826 48375 0.484165906906 0.918340921402
47801 48355 0.368839025497 0.788307189941
48074 48558 0.353897809982 0.761106967926
48097 48214 0.311686992645 0.648344039917
48348 48706 0.411998987198 0.804209947586
48486 48557 0.29171705246 0.601273059845
47791 48309 0.410192012787 0.841449022293
48377 48724 0.308145046234 0.695015907288
48031 48433 0.387965917587 0.799902915955
47889 48446 0.409801006317 0.848823070526
47963 48503 0.416928052902 0.858098983765
48251 48707 0.387466907501 0.830307006836
48048 48343 0.360715866089 0.748394966125
48040 48418 0.40049290657 0.799618005753
47805 48333 0.352291107178 0.773336172104
48214 48275 0.268346071243 0.567914009094
48014 48075 0.298022031784 0.601735830307
48456 48743 0.392009973526 0.785962820053
48123 48575 0.426890850067 0.859113931656
48341 48694 0.352816104889 0.72238612175
48234 48263 0.274325847626 0.576195955276
48077 48540 0.287693977356 0.678850889206
48644 48904 0.380583047867 0.765802145004
48274 48365 0.35680603981 0.688605070114
48620 48821 0.295298099518 0.645390033722
47914 48433 0.452294826508 0.899924993515
47923 48443 0.35685801506 0.769155979156
47908 48439 0.435927152634 0.879009008408
47957 48431 0.347512960434 0.76464509964
48147 48559 0.325552940369 0.706937074661
48513 48761 0.277453899384 0.637008905411
48538 48632 0.298542976379 0.621968984604
47810 48350 0.347037792206 0.768966913223
47787 48100 0.328755140305 0.711126089096
48410 48650 0.288251876831 0.63494682312
48176 48460 0.359684944153 0.73160982132
48140 48222 0.289215803146 0.598432779312
48194 48649 0.400516986847 0.840986013412
47885 48347 0.305613040924 0.736083030701
48288 48687 0.449538946152 0.849630117416
47779 48350 0.517627000809 0.999712944031
48711 48876 0.274676084518 0.615265130997
47870 48371 0.403284072876 0.862506866455
48013 48441 0.450618982315 0.884944915771
48037 48528 0.405483007431 0.873733043671
47825 48365 0.412523031235 0.897943019867
47917 48250 0.501332998276 0.990852117538
48258 48565 0.439373016357 0.867897033691
47841 48299 0.38717007637 0.798968076706
48227 48662 0.368096113205 0.75802397728
48040 48100 0.272229909897 0.570652008057
48183 48276 0.272422075272 0.57524394989
48230 48312 0.310189008713 0.648283004761
48915 49010 0.237551927567 0.563455820084
48483 48742 0.28614115715 0.636978149414
48349 48413 0.328485965729 0.641264915466
49038 49143 0.307966947556 0.644865036011
48367 48605 0.3501060009 0.747270107269
47970 48523 0.370193958282 0.766799926758
48066 48483 0.569267988205 1.09303402901
47836 48353 0.464184999466 0.949798822403
47854 48222 0.491886138916 0.882714986801
48495 48831 0.392754077911 0.762939929962
48337 48700 0.472708940506 0.933739900589
47846 48378 0.520205974579 0.953289985657
48164 48604 0.425843954086 0.901688814163
48664 48723 0.392381191254 0.752336978912
47951 48436 0.418863773346 0.790514945984
48402 48645 0.289397954941 0.632817029953
48719 48967 0.282606840134 0.625075817108
48136 48588 0.344115018845 0.709986925125
48707 48898 0.230232000351 0.555797100067
48003 48470 0.329565048218 0.700039148331
48149 48504 0.400429010391 0.786478996277
48230 48279 0.254027843475 0.538249969482
48068 48526 0.30696606636 0.712532043457
48237 48658 0.364784002304 0.788942098618
48216 48321 0.378102064133 0.73631811142
48148 48600 0.393388032913 0.786206960678
48085 48500 0.394160032272 0.778321027756
48456 48731 0.342042922974 0.717926025391
48212 48296 0.315989971161 0.675226926804
47838 48354 0.392241001129 0.818719863892
48489 48586 0.359663009644 0.742139816284
48392 48726 0.37199306488 0.706987142563
47973 48451 0.462553024292 0.864953994751
48518 48841 0.37167096138 0.749671936035
48142 48570 0.293032169342 0.653982162476
48147 48592 0.459230184555 0.850909233093
48099 48562 0.298784017563 0.670562028885
48674 48865 0.265169143677 0.584274053574
47923 48432 0.412097930908 0.819406986237
47841 48374 0.465973138809 0.89655995369
47877 48398 0.544216871262 1.03731393814
48183 48610 0.425934076309 0.861942052841
48051 48496 0.438359022141 0.877095937729
48114 48477 0.379200935364 0.764038085938
48590 48638 0.269840955734 0.551194906235
48123 48187 0.281059980392 0.568181991577
47888 48397 0.369640111923 0.77090215683
48220 48291 0.274830818176 0.567603826523
48034 48453 0.361816167831 0.76726102829
48150 48236 0.28719997406 0.578896045685
48186 48595 0.462620973587 0.860663890839
48259 48689 0.492092847824 0.934628009796
48081 48509 0.344568967819 0.7962038517
47825 48325 0.368762969971 0.763159990311
48319 48616 0.370842933655 0.787099838257
47981 48455 0.495048999786 0.952670097351
48102 48557 0.378348112106 0.788604021072
48163 48603 0.386307954788 0.813514947891
48233 48638 0.299906015396 0.65713596344
47759 48304 0.383614063263 0.847163915634
48228 48650 0.452965974808 0.855698823929
48469 48716 0.249979019165 0.572821140289
48112 48482 0.347455978394 0.718426942825
48293 48608 0.365699052811 0.750174045563
48206 48665 0.382776021957 0.766381978989
48179 48596 0.366551876068 0.759213924408
48683 48863 0.246541023254 0.573992967606
47985 48410 0.359203100204 0.811495065689
47673 48037 0.362825155258 0.782263040543
48515 48721 0.317546844482 0.668421030045
48496 48753 0.320842981339 0.656220912933
48099 48308 0.329905033112 0.684048175812
48227 48647 0.422372102737 0.849560022354
48018 48517 0.509078025818 0.959949970245
47713 48094 0.420702934265 0.79779791832
47905 48410 0.372767925262 0.765464067459
48334 48685 0.342223167419 0.732779026031
48445 48506 0.259674072266 0.557552099228
47735 48068 0.319740056992 0.69042301178
47801 48349 0.407871961594 0.820718050003
47982 48383 0.392431020737 0.82159614563
47940 48328 0.430796146393 0.892910003662
48135 48578 0.418054819107 0.891295909882
48004 48410 0.419852972031 0.856162071228
48047 48478 0.377175092697 0.823652029037
47687 48264 0.414777994156 0.835619926453
48501 48530 0.229747056961 0.514024019241
47745 48123 0.430322885513 0.806455850601
47831 48399 0.378190994263 0.79332113266
47916 48334 0.346538066864 0.739349126816
48507 48781 0.34218788147 0.687706947327
48007 48431 0.458721876144 0.872707843781
48078 48482 0.283375024796 0.648146867752
48031 48286 0.500710010529 0.939939975739
48445 48678 0.435482978821 0.830842018127
47942 48434 0.574146032333 1.05159711838
48368 48640 0.42872095108 0.832346916199
48089 48551 0.324588060379 0.690721035004
48101 48522 0.409574985504 0.818742990494
48449 48760 0.357146024704 0.70715713501
48130 48404 0.369170188904 0.737661123276
48534 48588 0.239399909973 0.524330854416
48021 48505 0.367741107941 0.757755994797
48179 48625 0.353208065033 0.747904062271
47860 48381 0.371181964874 0.783549785614
47949 48419 0.341828107834 0.726698160172
47920 48430 0.334552049637 0.727646112442
48122 48568 0.404860019684 0.807599067688
48321 48456 0.301034927368 0.619340896606
48241 48627 0.348551988602 0.719432115555
48177 48220 0.290974140167 0.58092212677
48333 48672 0.315567016602 0.660941839218
48535 48651 0.296288967133 0.62667298317
48090 48575 0.314028978348 0.761030912399
48353 48674 0.383437871933 0.760109901428
48169 48216 0.25754404068 0.541672945023
48094 48559 0.351635932922 0.86064696312
47927 48413 0.529284000397 0.973940134048
47822 48346 0.45122385025 0.930287837982
47749 48070 0.383246898651 0.80504989624
48083 48093 0.264065980911 0.566854000092
48162 48564 0.348284006119 0.732536077499
48486 48785 0.306874036789 0.690994977951
48226 48642 0.335345029831 0.721743822098
48077 48467 0.345197916031 0.741109848022
48246 48344 0.393052101135 0.717624187469
47921 48424 0.363318920135 0.776023864746
48335 48402 0.270746946335 0.589648962021
48425 48718 0.325875997543 0.696609973907
48148 48548 0.417053937912 0.820525884628
48046 48121 0.299754142761 0.606559991837
48130 48205 0.328308820724 0.660633802414
48221 48275 0.265799045563 0.571274995804
47930 48332 0.37989783287 0.785264015198
48537 48557 0.230490922928 0.5350689888
48038 48489 0.326420068741 0.714074134827
47865 48248 0.402662992477 0.819075107574
47920 48383 0.382117986679 0.795627117157
48340 48395 0.252796888351 0.55920791626
48559 48916 0.374821901321 0.793612957001
48166 48557 0.307705879211 0.710792064667
48269 48303 0.275140047073 0.578413009644
47894 48365 0.469174146652 0.906974077225
48160 48261 0.304548025131 0.634922981262
48105 48274 0.308102846146 0.663903951645
47749 48229 0.450981855392 0.889410972595
47948 48447 0.338867902756 0.753787994385
48174 48209 0.277498960495 0.57980298996
47903 48490 0.382381916046 0.823981046677
47753 48284 0.413763999939 0.853111982346
48146 48217 0.291517019272 0.634958028793
48191 48641 0.325758934021 0.719511032104
48033 48483 0.443218946457 0.878997087479
48440 48772 0.40340590477 0.821824073792
48524 48544 0.224035024643 0.525904893875
47776 48234 0.482263088226 0.91085100174
48208 48457 0.292166948318 0.664061069489
48355 48737 0.375037908554 0.79581785202
48026 48360 0.444665908813 0.866154909134
48456 48562 0.330487966537 0.684036016464
48115 48220 0.297716856003 0.615262985229
48097 48554 0.33230304718 0.73558807373
48806 48957 0.304996013641 0.656026124954
47817 48303 0.437581062317 0.879193067551
47859 48294 0.391237020493 0.818930864334
47751 48314 0.36785697937 0.80250787735
48287 48667 0.306694984436 0.72686290741
48402 48676 0.315359115601 0.674243927002
47988 48451 0.379442930222 0.799226045609
48164 48583 0.34871506691 0.744538068771
47911 48351 0.313915014267 0.729381084442
48098 48193 0.318002939224 0.696233034134
47843 48380 0.597630023956 1.11981487274
48103 48543 0.434392929077 0.905486822128
47947 48392 0.42476606369 0.928975105286
48203 48592 0.47549200058 0.99765586853
48096 48497 0.560898065567 1.09253501892
48218 48654 0.553064107895 0.983543157578
48260 48341 0.297811985016 0.63881611824
48365 48617 0.303122997284 0.656951904297
48133 48612 0.472249984741 0.949953794479
47767 48305 0.437340021133 0.891101121902
48648 48678 0.267673969269 0.635213136673
48474 48592 0.264606952667 0.659701824188
47909 48417 0.513257980347 0.939503908157
48789 48918 0.230037927628 0.566143989563
48170 48620 0.426875114441 0.820013999939
47868 48195 0.402199983597 0.845963001251
48488 48744 0.340693950653 0.69174695015
47924 48241 0.381931066513 0.777915000916
48449 48499 0.253966093063 0.559206962585
48470 48539 0.338438034058 0.673640012741
48020 48488 0.281726837158 0.669106006622
48374 48748 0.429920911789 0.933008909225
48503 48721 0.376081943512 0.736299991608
48033 48502 0.37806391716 0.802966833115
47713 48067 0.338036060333 0.735589981079
48279 48729 0.417612791061 0.826063871384
47756 48217 0.350434064865 0.756680011749
47969 48462 0.459110021591 0.900895118713
48247 48313 0.341432094574 0.655716180801
48096 48560 0.375441074371 0.767968177795
48482 48650 0.339037179947 0.709706068039
48292 48321 0.273833990097 0.577351808548
47923 48403 0.47468996048 0.917382955551
47873 48340 0.494445085526 0.938730955124
48028 48114 0.314695119858 0.646267175674
48268 48394 0.294807910919 0.656664848328
48052 48486 0.409541130066 0.87495803833
48045 48265 0.450923919678 0.890516042709
48076 48541 0.532679796219 0.99335694313
48046 48546 0.279863834381 0.665751934052
48219 48317 0.350096940994 0.669008970261
47741 48275 0.361406087875 0.795458078384
48608 48620 0.251224040985 0.590687990189
48194 48270 0.389830827713 0.739585876465
48420 48783 0.414204835892 0.860239028931
48099 48450 0.387002944946 0.888948917389
48467 48788 0.393254041672 0.830291986465
47921 48390 0.362020015717 0.771116018295
47979 48465 0.456145048141 0.976263046265
48209 48633 0.495885133743 0.955520153046
49003 49115 0.389184951782 0.728912115097
47938 48309 0.418303966522 0.808959007263
48180 48258 0.290668964386 0.585628986359
47965 48480 0.417952060699 0.841938018799
47895 48284 0.38723897934 0.805447101593
48085 48413 0.304996013641 0.684062004089
47858 48377 0.387640953064 0.817855834961
48695 48740 0.23167014122 0.556187152863
48430 48844 0.476300001144 0.958708047867
48310 48648 0.407744884491 0.84558391571
48526 48819 0.32600903511 0.793212890625
47994 48209 0.438313961029 0.855021953583
47996 48444 0.400449037552 0.814598083496
47889 48385 0.423985958099 0.834004878998
47829 48402 0.453361034393 0.910499095917
48122 48582 0.348704099655 0.732060194016
48585 48714 0.277307987213 0.608993053436
48175 48247 0.264382123947 0.57049703598
48392 48474 0.387146949768 0.751760005951
47758 48287 0.450090169907 0.922749042511
48056 48492 0.383980989456 0.80689907074
48370 48619 0.316982984543 0.695976018906
47817 48169 0.409255981445 0.850996017456
48102 48160 0.332002162933 0.660442113876
48667 48822 0.311074018478 0.695301055908
47996 48193 0.438259124756 0.839262008667
47896 48404 0.448734998703 0.911372900009
47883 48296 0.372237920761 0.765343904495
48695 48749 0.295756101608 0.646858930588
48746 48778 0.226654052734 0.510813951492
47947 48434 0.448609828949 0.895610809326
47997 48183 0.365290880203 0.705551862717
48159 48437 0.349336862564 0.734886884689
47800 48325 0.410716772079 0.838000774384
48103 48570 0.463927030563 0.849988937378
48642 48780 0.357264995575 0.69102191925
48247 48602 0.305943012238 0.658954143524
48064 48483 0.425247907639 0.839452981949
48698 48752 0.222999095917 0.516527175903
48194 48511 0.391207933426 0.759804010391
48411 48532 0.4052298069 0.735432863235
48228 48651 0.344809055328 0.724533081055
48307 48645 0.288779973984 0.650631904602
48102 48537 0.434760093689 0.838048219681
48374 48605 0.375360965729 0.734574794769
48305 48700 0.309502124786 0.678288221359
48683 48924 0.280954837799 0.620754003525
48282 48758 0.369199037552 0.747783899307
48468 48606 0.283979892731 0.639950990677
47865 48086 0.335663080215 0.675109148026
48022 48097 0.274238824844 0.565095901489
48603 48887 0.357771873474 0.728056907654
48445 48681 0.299239873886 0.63946390152
48206 48632 0.299475908279 0.667741060257
48163 48214 0.329176902771 0.618000984192
48157 48556 0.420423984528 0.84133887291
48210 48574 0.285506010056 0.654283046722
47954 48456 0.494831800461 0.915498018265
48576 48870 0.30357503891 0.667814016342
48123 48556 0.332890033722 0.727152824402
47690 48175 0.365476131439 0.765963077545
47933 48438 0.381056070328 0.784778118134
48012 48097 0.278851985931 0.566476106644
48115 48442 0.396588087082 0.7879550457
48506 48753 0.301765918732 0.628465890884
48634 48718 0.349009037018 0.675800085068
48265 48371 0.321999073029 0.646649122238
48084 48518 0.354983091354 0.746025085449
48137 48240 0.284482002258 0.580043077469
47819 48290 0.44470500946 0.85897898674
48038 48479 0.322782039642 0.690807104111
48075 48567 0.310711860657 0.687563896179
48365 48687 0.306094884872 0.650742053986
48360 48736 0.34414100647 0.704010009766
48023 48484 0.33673286438 0.713440895081
48027 48480 0.459836006165 0.87331199646
47962 48528 0.360291004181 0.790356874466
48208 48594 0.33909201622 0.716569900513
48049 48440 0.370205163956 0.744037151337
48250 48325 0.277115106583 0.5700070858
47919 48444 0.392666101456 0.802259206772
48096 48536 0.312345981598 0.672492980957
48153 48593 0.423175096512 0.831886053085
48146 48594 0.327450037003 0.710247039795
47920 48352 0.349154949188 0.740237951279
48084 48443 0.376308202744 0.782541036606
47925 48431 0.419291973114 0.841549873352
48513 48544 0.260040998459 0.54381108284
48337 48721 0.329463005066 0.708250045776
48259 48674 0.341648101807 0.719509124756
48496 48710 0.251507997513 0.588317155838
48160 48604 0.342360973358 0.736144065857
48218 48292 0.274931907654 0.566015958786
48076 48387 0.344327926636 0.730914831161
48437 48780 0.371437072754 0.770574092865
48055 48505 0.305251121521 0.687198162079
47941 48161 0.34413599968 0.691284179688
48759 49022 0.345175027847 0.723453998566
48093 48152 0.263031959534 0.54488992691
47661 48032 0.317995071411 0.690455198288
47834 48362 0.359172105789 0.831787109375
47801 48310 0.326127052307 0.744799137115
48386 48697 0.416486024857 0.835533857346
48391 48650 0.289556980133 0.659779071808
48669 48913 0.283165931702 0.636564016342
48168 48374 0.368613004684 0.750777006149
47912 48395 0.288414955139 0.674027919769
47996 48225 0.350929021835 0.718811988831
48230 48640 0.409331083298 0.842758893967
48615 48805 0.301876068115 0.655102968216
48243 48632 0.32919383049 0.735129833221
48176 48593 0.335704088211 0.811455011368
47967 48460 0.381235122681 0.840001106262
48211 48593 0.452355861664 0.985785007477
48809 48866 0.25092291832 0.617769002914
48314 48708 0.353656053543 0.796000003815
48157 48321 0.386106014252 0.739245891571
47780 48332 0.469671010971 0.912859916687
47847 48387 0.430970191956 0.862905025482
47887 48404 0.381418943405 0.801455974579
48586 48677 0.231818914413 0.5596139431
48113 48200 0.287348031998 0.614001989365
48622 48752 0.272916078568 0.619277000427
48104 48409 0.312788963318 0.716253042221
48295 48363 0.289892196655 0.600776195526
48274 48637 0.349945068359 0.714555978775
48426 48789 0.395921945572 0.818326950073
48536 48549 0.24035692215 0.575747013092
48056 48404 0.459294080734 0.916846036911
48270 48616 0.399132966995 0.796635866165
48649 48987 0.349927902222 0.752686977386
48838 49010 0.233711004257 0.55735707283
48131 48232 0.271661043167 0.591046094894
47919 48358 0.430893182755 0.828573226929
48099 48303 0.383588075638 0.73160815239
48106 48394 0.311298847198 0.67392706871
48242 48381 0.356239795685 0.673202991486
48131 48554 0.315447092056 0.699344873428
48755 48961 0.317637205124 0.64906001091
48289 48341 0.275029182434 0.566803216934
47951 48161 0.401843070984 0.7483959198
48270 48522 0.466583967209 0.8444480896
48092 48549 0.280352115631 0.642183065414
48158 48523 0.371989011765 0.754218101501
48073 48532 0.311733007431 0.674242973328
47978 48172 0.405060052872 0.833549976349
48090 48534 0.401082038879 0.777842998505
48600 48806 0.371141910553 0.71589589119
48613 48847 0.279743909836 0.602896928787
47991 48488 0.516078948975 0.92618393898
47814 48290 0.342054128647 0.727024078369
48309 48322 0.282467126846 0.565937995911
48047 48508 0.361754894257 0.742663860321
48005 48475 0.411920070648 0.786898136139
48066 48185 0.355178117752 0.674077033997
48288 48668 0.40393614769 0.793439149857
48025 48364 0.326635122299 0.703463077545
48011 48098 0.277159929276 0.567039012909
47884 48423 0.36182808876 0.773997068405
48408 48630 0.284583806992 0.613580942154
48403 48639 0.328747987747 0.664663076401
48106 48512 0.312587976456 0.697146892548
47682 48226 0.337018013 0.736207008362
47813 48257 0.323376893997 0.712342977524
48177 48578 0.282521009445 0.657001018524
48180 48624 0.340288877487 0.73770403862
48479 48738 0.284329891205 0.600921869278
48078 48401 0.332943916321 0.717198848724
47857 48374 0.444282054901 0.870620012283
47784 48109 0.333662986755 0.700453042984
48101 48565 0.435873985291 0.846816062927
48086 48174 0.280606985092 0.582815170288
47985 48373 0.353456020355 0.75041103363
48446 48465 0.238320112228 0.519458055496
48213 48626 0.375539064407 0.788794994354
47569 47931 0.350396871567 0.72394990921
48034 48085 0.272140979767 0.558722019196
48218 48244 0.254110813141 0.534353971481
48510 48789 0.311732053757 0.667060136795
48041 48189 0.369493961334 0.688649892807
48392 48469 0.261210918427 0.566118955612
48206 48285 0.256567001343 0.572693109512
48098 48453 0.392066001892 0.780705928802
47903 48406 0.44054889679 0.860800981522
48150 48524 0.423633098602 0.828817129135
48636 48851 0.317088127136 0.657428979874
48207 48277 0.254052877426 0.539942026138
48179 48236 0.262476921082 0.547693967819
47956 48385 0.362489938736 0.767820835114
48105 48539 0.284924983978 0.647749900818
48188 48234 0.259106874466 0.541590929031
48087 48590 0.354365110397 0.763247013092
48451 48704 0.286885023117 0.605418920517
48110 48531 0.28099489212 0.657835960388
48105 48578 0.437057971954 0.824970960617
47942 48302 0.395678043365 0.77879691124
48168 48183 0.249696969986 0.530179023743
47954 48181 0.335452079773 0.682990074158
48790 48809 0.269702911377 0.557024002075
48480 48791 0.310878992081 0.648661851883
48166 48562 0.289339065552 0.664968013763
48342 48667 0.395991802216 0.780855894089
48322 48376 0.282557010651 0.572245836258
48381 48578 0.257364988327 0.577287912369
48209 48318 0.277268886566 0.570600986481
48084 48518 0.27232503891 0.628295183182
48370 48657 0.347981929779 0.70686006546
48062 48101 0.28386592865 0.56544303894
47966 48425 0.292526960373 0.655227899551
47932 48453 0.367080926895 0.773726940155
48166 48172 0.270148992538 0.549974918365
48012 48465 0.418083906174 0.802891969681
48245 48288 0.267863035202 0.552646160126
48623 48987 0.351090908051 0.756777763367
48277 48360 0.263776063919 0.555783033371
48094 48539 0.467843055725 0.95881485939
48593 48891 0.556742191315 1.08461022377
47885 48408 0.587609052658 1.08490490913
48274 48332 0.25638794899 0.556928873062
48119 48439 0.317260026932 0.72314119339
48759 48774 0.253073215485 0.555936098099
48421 48652 0.325667858124 0.722223043442
48107 48592 0.421542882919 0.841286897659
48114 48557 0.441566944122 0.857753992081
48033 48105 0.282466888428 0.594599962234
48001 48458 0.427932977676 0.898876905441
48223 48600 0.455754995346 0.93217420578
48292 48372 0.391494989395 0.790786981583
48255 48673 0.388963937759 0.864381074905
47752 48307 0.387903928757 0.857583045959
48347 48373 0.266710996628 0.598114013672
48111 48583 0.421057939529 0.847548961639
47982 48487 0.479508161545 0.892693042755
47915 48402 0.333935976028 0.708508968353
48073 48174 0.309770107269 0.663213968277
47834 48371 0.534911155701 1.03045916557
48332 48384 0.294103860855 0.583472013474
48300 48330 0.247794866562 0.53299498558
47880 48383 0.383450031281 0.783380031586
48275 48649 0.45044708252 0.840698957443
48031 48338 0.374481916428 0.75159406662
48004 48453 0.385648012161 0.766069173813
47961 48458 0.300082921982 0.68937587738
47976 48491 0.474852085114 0.91073513031
48176 48577 0.382418870926 0.779074907303
48089 48379 0.352616071701 0.730320930481
47947 48398 0.489613056183 0.937865018845
48558 48814 0.251482963562 0.62544298172
47915 48379 0.473136901855 0.884280920029
48441 48604 0.338685035706 0.702094078064
48842 48886 0.290881872177 0.617722988129
47959 48461 0.352116107941 0.767556190491
47988 48499 0.437795877457 0.874014854431
48428 48743 0.338230848312 0.750705957413
48505 48733 0.477782011032 0.861783027649
47950 48458 0.337735891342 0.733675956726
48143 48208 0.25331401825 0.533357143402
47970 48392 0.339395046234 0.749484062195
48135 48455 0.40482211113 0.784350156784
48674 48873 0.319046974182 0.63919210434
48113 48132 0.273880958557 0.552628040314
47921 48362 0.399757862091 0.782722949982
47955 48432 0.396977901459 0.839187860489
