0.0 0.0 0.0120000839233 0.0130000114441
0.0 0.0 0.0090000629425 0.0090000629425
0.0 0.0 0.0139999389648 0.0149998664856
0.0 0.0 0.00999999046326 0.00999999046326
0.0 0.0 0.00699996948242 0.00800013542175
0.0 0.0 0.00699996948242 0.00699996948242
0.0 0.0 0.00800013542175 0.00800013542175
0.0 0.0 0.00699996948242 0.00699996948242
0.0 0.0 0.00399994850159 0.00500011444092
0.0 0.0 0.00799989700317 0.00899982452393
0.0 0.0 0.0090000629425 0.0090000629425
0.0 0.0 0.0110001564026 0.0120000839233
0.0 0.0 0.0140001773834 0.0150001049042
0.0 0.0 0.010999917984 0.0120000839233
0.0 0.0 0.0149998664856 0.0160000324249
0.0 0.0 0.010999917984 0.0119998455048
0.0 0.0 0.00699996948242 0.00699996948242
0.0 0.0 0.00899982452393 0.010999917984
0.0 0.0 0.00600004196167 0.00699996948242
0.0 0.0 0.00600004196167 0.00699996948242
0.0 0.0 0.00899982452393 0.00999999046326
0.0 0.0 0.00899982452393 0.00999999046326
0.0 0.0 0.00799989700317 0.00899982452393
0.0 0.0 0.0090000629425 0.0110001564026
0.0 0.0 0.0139999389648 0.0150001049042
0.0 0.0 0.00699996948242 0.00799989700317
0.0 0.0 0.00800013542175 0.0090000629425
0.0 0.0 0.00600004196167 0.00699996948242
0.0 0.0 0.00800013542175 0.00800013542175
0.0 0.0 0.00600004196167 0.00600004196167
0.0 0.0 0.00999999046326 0.00999999046326
0.0 0.0 0.010999917984 0.0120000839233
0.0 0.0 0.010999917984 0.010999917984
0.0 0.0 0.0090000629425 0.00999999046326
0.0 0.0 0.00999999046326 0.010999917984
0.0 0.0 0.0090000629425 0.00999999046326
0.0 0.0 0.0090000629425 0.00999999046326
0.0 0.0 0.00800013542175 0.00800013542175
0.0 0.0 0.00699996948242 0.00799989700317
0.0 0.0 0.007000207901 0.00800013542175
0.0 0.0 0.00600004196167 0.00600004196167
0.0 0.0 0.00499987602234 0.00499987602234
0.0 0.0 0.0090000629425 0.010999917984
0.0 0.0 0.0139999389648 0.0160000324249
0.0 0.0 0.00699996948242 0.00800013542175
0.0 0.0 0.00799989700317 0.00899982452393
0.0 0.0 0.00600004196167 0.00600004196167
0.0 0.0 0.00899982452393 0.00999999046326
0.0 0.0 0.00999999046326 0.00999999046326
0.0 0.0 0.00500011444092 0.00600004196167
0.0 0.0 0.00499987602234 0.00499987602234
0.0 0.0 0.00599980354309 0.00799989700317
0.0 0.0 0.00399994850159 0.00399994850159
0.0 0.0 0.00500011444092 0.00500011444092
0.0 0.0 0.0090000629425 0.0090000629425
0.0 0.0 0.00600004196167 0.007000207901
0.0 0.0 0.00999999046326 0.00999999046326
0.0 0.0 0.0139999389648 0.0169999599457
0.0 0.0 0.0130000114441 0.0139999389648
0.0 0.0 0.0110001564026 0.0120000839233
0.0 0.0 0.00799989700317 0.00799989700317
0.0 0.0 0.0119998455048 0.0119998455048
0.0 0.0 0.00800013542175 0.0110001564026
0.0 0.0 0.010999917984 0.010999917984
0.0 0.0 0.0119998455048 0.0130000114441
0.0 0.0 0.0160000324249 0.0169999599457
0.0 0.0 0.0120000839233 0.0139999389648
0.0 0.0 0.0120000839233 0.0130000114441
0.0 0.0 0.00899982452393 0.010999917984
0.0 0.0 0.00600004196167 0.00699996948242
0.0 0.0 0.00699996948242 0.00999999046326
0.0 0.0 0.0120000839233 0.0120000839233
0.0 0.0 0.010999917984 0.0130000114441
0.0 0.0 0.0160000324249 0.018000125885
0.0 0.0 0.0149998664856 0.0159997940063
0.0 0.0 0.0119998455048 0.0130000114441
0.0 0.0 0.0149998664856 0.0160000324249
0.0 0.0 0.010999917984 0.0130000114441
0.0 0.0 0.0199999809265 0.0210001468658
0.0 0.0 0.0160000324249 0.0169999599457
0.0 0.0 0.0139999389648 0.0139999389648
0.0 0.0 0.0190000534058 0.0190000534058
0.0 0.0 0.0199999809265 0.0209999084473
0.0 0.0 0.0149998664856 0.0160000324249
0.0 0.0 0.00799989700317 0.00999999046326
0.0 0.0 0.00999999046326 0.00999999046326
0.0 0.0 0.0090000629425 0.0090000629425
0.0 0.0 0.0130000114441 0.0150001049042
0.0 0.0 0.00899982452393 0.00899982452393
0.0 0.0 0.0119998455048 0.0119998455048
0.0 0.0 0.00399994850159 0.00499987602234
0.0 0.0 0.0120000839233 0.0130000114441
0.0 0.0 0.00800013542175 0.00999999046326
0.0 0.0 0.00800013542175 0.00800013542175
0.0 0.0 0.00999999046326 0.010999917984
0.0 0.0 0.0090000629425 0.00999999046326
0.0 0.0 0.0130000114441 0.0139999389648
0.0 0.0 0.0130000114441 0.0139999389648
0.0 0.0 0.00800013542175 0.00800013542175
0.0 0.0 0.0169999599457 0.0169999599457
0.0 0.0 0.0170001983643 0.018000125885
0.0 0.0 0.0190000534058 0.0199999809265
0.0 0.0 0.0199999809265 0.0209999084473
0.0 0.0 0.0159997940063 0.0179998874664
0.0 0.0 0.0139999389648 0.0139999389648
0.0 0.0 0.0119998455048 0.0139999389648
0.0 0.0 0.00800013542175 0.00800013542175
0.0 0.0 0.0130000114441 0.0159997940063
0.0 0.0 0.0100002288818 0.0120000839233
0.0 0.0 0.0209999084473 0.0220000743866
0.0 0.0 0.021999835968 0.0230000019073
0.0 0.0 0.0120000839233 0.0130000114441
0.0 0.0 0.00799989700317 0.00999999046326
0.0 0.0 0.00999999046326 0.00999999046326
0.0 0.0 0.00999999046326 0.0110001564026
0.0 0.0 0.00699996948242 0.00699996948242
0.0 0.0 0.0130000114441 0.0130000114441
0.0 0.0 0.0090000629425 0.00999999046326
0.0 0.0 0.00699996948242 0.00800013542175
0.0 0.0 0.00799989700317 0.00799989700317
0.0 0.0 0.00699996948242 0.00699996948242
0.0 0.0 0.0090000629425 0.0090000629425
0.0 0.0 0.00599980354309 0.00699996948242
0.0 0.0 0.00699996948242 0.00799989700317
0.0 0.0 0.00600004196167 0.00699996948242
0.0 0.0 0.00899982452393 0.010999917984
0.0 0.0 0.0230000019073 0.0239999294281
0.0 0.0 0.029000043869 0.0309998989105
0.0 0.0 0.0339999198914 0.0359997749329
0.0 0.0 0.0230000019073 0.0240001678467
0.0 0.0 0.0199999809265 0.0209999084473
0.0 0.0 0.0179998874664 0.0190000534058
0.0 0.0 0.0160000324249 0.0209999084473
0.0 0.0 0.0129997730255 0.0159997940063
0.0 0.0 0.0189998149872 0.0199999809265
0.0 0.0 0.0269999504089 0.0289998054504
0.0 0.0 0.0369999408722 0.0379998683929
0.0 0.0 0.0199999809265 0.0230000019073
0.0 0.0 0.0209999084473 0.0230000019073
0.0 0.0 0.0279998779297 0.0289998054504
0.0 0.0 0.0190000534058 0.0199999809265
0.0 0.0 0.0160000324249 0.0169999599457
0.0 0.0 0.0199999809265 0.0199999809265
0.0 0.0 0.0210001468658 0.0230000019073
0.0 0.0 0.0239999294281 0.029000043869
0.0 0.0 0.0380001068115 0.0410001277924
0.0 0.0 0.0139999389648 0.0150001049042
0.0 0.0 0.0230000019073 0.0239999294281
0.0 0.0 0.0210001468658 0.0220000743866
0.0 0.0 0.0150001049042 0.0160000324249
0.0 0.0 0.0299999713898 0.0329999923706
0.0 0.0 0.0240001678467 0.0250000953674
0.0 0.0 0.00999999046326 0.0130000114441
0.0 0.0 0.0090000629425 0.00999999046326
0.0 0.0 0.0129997730255 0.0139999389648
0.0 0.0 0.0149998664856 0.0160000324249
0.0 0.0 0.010999917984 0.0120000839233
0.0 0.0 0.0189998149872 0.0199999809265
0.0 0.0 0.029000043869 0.0299999713898
0.0 0.0 0.0139999389648 0.0139999389648
0.0 0.0 0.00899982452393 0.010999917984
0.0 0.0 0.0130000114441 0.0150001049042
0.0 0.0 0.0199999809265 0.0210001468658
0.0 0.0 0.021999835968 0.0230000019073
0.0 0.0 0.0119998455048 0.0119998455048
0.0 0.0 0.0119998455048 0.0129997730255
0.0 0.0 0.0120000839233 0.0120000839233
0.0 0.0 0.010999917984 0.010999917984
0.0 0.0 0.0090000629425 0.0090000629425
0.0 0.0 0.0090000629425 0.0090000629425
0.0 0.0 0.00899982452393 0.00999999046326
0.0 0.0 0.0119998455048 0.0119998455048
0.0 0.0 0.00799989700317 0.00799989700317
0.0 0.0 0.0150001049042 0.0150001049042
0.0 0.0 0.00999999046326 0.010999917984
0.0 0.0 0.00800013542175 0.0090000629425
0.0 0.0 0.00999999046326 0.00999999046326
0.0 0.0 0.0090000629425 0.00999999046326
0.0 0.0 0.0090000629425 0.0090000629425
0.0 0.0 0.00799989700317 0.00899982452393
0.0 0.0 0.0090000629425 0.0090000629425
0.0 0.0 0.0120000839233 0.0120000839233
0.0 0.0 0.00699996948242 0.00799989700317
0.0 0.0 0.00699996948242 0.00799989700317
0.0 0.0 0.00999999046326 0.0110001564026
0.0 0.0 0.00899982452393 0.00999999046326
0.0 0.0 0.00999999046326 0.010999917984
0.0 0.0 0.0090000629425 0.00999999046326
0.0 0.0 0.00699996948242 0.00799989700317
0.0 0.0 0.00999999046326 0.00999999046326
0.0 0.0 0.00800013542175 0.00800013542175
0.0 0.0 0.0090000629425 0.0090000629425
0.0 0.0 0.00799989700317 0.00999999046326
0.0 0.0 0.0190000534058 0.0239999294281
0.0 0.0 0.0369999408722 0.0420000553131
0.0 0.0 0.0090000629425 0.010999917984
0.0 0.0 0.0120000839233 0.0120000839233
0.0 0.0 0.00800013542175 0.00800013542175
0.0 0.0 0.0139999389648 0.0139999389648
0.0 0.0 0.0090000629425 0.0090000629425
0.0 0.0 0.00899982452393 0.0119998455048
0.0 0.0 0.0199999809265 0.0210001468658
0.0 0.0 0.0139999389648 0.0149998664856
0.0 0.0 0.0110001564026 0.0110001564026
0.0 0.0 0.00600004196167 0.00600004196167
0.0 0.0 0.0169999599457 0.0169999599457
0.0 0.0 0.0130000114441 0.0139999389648
0.0 0.0 0.0090000629425 0.00999999046326
0.0 0.0 0.00699996948242 0.00799989700317
0.0 0.0 0.0130000114441 0.0130000114441
0.0 0.0 0.0169999599457 0.0179998874664
0.0 0.0 0.0130000114441 0.0139999389648
0.0 0.0 0.0110001564026 0.0140001773834
0.0 0.0 0.00600004196167 0.00699996948242
0.0 0.0 0.0210001468658 0.0210001468658
0.0 0.0 0.0209999084473 0.021999835968
0.0 0.0 0.0110001564026 0.0120000839233
0.0 0.0 0.0160000324249 0.0169999599457
0.0 0.0 0.0230000019073 0.0239999294281
0.0 0.0 0.0160000324249 0.0160000324249
0.0 0.0 0.0090000629425 0.0090000629425
0.0 0.0 0.00699996948242 0.00799989700317
0.0 0.0 0.0139999389648 0.0139999389648
0.0 0.0 0.00999999046326 0.0110001564026
0.0 0.0 0.0139999389648 0.0149998664856
0.0 0.0 0.0150001049042 0.0160000324249
0.0 0.0 0.00699996948242 0.00799989700317
0.0 0.0 0.0120000839233 0.0130000114441
0.0 0.0 0.00999999046326 0.00999999046326
0.0 0.0 0.00699996948242 0.00799989700317
0.0 0.0 0.00800013542175 0.00800013542175
0.0 0.0 0.0129997730255 0.0139999389648
0.0 0.0 0.0199999809265 0.0209999084473
0.0 0.0 0.0220000743866 0.0230000019073
0.0 0.0 0.0160000324249 0.0160000324249
0.0 0.0 0.00799989700317 0.00999999046326
0.0 0.0 0.0110001564026 0.0120000839233
0.0 0.0 0.0179998874664 0.0190000534058
0.0 0.0 0.0139999389648 0.0150001049042
0.0 0.0 0.0209999084473 0.0239999294281
0.0 0.0 0.007000207901 0.007000207901
0.0 0.0 0.00999999046326 0.00999999046326
0.0 0.0 0.010999917984 0.0130000114441
0.0 0.0 0.0119998455048 0.0119998455048
0.0 0.0 0.00899982452393 0.00999999046326
0.0 0.0 0.0130000114441 0.0149998664856
0.0 0.0 0.00800013542175 0.00999999046326
0.0 0.0 0.0160000324249 0.0179998874664
0.0 0.0 0.0119998455048 0.0169999599457
0.0 0.0 0.0160000324249 0.0169999599457
0.0 0.0 0.0110001564026 0.0130000114441
0.0 0.0 0.0120000839233 0.0130000114441
0.0 0.0 0.0120000839233 0.0130000114441
0.0 0.0 0.0150001049042 0.0160000324249
0.0 0.0 0.0139999389648 0.0149998664856
0.0 0.0 0.010999917984 0.0130000114441
0.0 0.0 0.0130000114441 0.0169999599457
0.0 0.0 0.0130000114441 0.0139999389648
0.0 0.0 0.0140001773834 0.0150001049042
0.0 0.0 0.0160000324249 0.0160000324249
0.0 0.0 0.010999917984 0.0130000114441
0.0 0.0 0.0119998455048 0.0130000114441
0.0 0.0 0.00600004196167 0.00699996948242
0.0 0.0 0.0230000019073 0.0239999294281
0.0 0.0 0.0090000629425 0.0130000114441
0.0 0.0 0.0120000839233 0.0120000839233
0.0 0.0 0.00800013542175 0.0090000629425
0.0 0.0 0.00600004196167 0.00699996948242
0.0 0.0 0.00999999046326 0.0110001564026
0.0 0.0 0.00699996948242 0.00799989700317
0.0 0.0 0.00699996948242 0.00699996948242
0.0 0.0 0.00800013542175 0.00800013542175
0.0 0.0 0.0139999389648 0.0149998664856
0.0 0.0 0.0130000114441 0.0139999389648
0.0 0.0 0.0260000228882 0.0269999504089
0.0 0.0 0.0159997940063 0.0169999599457
0.0 0.0 0.0119998455048 0.0130000114441
0.0 0.0 0.0150001049042 0.0160000324249
0.0 0.0 0.0090000629425 0.0090000629425
0.0 0.0 0.0190000534058 0.0190000534058
0.0 0.0 0.00699996948242 0.00799989700317
0.0 0.0 0.00800013542175 0.0090000629425
0.0 0.0 0.00800013542175 0.00800013542175
0.0 0.0 0.0090000629425 0.00999999046326
0.0 0.0 0.0090000629425 0.00999999046326
0.0 0.0 0.00999999046326 0.010999917984
0.0 0.0 0.00899982452393 0.00899982452393
0.0 0.0 0.00999999046326 0.010999917984
0.0 0.0 0.0160000324249 0.0179998874664
0.0 0.0 0.0120000839233 0.0130000114441
0.0 0.0 0.0160000324249 0.0160000324249
0.0 0.0 0.00699996948242 0.00799989700317
0.0 0.0 0.00799989700317 0.0090000629425
0.0 0.0 0.00999999046326 0.010999917984
0.0 0.0 0.00799989700317 0.0090000629425
0.0 0.0 0.00999999046326 0.00999999046326
0.0 0.0 0.0120000839233 0.0120000839233
0.0 0.0 0.0120000839233 0.0130000114441
0.0 0.0 0.0160000324249 0.0169999599457
0.0 0.0 0.00800013542175 0.0090000629425
0.0 0.0 0.010999917984 0.010999917984
0.0 0.0 0.00800013542175 0.0090000629425
0.0 0.0 0.0090000629425 0.00999999046326
0.0 0.0 0.00799989700317 0.010999917984
0.0 0.0 0.00999999046326 0.00999999046326
0.0 0.0 0.0190000534058 0.0209999084473
0.0 0.0 0.0090000629425 0.00999999046326
0.0 0.0 0.0120000839233 0.0140001773834
0.0 0.0 0.00999999046326 0.00999999046326
0.0 0.0 0.010999917984 0.0119998455048
0.0 0.0 0.0110001564026 0.0120000839233
0.0 0.0 0.0090000629425 0.0090000629425
0.0 0.0 0.00600004196167 0.00699996948242
0.0 0.0 0.0139999389648 0.0149998664856
0.0 0.0 0.00800013542175 0.0090000629425
0.0 0.0 0.0139999389648 0.0139999389648
0.0 0.0 0.0160000324249 0.0170001983643
0.0 0.0 0.0090000629425 0.00999999046326
0.0 0.0 0.00999999046326 0.0120000839233
0.0 0.0 0.00699996948242 0.00799989700317
0.0 0.0 0.010999917984 0.010999917984
0.0 0.0 0.00999999046326 0.0110001564026
0.0 0.0 0.0090000629425 0.00999999046326
0.0 0.0 0.0110001564026 0.0110001564026
0.0 0.0 0.0160000324249 0.0160000324249
0.0 0.0 0.0090000629425 0.0119998455048
0.0 0.0 0.00699996948242 0.00799989700317
0.0 0.0 0.00999999046326 0.00999999046326
0.0 0.0 0.0090000629425 0.00999999046326
0.0 0.0 0.00699996948242 0.00799989700317
0.0 0.0 0.0110001564026 0.0110001564026
0.0 0.0 0.0120000839233 0.0120000839233
0.0 0.0 0.00999999046326 0.010999917984
0.0 0.0 0.0110001564026 0.0120000839233
0.0 0.0 0.00799989700317 0.00999999046326
0.0 0.0 0.010999917984 0.010999917984
0.0 0.0 0.00999999046326 0.010999917984
0.0 0.0 0.0090000629425 0.00999999046326
0.0 0.0 0.00699996948242 0.00799989700317
0.0 0.0 0.0090000629425 0.00999999046326
0.0 0.0 0.00600004196167 0.007000207901
0.0 0.0 0.010999917984 0.0120000839233
0.0 0.0 0.00799989700317 0.00799989700317
0.0 0.0 0.0090000629425 0.00999999046326
0.0 0.0 0.0140001773834 0.0150001049042
0.0 0.0 0.00699996948242 0.00799989700317
0.0 0.0 0.0130000114441 0.0140001773834
0.0 0.0 0.00699996948242 0.00799989700317
0.0 0.0 0.0090000629425 0.0090000629425
0.0 0.0 0.00600004196167 0.00699996948242
0.0 0.0 0.00600004196167 0.00699996948242
0.0 0.0 0.00999999046326 0.00999999046326
0.0 0.0 0.0110001564026 0.0120000839233
0.0 0.0 0.010999917984 0.0119998455048
0.0 0.0 0.00699996948242 0.00799989700317
0.0 0.0 0.00699996948242 0.00799989700317
0.0 0.0 0.0090000629425 0.0090000629425
0.0 0.0 0.00600004196167 0.00600004196167
0.0 0.0 0.00999999046326 0.00999999046326
0.0 0.0 0.00600004196167 0.00600004196167
0.0 0.0 0.00999999046326 0.0110001564026
0.0 0.0 0.00699996948242 0.00699996948242
0.0 0.0 0.00799989700317 0.0090000629425
0.0 0.0 0.00499987602234 0.00499987602234
0.0 0.0 0.0090000629425 0.0090000629425
0.0 0.0 0.00699996948242 0.00699996948242
0.0 0.0 0.00899982452393 0.00899982452393
0.0 0.0 0.0130000114441 0.0130000114441
0.0 0.0 0.00699996948242 0.00799989700317
0.0 0.0 0.00800013542175 0.0090000629425
0.0 0.0 0.00699996948242 0.00800013542175
0.0 0.0 0.00599980354309 0.00599980354309
0.0 0.0 0.0110001564026 0.0110001564026
0.0 0.0 0.00699996948242 0.00699996948242
0.0 0.0 0.00600004196167 0.00600004196167
0.0 0.0 0.00799989700317 0.00899982452393
0.0 0.0 0.00699996948242 0.00699996948242
0.0 0.0 0.00600004196167 0.010999917984
0.0 0.0 0.0130000114441 0.0130000114441
0.0 0.0 0.00699996948242 0.00800013542175
0.0 0.0 0.00600004196167 0.00600004196167
0.0 0.0 0.00899982452393 0.00899982452393
0.0 0.0 0.00899982452393 0.00999999046326
0.0 0.0 0.00699996948242 0.00699996948242
0.0 0.0 0.00600004196167 0.00600004196167
0.0 0.0 0.00600004196167 0.00600004196167
0.0 0.0 0.00699996948242 0.00800013542175
0.0 0.0 0.00999999046326 0.010999917984
0.0 0.0 0.0130000114441 0.0130000114441
0.0 0.0 0.00999999046326 0.00999999046326
0.0 0.0 0.00699996948242 0.00699996948242
0.0 0.0 0.00799989700317 0.0090000629425
0.0 0.0 0.00699996948242 0.00699996948242
0.0 0.0 0.00699996948242 0.00799989700317
0.0 0.0 0.00800013542175 0.0090000629425
0.0 0.0 0.00499987602234 0.00499987602234
0.0 0.0 0.00699996948242 0.00699996948242
0.0 0.0 0.0090000629425 0.00999999046326
0.0 0.0 0.00600004196167 0.00699996948242
0.0 0.0 0.00999999046326 0.0110001564026
0.0 0.0 0.00699996948242 0.00799989700317
0.0 0.0 0.0150001049042 0.0169999599457
0.0 0.0 0.0240001678467 0.0250000953674
0.0 0.0 0.00800013542175 0.0090000629425
0.0 0.0 0.0120000839233 0.0120000839233
0.0 0.0 0.00500011444092 0.00800013542175
0.0 0.0 0.00999999046326 0.010999917984
0.0 0.0 0.0139999389648 0.0139999389648
0.0 0.0 0.010999917984 0.0119998455048
0.0 0.0 0.0120000839233 0.0120000839233
0.0 0.0 0.018000125885 0.018000125885
0.0 0.0 0.0090000629425 0.0090000629425
0.0 0.0 0.0139999389648 0.0149998664856
0.0 0.0 0.0160000324249 0.018000125885
0.0 0.0 0.0119998455048 0.0139999389648
0.0 0.0 0.010999917984 0.0119998455048
0.0 0.0 0.010999917984 0.0119998455048
0.0 0.0 0.0110001564026 0.0130000114441
0.0 0.0 0.0090000629425 0.00999999046326
0.0 0.0 0.0090000629425 0.00999999046326
0.0 0.0 0.00899982452393 0.00899982452393
0.0 0.0 0.0090000629425 0.0090000629425
0.0 0.0 0.010999917984 0.0130000114441
0.0 0.0 0.0169999599457 0.018000125885
0.0 0.0 0.00799989700317 0.00899982452393
0.0 0.0 0.00699996948242 0.00699996948242
0.0 0.0 0.00799989700317 0.00999999046326
0.0 0.0 0.0120000839233 0.0120000839233
0.0 0.0 0.0090000629425 0.0090000629425
0.0 0.0 0.00699996948242 0.0090000629425
0.0 0.0 0.00699996948242 0.00699996948242
0.0 0.0 0.00699996948242 0.00699996948242
0.0 0.0 0.0119998455048 0.0130000114441
0.0 0.0 0.0159997940063 0.0169999599457
0.0 0.0 0.0199999809265 0.0220000743866
0.0 0.0 0.00799989700317 0.0090000629425
0.0 0.0 0.00999999046326 0.010999917984
0.0 0.0 0.00800013542175 0.0090000629425
0.0 0.0 0.0130000114441 0.0139999389648
0.0 0.0 0.0119998455048 0.0130000114441
0.0 0.0 0.0130000114441 0.0130000114441
0.0 0.0 0.0120000839233 0.0130000114441
0.0 0.0 0.00799989700317 0.0090000629425
0.0 0.0 0.0119998455048 0.0119998455048
0.0 0.0 0.00999999046326 0.0110001564026
0.0 0.0 0.0139999389648 0.0149998664856
0.0 0.0 0.00599980354309 0.00699996948242
0.0 0.0 0.00699996948242 0.00699996948242
0.0 0.0 0.00799989700317 0.00799989700317
0.0 0.0 0.0169999599457 0.0169999599457
0.0 0.0 0.0090000629425 0.0090000629425
0.0 0.0 0.0139999389648 0.0149998664856
0.0 0.0 0.00999999046326 0.00999999046326
0.0 0.0 0.0090000629425 0.00999999046326
0.0 0.0 0.0110001564026 0.0120000839233
0.0 0.0 0.00699996948242 0.010999917984
0.0 0.0 0.007000207901 0.00800013542175
0.0 0.0 0.00699996948242 0.00699996948242
0.0 0.0 0.0120000839233 0.0120000839233
0.0 0.0 0.0110001564026 0.0110001564026
0.0 0.0 0.0169999599457 0.0169999599457
0.0 0.0 0.00800013542175 0.0090000629425
0.0 0.0 0.0090000629425 0.010999917984
0.0 0.0 0.0100002288818 0.0110001564026
0.0 0.0 0.0119998455048 0.0119998455048
0.0 0.0 0.0090000629425 0.0090000629425
0.0 0.0 0.0120000839233 0.0120000839233
0.0 0.0 0.0090000629425 0.0090000629425
0.0 0.0 0.0160000324249 0.0169999599457
0.0 0.0 0.0120000839233 0.0139999389648
0.0 0.0 0.00899982452393 0.00899982452393
0.0 0.0 0.0119998455048 0.0119998455048
0.0 0.0 0.00899982452393 0.00899982452393
0.0 0.0 0.00799989700317 0.00899982452393
0.0 0.0 0.0149998664856 0.0159997940063
0.0 0.0 0.010999917984 0.010999917984
0.0 0.0 0.0130000114441 0.0130000114441
0.0 0.0 0.0140001773834 0.0150001049042
0.0 0.0 0.0169999599457 0.0169999599457
0.0 0.0 0.00800013542175 0.00800013542175
0.0 0.0 0.0139999389648 0.0160000324249
0.0 0.0 0.0130000114441 0.0139999389648
0.0 0.0 0.0120000839233 0.0130000114441
0.0 0.0 0.00699996948242 0.00799989700317
0.0 0.0 0.0119998455048 0.0119998455048
0.0 0.0 0.0120000839233 0.0130000114441
0.0 0.0 0.0130000114441 0.0139999389648
0.0 0.0 0.0160000324249 0.0169999599457
0.0 0.0 0.0149998664856 0.0149998664856
0.0 0.0 0.00999999046326 0.00999999046326
0.0 0.0 0.0149998664856 0.0169999599457
0.0 0.0 0.0090000629425 0.0090000629425
0.0 0.0 0.010999917984 0.010999917984
0.0 0.0 0.0199999809265 0.0209999084473
0.0 0.0 0.0199999809265 0.0220000743866
0.0 0.0 0.0209999084473 0.021999835968
0.0 0.0 0.00800013542175 0.0090000629425
0.0 0.0 0.0110001564026 0.0120000839233
0.0 0.0 0.0090000629425 0.010999917984
0.0 0.0 0.0090000629425 0.00999999046326
0.0 0.0 0.00800013542175 0.00800013542175
0.0 0.0 0.0160000324249 0.0179998874664
0.0 0.0 0.0160000324249 0.0169999599457
0.0 0.0 0.0100002288818 0.0100002288818
0.0 0.0 0.00699996948242 0.00799989700317
0.0 0.0 0.0110001564026 0.0110001564026
0.0 0.0 0.00999999046326 0.010999917984
0.0 0.0 0.00800013542175 0.00800013542175
0.0 0.0 0.0090000629425 0.0090000629425
0.0 0.0 0.00699996948242 0.00699996948242
0.0 0.0 0.00800013542175 0.0090000629425
0.0 0.0 0.00800013542175 0.00800013542175
0.0 0.0 0.0139999389648 0.0149998664856
0.0 0.0 0.0150001049042 0.0160000324249
0.0 0.0 0.00999999046326 0.0110001564026
0.0 0.0 0.00899982452393 0.00999999046326
0.0 0.0 0.00899982452393 0.00999999046326
0.0 0.0 0.0090000629425 0.0090000629425
0.0 0.0 0.00899982452393 0.00999999046326
0.0 0.0 0.00899982452393 0.00899982452393
0.0 0.0 0.00999999046326 0.010999917984
0.0 0.0 0.0179998874664 0.0209999084473
0.0 0.0 0.0139999389648 0.0149998664856
0.0 0.0 0.007000207901 0.00800013542175
0.0 0.0 0.00999999046326 0.00999999046326
0.0 0.0 0.00600004196167 0.00699996948242
0.0 0.0 0.00999999046326 0.00999999046326
0.0 0.0 0.007000207901 0.00800013542175
0.0 0.0 0.00600004196167 0.00699996948242
0.0 0.0 0.00699996948242 0.00799989700317
0.0 0.0 0.00800013542175 0.0090000629425
0.0 0.0 0.0090000629425 0.00999999046326
0.0 0.0 0.00800013542175 0.0090000629425
0.0 0.0 0.0090000629425 0.00999999046326
0.0 0.0 0.00699996948242 0.00799989700317
0.0 0.0 0.0090000629425 0.0090000629425
0.0 0.0 0.00600004196167 0.00699996948242
0.0 0.0 0.00800013542175 0.00800013542175
0.0 0.0 0.00599980354309 0.00699996948242
0.0 0.0 0.00999999046326 0.00999999046326
0.0 0.0 0.00799989700317 0.0090000629425
0.0 0.0 0.00799989700317 0.0090000629425
0.0 0.0 0.00999999046326 0.010999917984
0.0 0.0 0.010999917984 0.0130000114441
0.0 0.0 0.0090000629425 0.00999999046326
0.0 0.0 0.00800013542175 0.00800013542175
0.0 0.0 0.00600004196167 0.00699996948242
0.0 0.0 0.00800013542175 0.0090000629425
0.0 0.0 0.00699996948242 0.00699996948242
0.0 0.0 0.0090000629425 0.0090000629425
0.0 0.0 0.00699996948242 0.00699996948242
0.0 0.0 0.0090000629425 0.00999999046326
0.0 0.0 0.00999999046326 0.00999999046326
0.0 0.0 0.0130000114441 0.0130000114441
0.0 0.0 0.00999999046326 0.0110001564026
0.0 0.0 0.00599980354309 0.00599980354309
0.0 0.0 0.00800013542175 0.0090000629425
0.0 0.0 0.00600004196167 0.00699996948242
0.0 0.0 0.00800013542175 0.00800013542175
0.0 0.0 0.00799989700317 0.00799989700317
0.0 0.0 0.00800013542175 0.00800013542175
0.0 0.0 0.00600004196167 0.00600004196167
0.0 0.0 0.00699996948242 0.00799989700317
0.0 0.0 0.00999999046326 0.00999999046326
0.0 0.0 0.0120000839233 0.0130000114441
0.0 0.0 0.00500011444092 0.00600004196167
0.0 0.0 0.00699996948242 0.00800013542175
0.0 0.0 0.00699996948242 0.00699996948242
0.0 0.0 0.00799989700317 0.00799989700317
0.0 0.0 0.00600004196167 0.00699996948242
0.0 0.0 0.00600004196167 0.007000207901
0.0 0.0 0.00699996948242 0.00699996948242
0.0 0.0 0.00699996948242 0.00699996948242
0.0 0.0 0.00600004196167 0.00600004196167
0.0 0.0 0.00600004196167 0.00600004196167
0.0 0.0 0.0090000629425 0.010999917984
0.0 0.0 0.00500011444092 0.00600004196167
0.0 0.0 0.00800013542175 0.0090000629425
0.0 0.0 0.00799989700317 0.0090000629425
0.0 0.0 0.0139999389648 0.0139999389648
0.0 0.0 0.0110001564026 0.0110001564026
0.0 0.0 0.00699996948242 0.00999999046326
0.0 0.0 0.00799989700317 0.0090000629425
0.0 0.0 0.00999999046326 0.010999917984
0.0 0.0 0.00799989700317 0.0090000629425
0.0 0.0 0.0130000114441 0.0130000114441
0.0 0.0 0.0130000114441 0.0139999389648
0.0 0.0 0.0160000324249 0.0169999599457
0.0 0.0 0.010999917984 0.010999917984
0.0 0.0 0.00699996948242 0.00699996948242
0.0 0.0 0.0120000839233 0.0120000839233
0.0 0.0 0.0090000629425 0.0090000629425
0.0 0.0 0.007000207901 0.007000207901
0.0 0.0 0.0119998455048 0.0119998455048
0.0 0.0 0.00699996948242 0.00799989700317
0.0 0.0 0.00500011444092 0.00500011444092
0.0 0.0 0.010999917984 0.0119998455048
0.0 0.0 0.0110001564026 0.0110001564026
0.0 0.0 0.00999999046326 0.010999917984
0.0 0.0 0.0160000324249 0.0170001983643
0.0 0.0 0.00899982452393 0.00999999046326
0.0 0.0 0.00899982452393 0.00999999046326
0.0 0.0 0.00799989700317 0.00999999046326
0.0 0.0 0.00799989700317 0.00799989700317
0.0 0.0 0.00999999046326 0.0110001564026
0.0 0.0 0.00699996948242 0.00799989700317
0.0 0.0 0.0090000629425 0.00999999046326
0.0 0.0 0.0090000629425 0.0090000629425
0.0 0.0 0.0090000629425 0.0090000629425
0.0 0.0 0.0090000629425 0.0120000839233
0.0 0.0 0.00799989700317 0.00899982452393
0.0 0.0 0.0160000324249 0.0170001983643
0.0 0.0 0.00999999046326 0.00999999046326
0.0 0.0 0.00799989700317 0.00899982452393
0.0 0.0 0.0120000839233 0.0130000114441
0.0 0.0 0.00999999046326 0.0110001564026
0.0 0.0 0.0130000114441 0.0139999389648
0.0 0.0 0.0090000629425 0.0090000629425
0.0 0.0 0.0169999599457 0.0169999599457
0.0 0.0 0.0140001773834 0.0150001049042
0.0 0.0 0.0150001049042 0.0160000324249
0.0 0.0 0.0230000019073 0.0239999294281
0.0 0.0 0.007000207901 0.007000207901
0.0 0.0 0.00699996948242 0.00799989700317
0.0 0.0 0.00800013542175 0.0090000629425
0.0 0.0 0.00999999046326 0.00999999046326
0.0 0.0 0.00600004196167 0.00699996948242
0.0 0.0 0.00800013542175 0.00800013542175
0.0 0.0 0.0090000629425 0.00999999046326
0.0 0.0 0.00999999046326 0.00999999046326
0.0 0.0 0.0090000629425 0.00999999046326
0.0 0.0 0.00799989700317 0.0090000629425
0.0 0.0 0.0130000114441 0.0149998664856
0.0 0.0 0.0130000114441 0.0140001773834
0.0 0.0 0.00999999046326 0.010999917984
0.0 0.0 0.00799989700317 0.0090000629425
0.0 0.0 0.00999999046326 0.010999917984
0.0 0.0 0.00699996948242 0.00699996948242
0.0 0.0 0.00999999046326 0.010999917984
0.0 0.0 0.00800013542175 0.00800013542175
0.0 0.0 0.0119998455048 0.0139999389648
0.0 0.0 0.00999999046326 0.010999917984
0.0 0.0 0.0090000629425 0.00999999046326
0.0 0.0 0.007000207901 0.007000207901
0.0 0.0 0.00899982452393 0.00899982452393
0.0 0.0 0.00499987602234 0.00599980354309
0.0 0.0 0.007000207901 0.00800013542175
0.0 0.0 0.00600004196167 0.00600004196167
0.0 0.0 0.0090000629425 0.0090000629425
0.0 0.0 0.00800013542175 0.00800013542175
0.0 0.0 0.00699996948242 0.00800013542175
0.0 0.0 0.00599980354309 0.00599980354309
0.0 0.0 0.00799989700317 0.00899982452393
0.0 0.0 0.007000207901 0.007000207901
0.0 0.0 0.00899982452393 0.010999917984
0.0 0.0 0.0090000629425 0.00999999046326
0.0 0.0 0.00799989700317 0.00799989700317
0.0 0.0 0.00800013542175 0.0090000629425
0.0 0.0 0.0090000629425 0.00999999046326
0.0 0.0 0.00699996948242 0.00800013542175
0.0 0.0 0.00699996948242 0.00799989700317
0.0 0.0 0.00800013542175 0.0090000629425
0.0 0.0 0.00699996948242 0.00799989700317
0.0 0.0 0.00600004196167 0.007000207901
0.0 0.0 0.00699996948242 0.00799989700317
0.0 0.0 0.0150001049042 0.0179998874664
0.0 0.0 0.00999999046326 0.00999999046326
0.0 0.0 0.00600004196167 0.00699996948242
0.0 0.0 0.0090000629425 0.0090000629425
0.0 0.0 0.00500011444092 0.00600004196167
0.0 0.0 0.0090000629425 0.00999999046326
0.0 0.0 0.00600004196167 0.00699996948242
0.0 0.0 0.00699996948242 0.00699996948242
0.0 0.0 0.010999917984 0.0119998455048
0.0 0.0 0.0090000629425 0.00999999046326
0.0 0.0 0.0119998455048 0.0130000114441
0.0 0.0 0.00799989700317 0.0090000629425
0.0 0.0 0.00899982452393 0.00999999046326
0.0 0.0 0.00999999046326 0.010999917984
0.0 0.0 0.00600004196167 0.00600004196167
0.0 0.0 0.00600004196167 0.00600004196167
0.0 0.0 0.00999999046326 0.010999917984
0.0 0.0 0.00800013542175 0.0090000629425
0.0 0.0 0.0110001564026 0.0120000839233
0.0 0.0 0.0120000839233 0.0130000114441
0.0 0.0 0.0130000114441 0.0140001773834
0.0 0.0 0.00799989700317 0.00899982452393
0.0 0.0 0.00699996948242 0.00800013542175
0.0 0.0 0.010999917984 0.010999917984
0.0 0.0 0.00800013542175 0.00800013542175
0.0 0.0 0.00799989700317 0.0090000629425
0.0 0.0 0.00699996948242 0.00699996948242
0.0 0.0 0.00400018692017 0.00400018692017
0.0 0.0 0.00799989700317 0.00799989700317
0.0 0.0 0.00799989700317 0.00799989700317
0.0 0.0 0.0120000839233 0.0120000839233
0.0 0.0 0.00800013542175 0.00999999046326
0.0 0.0 0.0100002288818 0.0110001564026
0.0 0.0 0.00600004196167 0.00600004196167
0.0 0.0 0.00699996948242 0.00799989700317
0.0 0.0 0.00699996948242 0.00800013542175
0.0 0.0 0.00899982452393 0.00899982452393
0.0 0.0 0.007000207901 0.00800013542175
0.0 0.0 0.00699996948242 0.00699996948242
0.0 0.0 0.00500011444092 0.00500011444092
0.0 0.0 0.007000207901 0.00800013542175
0.0 0.0 0.0139999389648 0.0139999389648
0.0 0.0 0.0150001049042 0.0160000324249
0.0 0.0 0.00600004196167 0.00699996948242
0.0 0.0 0.00800013542175 0.0090000629425
0.0 0.0 0.00699996948242 0.00799989700317
0.0 0.0 0.0090000629425 0.00999999046326
0.0 0.0 0.00699996948242 0.00699996948242
0.0 0.0 0.00699996948242 0.00799989700317
0.0 0.0 0.00699996948242 0.00699996948242
0.0 0.0 0.00799989700317 0.00899982452393
0.0 0.0 0.00699996948242 0.00799989700317
0.0 0.0 0.0090000629425 0.00999999046326
0.0 0.0 0.00699996948242 0.00699996948242
0.0 0.0 0.0230000019073 0.0250000953674
0.0 0.0 0.0120000839233 0.0120000839233
0.0 0.0 0.00800013542175 0.0090000629425
0.0 0.0 0.00999999046326 0.0110001564026
0.0 0.0 0.00999999046326 0.010999917984
0.0 0.0 0.00600004196167 0.00699996948242
0.0 0.0 0.0090000629425 0.0090000629425
0.0 0.0 0.00800013542175 0.00800013542175
0.0 0.0 0.0090000629425 0.00999999046326
0.0 0.0 0.00800013542175 0.00999999046326
0.0 0.0 0.00999999046326 0.0110001564026
0.0 0.0 0.0119998455048 0.0129997730255
0.0 0.0 0.0170001983643 0.018000125885
0.0 0.0 0.0130000114441 0.0139999389648
0.0 0.0 0.00699996948242 0.00699996948242
0.0 0.0 0.00999999046326 0.0110001564026
0.0 0.0 0.00599980354309 0.00599980354309
0.0 0.0 0.00799989700317 0.00799989700317
0.0 0.0 0.00699996948242 0.00799989700317
0.0 0.0 0.00699996948242 0.00799989700317
0.0 0.0 0.00600004196167 0.00600004196167
0.0 0.0 0.0130000114441 0.0130000114441
0.0 0.0 0.007000207901 0.00800013542175
0.0 0.0 0.00699996948242 0.00699996948242
0.0 0.0 0.00600004196167 0.00699996948242
0.0 0.0 0.007000207901 0.007000207901
0.0 0.0 0.00599980354309 0.00599980354309
0.0 0.0 0.00800013542175 0.0090000629425
0.0 0.0 0.00800013542175 0.0090000629425
0.0 0.0 0.00800013542175 0.0090000629425
0.0 0.0 0.00599980354309 0.00699996948242
0.0 0.0 0.00799989700317 0.00799989700317
0.0 0.0 0.00500011444092 0.00600004196167
0.0 0.0 0.00999999046326 0.00999999046326
0.0 0.0 0.00699996948242 0.00699996948242
0.0 0.0 0.0119998455048 0.0130000114441
0.0 0.0 0.00799989700317 0.00899982452393
0.0 0.0 0.00600004196167 0.00699996948242
0.0 0.0 0.00499987602234 0.00600004196167
0.0 0.0 0.00600004196167 0.00600004196167
0.0 0.0 0.00500011444092 0.00500011444092
0.0 0.0 0.00799989700317 0.00899982452393
0.0 0.0 0.00699996948242 0.00699996948242
0.0 0.0 0.00799989700317 0.00899982452393
0.0 0.0 0.00600004196167 0.007000207901
0.0 0.0 0.00899982452393 0.00899982452393
0.0 0.0 0.0139999389648 0.0149998664856
0.0 0.0 0.00999999046326 0.0120000839233
0.0 0.0 0.00699996948242 0.00699996948242
0.0 0.0 0.00699996948242 0.00699996948242
0.0 0.0 0.00999999046326 0.00999999046326
0.0 0.0 0.00600004196167 0.00600004196167
0.0 0.0 0.00899982452393 0.00999999046326
0.0 0.0 0.00699996948242 0.00799989700317
0.0 0.0 0.00699996948242 0.00699996948242
0.0 0.0 0.00600004196167 0.00600004196167
0.0 0.0 0.0130000114441 0.0139999389648
0.0 0.0 0.0090000629425 0.0090000629425
0.0 0.0 0.00699996948242 0.00799989700317
0.0 0.0 0.0110001564026 0.0120000839233
0.0 0.0 0.0120000839233 0.0120000839233
0.0 0.0 0.0090000629425 0.0090000629425
0.0 0.0 0.0090000629425 0.00999999046326
0.0 0.0 0.00699996948242 0.0090000629425
0.0 0.0 0.00999999046326 0.0110001564026
0.0 0.0 0.00999999046326 0.00999999046326
0.0 0.0 0.00699996948242 0.00699996948242
0.0 0.0 0.0190000534058 0.0190000534058
0.0 0.0 0.0230000019073 0.0230000019073
0.0 0.0 0.00599980354309 0.00799989700317
0.0 0.0 0.0090000629425 0.00999999046326
0.0 0.0 0.00799989700317 0.00999999046326
0.0 0.0 0.00800013542175 0.00800013542175
0.0 0.0 0.00999999046326 0.00999999046326
0.0 0.0 0.0090000629425 0.0090000629425
0.0 0.0 0.00899982452393 0.00999999046326
0.0 0.0 0.00699996948242 0.00699996948242
0.0 0.0 0.00600004196167 0.00600004196167
0.0 0.0 0.00799989700317 0.0090000629425
0.0 0.0 0.00799989700317 0.0090000629425
0.0 0.0 0.0130000114441 0.0139999389648
0.0 0.0 0.00500011444092 0.00600004196167
0.0 0.0 0.00699996948242 0.00800013542175
0.0 0.0 0.00799989700317 0.00799989700317
0.0 0.0 0.00799989700317 0.00899982452393
0.0 0.0 0.00800013542175 0.00800013542175
0.0 0.0 0.00600004196167 0.00600004196167
0.0 0.0 0.00799989700317 0.00899982452393
0.0 0.0 0.00699996948242 0.00800013542175
0.0 0.0 0.00599980354309 0.00599980354309
0.0 0.0 0.00799989700317 0.00799989700317
0.0 0.0 0.0090000629425 0.00999999046326
0.0 0.0 0.00899982452393 0.00899982452393
0.0 0.0 0.0179998874664 0.0179998874664
0.0 0.0 0.0090000629425 0.0090000629425
0.0 0.0 0.00999999046326 0.00999999046326
0.0 0.0 0.00699996948242 0.00699996948242
0.0 0.0 0.00999999046326 0.00999999046326
0.0 0.0 0.00699996948242 0.00800013542175
0.0 0.0 0.0090000629425 0.00999999046326
0.0 0.0 0.00799989700317 0.00799989700317
0.0 0.0 0.00999999046326 0.00999999046326
0.0 0.0 0.0139999389648 0.0159997940063
0.0 0.0 0.0090000629425 0.0100002288818
0.0 0.0 0.00799989700317 0.00799989700317
0.0 0.0 0.00799989700317 0.00899982452393
0.0 0.0 0.00800013542175 0.0090000629425
0.0 0.0 0.010999917984 0.010999917984
0.0 0.0 0.00999999046326 0.0110001564026
0.0 0.0 0.0090000629425 0.010999917984
0.0 0.0 0.010999917984 0.010999917984
0.0 0.0 0.0110001564026 0.0120000839233
0.0 0.0 0.00999999046326 0.0130000114441
0.0 0.0 0.0160000324249 0.0169999599457
0.0 0.0 0.0120000839233 0.0140001773834
0.0 0.0 0.0119998455048 0.0130000114441
0.0 0.0 0.00799989700317 0.00899982452393
0.0 0.0 0.0090000629425 0.0090000629425
0.0 0.0 0.0090000629425 0.00999999046326
0.0 0.0 0.00899982452393 0.00999999046326
0.0 0.0 0.00699996948242 0.00699996948242
0.0 0.0 0.00800013542175 0.00800013542175
0.0 0.0 0.00999999046326 0.010999917984
0.0 0.0 0.0090000629425 0.00999999046326
0.0 0.0 0.0120000839233 0.0130000114441
0.0 0.0 0.00699996948242 0.00699996948242
0.0 0.0 0.00800013542175 0.00800013542175
0.0 0.0 0.00600004196167 0.00600004196167
0.0 0.0 0.00600004196167 0.00600004196167
0.0 0.0 0.00799989700317 0.00799989700317
0.0 0.0 0.00699996948242 0.00799989700317
0.0 0.0 0.00699996948242 0.00799989700317
0.0 0.0 0.00600004196167 0.00699996948242
0.0 0.0 0.010999917984 0.0119998455048
0.0 0.0 0.0130000114441 0.0140001773834
0.0 0.0 0.0120000839233 0.0120000839233
0.0 0.0 0.00600004196167 0.00699996948242
0.0 0.0 0.0090000629425 0.00999999046326
0.0 0.0 0.00699996948242 0.00800013542175
0.0 0.0 0.00799989700317 0.00899982452393
0.0 0.0 0.00699996948242 0.00699996948242
0.0 0.0 0.00999999046326 0.010999917984
0.0 0.0 0.00999999046326 0.010999917984
0.0 0.0 0.00899982452393 0.00899982452393
0.0 0.0 0.0090000629425 0.0090000629425
0.0 0.0 0.00999999046326 0.010999917984
0.0 0.0 0.0130000114441 0.0130000114441
0.0 0.0 0.0170001983643 0.018000125885
0.0 0.0 0.010999917984 0.010999917984
0.0 0.0 0.0090000629425 0.0090000629425
0.0 0.0 0.00699996948242 0.00699996948242
0.0 0.0 0.00999999046326 0.010999917984
0.0 0.0 0.00699996948242 0.00799989700317
0.0 0.0 0.0120000839233 0.0130000114441
0.0 0.0 0.0120000839233 0.0130000114441
0.0 0.0 0.0130000114441 0.0139999389648
0.0 0.0 0.0110001564026 0.0120000839233
0.0 0.0 0.0090000629425 0.00999999046326
0.0 0.0 0.00999999046326 0.0120000839233
0.0 0.0 0.0090000629425 0.00999999046326
0.0 0.0 0.00499987602234 0.00600004196167
0.0 0.0 0.00599980354309 0.00599980354309
0.0 0.0 0.00600004196167 0.00600004196167
0.0 0.0 0.0120000839233 0.0130000114441
0.0 0.0 0.00499987602234 0.00499987602234
0.0 0.0 0.00799989700317 0.0090000629425
0.0 0.0 0.00999999046326 0.0119998455048
0.0 0.0 0.0110001564026 0.0110001564026
0.0 0.0 0.00600004196167 0.00799989700317
0.0 0.0 0.00800013542175 0.00800013542175
0.0 0.0 0.00799989700317 0.0090000629425
0.0 0.0 0.00799989700317 0.00799989700317
0.0 0.0 0.00600004196167 0.00600004196167
0.0 0.0 0.00699996948242 0.00799989700317
0.0 0.0 0.00800013542175 0.00800013542175
0.0 0.0 0.00899982452393 0.00899982452393
0.0 0.0 0.00799989700317 0.00899982452393
0.0 0.0 0.00899982452393 0.010999917984
0.0 0.0 0.0090000629425 0.0090000629425
0.0 0.0 0.00899982452393 0.00999999046326
0.0 0.0 0.00699996948242 0.00699996948242
0.0 0.0 0.00799989700317 0.00799989700317
0.0 0.0 0.00699996948242 0.00800013542175
0.0 0.0 0.00799989700317 0.00799989700317
0.0 0.0 0.00599980354309 0.00699996948242
0.0 0.0 0.010999917984 0.0120000839233
0.0 0.0 0.00599980354309 0.00699996948242
0.0 0.0 0.0139999389648 0.0139999389648
0.0 0.0 0.00799989700317 0.0090000629425
0.0 0.0 0.00799989700317 0.00899982452393
0.0 0.0 0.007000207901 0.007000207901
0.0 0.0 0.00499987602234 0.00499987602234
0.0 0.0 0.00600004196167 0.00699996948242
0.0 0.0 0.00800013542175 0.00800013542175
0.0 0.0 0.00899982452393 0.00899982452393
0.0 0.0 0.00799989700317 0.00799989700317
0.0 0.0 0.0139999389648 0.0149998664856
0.0 0.0 0.0120000839233 0.0139999389648
0.0 0.0 0.0090000629425 0.0100002288818
0.0 0.0 0.00799989700317 0.00799989700317
0.0 0.0 0.0090000629425 0.00999999046326
0.0 0.0 0.0090000629425 0.0090000629425
0.0 0.0 0.0090000629425 0.00999999046326
0.0 0.0 0.00799989700317 0.00799989700317
0.0 0.0 0.00799989700317 0.0090000629425
0.0 0.0 0.00699996948242 0.00699996948242
0.0 0.0 0.00699996948242 0.00699996948242
0.0 0.0 0.00899982452393 0.00899982452393
0.0 0.0 0.00899982452393 0.00999999046326
0.0 0.0 0.010999917984 0.010999917984
0.0 0.0 0.0130000114441 0.0130000114441
0.0 0.0 0.00699996948242 0.00699996948242
0.0 0.0 0.00799989700317 0.00799989700317
0.0 0.0 0.00600004196167 0.00699996948242
0.0 0.0 0.00699996948242 0.00800013542175
0.0 0.0 0.00799989700317 0.0090000629425
0.0 0.0 0.010999917984 0.0119998455048
0.0 0.0 0.00600004196167 0.00600004196167
0.0 0.0 0.00899982452393 0.00999999046326
0.0 0.0 0.0139999389648 0.0149998664856
0.0 0.0 0.0199999809265 0.021999835968
0.0 0.0 0.00999999046326 0.0110001564026
0.0 0.0 0.00899982452393 0.00899982452393
0.0 0.0 0.0090000629425 0.0090000629425
0.0 0.0 0.00799989700317 0.0090000629425
0.0 0.0 0.00899982452393 0.00899982452393
0.0 0.0 0.00600004196167 0.00699996948242
0.0 0.0 0.00600004196167 0.00600004196167
0.0 0.0 0.00600004196167 0.00600004196167
0.0 0.0 0.00800013542175 0.0090000629425
0.0 0.0 0.00600004196167 0.00699996948242
0.0 0.0 0.00799989700317 0.00999999046326
0.0 0.0 0.00800013542175 0.0090000629425
0.0 0.0 0.00999999046326 0.00999999046326
0.0 0.0 0.00699996948242 0.00800013542175
0.0 0.0 0.00600004196167 0.00699996948242
0.0 0.0 0.00500011444092 0.00600004196167
0.0 0.0 0.00799989700317 0.00799989700317
0.0 0.0 0.00800013542175 0.00800013542175
0.0 0.0 0.0090000629425 0.0090000629425
0.0 0.0 0.00600004196167 0.00600004196167
0.0 0.0 0.00999999046326 0.00999999046326
0.0 0.0 0.00999999046326 0.0119998455048
0.0 0.0 0.00999999046326 0.00999999046326
0.0 0.0 0.00699996948242 0.00800013542175
0.0 0.0 0.00699996948242 0.00699996948242
0.0 0.0 0.00799989700317 0.0090000629425
0.0 0.0 0.00799989700317 0.00799989700317
0.0 0.0 0.00600004196167 0.00600004196167
0.0 0.0 0.0090000629425 0.0090000629425
0.0 0.0 0.00699996948242 0.00799989700317
0.0 0.0 0.00600004196167 0.00600004196167
0.0 0.0 0.00699996948242 0.00800013542175
0.0 0.0 0.00499987602234 0.00499987602234
0.0 0.0 0.00699996948242 0.00699996948242
0.0 0.0 0.00800013542175 0.0090000629425
0.0 0.0 0.00699996948242 0.00699996948242
0.0 0.0 0.0140001773834 0.0150001049042
0.0 0.0 0.0090000629425 0.00999999046326
0.0 0.0 0.00699996948242 0.00699996948242
0.0 0.0 0.00800013542175 0.00800013542175
0.0 0.0 0.00499987602234 0.00600004196167
0.0 0.0 0.00799989700317 0.00799989700317
0.0 0.0 0.00600004196167 0.00600004196167
0.0 0.0 0.00600004196167 0.00699996948242
0.0 0.0 0.00699996948242 0.00800013542175
0.0 0.0 0.00600004196167 0.00699996948242
0.0 0.0 0.00800013542175 0.00800013542175
0.0 0.0 0.00999999046326 0.010999917984
0.0 0.0 0.00999999046326 0.0110001564026
0.0 0.0 0.00799989700317 0.00799989700317
0.0 0.0 0.00999999046326 0.0119998455048
0.0 0.0 0.00599980354309 0.00699996948242
0.0 0.0 0.00699996948242 0.00799989700317
0.0 0.0 0.007000207901 0.007000207901
0.0 0.0 0.010999917984 0.010999917984
0.0 0.0 0.00600004196167 0.00699996948242
0.0 0.0 0.00600004196167 0.00699996948242
0.0 0.0 0.00799989700317 0.00799989700317
0.0 0.0 0.00800013542175 0.00800013542175
0.0 0.0 0.00899982452393 0.00999999046326
