20
885294 885358 10.1192262173 80.6516911983
882439 892910 12.4018950462 89.4511070251
894321 894329 11.336220026 83.9746770859
885857 895653 10.9060781002 92.4899561405
889534 899227 12.0477530956 113.249047041
892608 896596 11.4316880703 88.3575229645
882378 892895 11.4792299271 87.9591450691
881106 891451 11.4570569992 85.1679780483
886171 895601 9.82808804512 85.0150620937
880664 886603 10.6056900024 85.568308115
882347 892765 12.3977079391 101.240659952
883751 894311 13.447480917 91.9447920322
883984 884783 11.2466220856 83.5809950829
893720 893805 9.36922192574 80.9734289646
892715 899995 10.8483841419 84.1356079578
893208 897173 10.0932738781 85.6105260849
882561 888749 12.168159008 93.2480528355
881153 891450 10.8081290722 86.3706228733
894063 894145 9.64709401131 84.1915690899
885235 885245 10.3355939388 84.3259329796
