4396
0 0 1 5
0 6 11 6
0 7 1 12
0 13 11 13
0 14 10 14
0 15 10 15
0 16 0 27
0 28 2 30
0 31 2 34
0 35 0 46
0 47 0 57
0 58 10 58
0 59 7 59
0 60 7 60
0 61 8 61
0 62 3 64
0 65 2 68
0 69 0 77
0 78 4 79
0 80 0 88
0 89 0 99
0 100 0 110
0 111 0 119
0 120 9 120
0 121 11 121
0 122 0 130
0 131 3 133
0 134 4 135
0 136 0 144
0 145 5 146
0 147 2 149
0 150 9 150
0 151 10 151
0 152 1 157
0 158 11 158
0 159 9 159
0 160 0 167
0 168 1 173
0 174 10 174
0 175 2 178
0 179 0 190
0 191 3 193
0 194 11 194
0 195 10 195
0 196 0 207
0 208 8 208
0 209 11 209
0 210 4 211
0 212 3 213
0 214 3 216
0 217 5 218
0 219 2 222
0 223 10 223
0 224 0 234
0 235 5 236
0 237 4 238
0 239 9 239
0 240 11 240
0 242 1 245
0 246 9 246
0 247 7 247
0 249 10 249
1 16 2 20
1 21 6 22
1 23 10 23
1 24 4 26
1 27 11 27
1 35 4 37
1 38 1 49
1 50 12 50
1 51 2 56
1 57 10 57
1 70 2 76
1 77 12 77
1 80 2 83
1 84 1 92
1 93 1 102
1 103 1 113
1 114 4 116
1 117 3 119
1 122 4 124
1 125 3 128
1 129 12 129
1 130 12 130
1 136 2 140
1 141 9 141
1 142 13 142
1 143 11 143
1 144 10 144
1 160 12 160
1 161 2 166
1 167 13 167
1 179 1 188
1 189 11 189
1 190 10 190
1 196 10 196
1 197 11 197
1 198 6 199
1 200 2 204
1 205 6 206
1 207 9 207
1 224 1 234
0 241 12 241
0 248 12 248
2 0 4 3
2 4 5 5
2 7 11 7
2 8 12 8
2 9 4 12
2 38 12 38
2 39 3 43
2 44 7 45
2 46 7 47
2 48 11 48
2 49 12 49
2 84 5 86
2 87 2 98
2 99 10 99
2 100 2 110
2 111 7 112
2 113 10 113
2 152 10 152
2 153 6 154
2 155 12 155
2 156 12 156
2 157 12 157
2 168 10 168
2 169 6 170
2 171 11 171
2 172 11 172
2 173 11 173
2 179 7 180
2 181 7 182
2 183 11 183
2 184 10 184
2 185 7 186
2 187 7 188
2 224 11 224
2 225 4 228
2 229 12 229
2 230 4 233
2 234 13 234
2 242 14 242
2 243 6 244
2 245 10 245
3 16 6 18
3 19 7 20
3 28 8 29
3 30 7 31
3 32 8 33
3 34 11 34
3 51 12 51
3 52 6 54
3 55 6 56
3 65 5 68
3 70 5 73
3 74 7 75
3 76 13 76
3 80 12 80
3 81 13 81
3 82 12 82
3 83 15 83
3 87 14 87
3 88 8 89
3 90 7 91
3 92 4 97
3 98 10 98
3 100 4 105
3 106 6 108
3 109 11 109
3 136 8 137
3 138 14 138
3 139 12 139
3 140 12 140
3 147 15 147
3 148 14 148
3 149 13 149
3 161 6 163
3 164 5 166
3 175 6 177
3 178 15 178
3 200 11 200
3 201 6 203
3 204 11 204
3 219 6 221
3 222 11 222
4 39 12 39
4 40 15 40
4 41 9 42
4 43 14 43
4 62 12 62
4 63 12 63
4 64 14 64
3 69 15 69
4 117 15 117
4 118 13 118
4 119 15 119
4 125 8 126
4 127 13 127
4 128 12 128
4 131 15 131
4 132 11 132
4 191 7 193
4 212 9 213
4 214 13 214
4 215 15 215
5 0 16 0
5 1 16 1
5 2 9 3
5 9 10 10
5 11 10 12
5 24 10 25
5 35 16 35
5 36 16 36
5 78 11 79
5 92 6 96
5 97 16 97
5 100 10 101
5 102 16 102
5 103 16 103
5 104 10 105
4 110 16 110
5 114 13 114
5 115 16 115
5 116 15 116
5 122 10 123
5 133 10 134
5 135 16 135
5 210 9 211
5 225 8 227
5 228 16 228
5 230 8 232
5 233 15 233
5 237 14 237
6 4 10 5
6 65 17 65
6 66 16 66
6 67 10 68
6 71 9 73
6 84 11 85
6 86 14 86
6 146 14 146
6 164 14 164
6 165 15 165
6 166 13 166
6 217 16 217
6 218 17 218
6 235 15 235
6 236 13 236
7 16 14 16
7 17 18 17
7 18 16 18
7 21 16 21
7 22 18 22
6 26 17 26
7 52 10 53
7 54 17 54
7 55 11 56
7 70 19 70
7 92 9 95
7 106 11 107
6 145 17 145
7 153 16 153
7 161 18 161
7 162 16 162
7 163 18 163
7 169 16 169
7 170 16 170
7 175 10 177
7 198 12 199
7 201 16 201
7 202 17 202
7 203 18 203
7 205 18 205
7 206 18 206
7 219 12 220
6 238 18 238
7 243 18 243
7 244 18 244
8 19 11 20
8 30 18 30
8 31 18 31
8 44 12 45
8 46 18 46
8 47 18 47
8 59 19 59
8 60 19 60
8 74 13 75
8 90 19 90
8 91 19 91
7 96 19 96
7 108 19 108
8 111 18 111
8 112 18 112
8 124 20 124
8 154 20 154
8 180 13 181
8 182 18 182
8 185 13 186
8 187 19 187
8 188 17 188
8 191 10 193
7 216 18 216
7 221 18 221
8 247 19 247
9 28 14 29
9 32 20 32
9 33 19 33
8 37 20 37
9 61 19 61
9 88 13 89
9 125 17 125
9 126 16 126
9 136 19 136
9 137 19 137
9 208 19 208
9 225 14 227
9 230 19 230
9 231 19 231
9 232 19 232
10 2 14 3
10 41 14 42
10 71 15 72
10 73 17 73
10 92 19 92
10 93 21 93
10 94 13 95
10 141 18 141
10 150 19 150
10 159 21 159
10 207 18 207
10 210 18 210
10 211 20 211
10 212 21 212
10 239 17 239
10 246 19 246
11 4 16 5
11 9 15 10
11 11 22 11
11 12 18 12
11 14 15 15
11 23 21 23
11 24 16 25
11 52 21 52
11 53 20 53
11 57 22 57
11 58 19 58
11 67 21 67
11 68 19 68
11 98 16 99
11 100 16 101
11 104 20 104
11 105 20 105
11 113 23 113
11 122 20 122
11 123 21 123
11 133 15 134
11 144 22 144
11 151 21 151
11 152 22 152
11 168 22 168
11 174 22 174
11 175 13 177
11 179 22 179
11 184 21 184
11 190 13 192
11 193 22 193
11 195 19 195
11 196 21 196
10 213 22 213
11 223 23 223
11 245 20 245
11 249 19 249
12 6 16 7
12 13 23 13
12 19 17 20
12 27 23 27
12 34 23 34
12 48 20 48
12 55 15 56
12 85 22 85
12 106 19 106
12 107 24 107
12 109 23 109
12 120 18 121
12 132 24 132
12 143 24 143
12 158 24 158
12 171 22 171
12 172 22 172
12 173 22 173
12 189 23 189
12 194 22 194
12 197 20 197
12 200 23 200
12 204 24 204
12 209 23 209
12 222 23 222
12 224 23 224
12 240 24 240
13 8 22 8
13 38 17 39
13 44 20 44
13 49 23 49
13 50 24 50
13 51 21 51
13 62 23 62
13 63 24 63
13 77 24 77
12 79 24 79
13 80 24 80
13 82 22 82
12 84 24 84
13 128 23 128
13 130 21 130
13 139 23 139
13 140 23 140
13 155 23 155
13 156 18 157
13 160 25 160
13 198 22 198
13 199 23 199
13 219 21 219
13 229 22 229
13 241 24 241
13 248 20 248
14 74 24 74
14 75 19 76
14 81 26 81
14 88 25 88
14 89 25 89
14 94 17 95
14 114 25 114
14 118 22 118
14 127 23 127
14 149 21 149
14 166 24 166
14 175 19 176
14 177 25 177
14 180 25 180
14 181 21 181
14 185 18 186
14 190 19 191
14 192 25 192
14 214 25 214
13 220 25 220
14 234 25 234
14 236 25 236
15 2 25 2
15 3 26 3
15 16 26 16
15 28 21 29
15 41 25 41
15 42 19 43
15 64 25 64
15 86 25 86
15 87 25 87
15 129 27 129
15 138 25 138
15 146 24 146
15 148 24 148
15 164 24 164
14 183 26 183
15 225 17 227
15 237 26 237
16 9 27 9
16 10 26 10
16 14 28 14
16 15 26 15
16 40 24 40
16 55 25 55
16 56 25 56
16 69 27 69
16 71 21 72
15 78 27 78
16 83 27 83
16 116 21 117
16 119 27 119
16 131 25 131
16 133 20 134
16 147 28 147
16 165 27 165
15 167 27 167
16 178 24 178
16 215 26 215
16 233 27 233
16 235 26 235
17 0 22 1
17 4 22 5
17 6 26 6
17 18 24 18
17 24 21 25
17 35 28 35
17 36 28 36
17 66 28 66
17 97 22 98
17 99 18 103
17 110 28 110
17 115 28 115
17 126 27 126
17 135 28 135
17 153 29 153
17 162 28 162
17 169 27 169
17 170 28 170
17 201 26 201
17 217 25 217
16 242 28 242
17 7 29 7
18 19 21 21
18 26 27 26
18 38 30 38
18 39 28 39
18 54 29 54
18 65 28 65
18 73 27 73
18 94 26 94
18 95 28 95
18 125 29 125
17 142 29 142
18 145 27 145
18 188 29 188
18 202 26 202
18 218 28 218
18 225 26 225
18 226 21 228
18 239 26 239
19 12 29 12
19 17 29 17
19 22 28 22
19 30 30 30
19 31 28 31
18 45 30 45
19 46 30 46
19 47 30 47
19 99 22 101
19 102 30 102
19 111 23 112
19 120 29 120
19 121 29 121
19 141 28 141
19 156 24 157
19 161 28 161
19 163 29 163
19 182 26 182
19 185 27 185
19 203 30 203
19 205 27 205
19 206 28 206
19 207 28 207
19 210 29 210
19 216 27 216
19 221 30 221
19 238 29 238
19 244 30 244
20 33 29 33
20 42 31 42
20 43 30 43
20 58 25 59
20 60 24 61
20 68 31 68
20 70 32 70
20 75 30 75
20 76 31 76
20 90 22 92
20 96 29 96
20 106 30 106
20 108 28 108
20 136 23 137
20 150 30 150
20 175 29 175
20 186 24 187
20 190 23 191
20 195 32 195
20 208 31 208
20 230 30 230
20 231 25 232
19 243 31 243
20 246 25 247
20 249 31 249
21 32 31 32
21 37 30 37
21 44 32 44
21 48 32 48
21 53 30 53
20 103 32 103
21 104 28 104
21 105 30 105
21 122 29 122
21 133 31 133
21 154 32 154
21 197 31 197
21 211 31 211
21 245 33 245
21 248 30 248
22 19 25 21
22 23 25 24
22 25 33 25
22 28 33 28
22 51 27 52
22 67 32 67
22 71 27 72
22 93 33 93
22 116 33 116
22 117 32 117
22 123 31 123
22 130 33 130
22 149 30 149
22 151 31 151
22 159 34 159
21 176 33 176
22 181 30 181
22 184 33 184
22 196 29 196
22 212 32 212
22 219 32 219
22 226 32 226
22 227 33 227
22 228 33 228
23 0 28 1
23 4 27 5
23 8 33 8
23 11 33 11
23 57 34 57
23 82 35 82
23 85 34 85
23 90 26 91
23 92 33 92
23 97 25 99
23 100 28 101
23 118 30 118
23 144 33 144
23 152 32 152
23 168 32 168
23 171 32 171
23 172 32 172
23 173 27 174
23 179 34 179
23 193 34 193
23 194 32 194
23 213 30 213
23 229 30 229
24 13 33 13
24 27 35 27
24 34 35 34
24 49 33 49
24 62 34 62
24 109 35 109
24 111 28 113
24 127 27 128
24 136 28 137
24 139 27 140
24 155 34 155
24 189 26 191
24 198 27 200
24 209 32 209
24 222 26 224
25 18 34 18
25 40 36 40
25 50 36 50
25 60 34 60
25 61 34 61
25 63 36 63
25 74 34 74
25 77 34 77
25 79 29 80
25 84 36 84
25 107 34 107
24 134 36 134
25 146 36 146
25 148 34 148
25 156 28 158
25 164 36 164
25 166 36 166
25 178 35 178
25 186 35 186
25 187 35 187
25 241 35 241
26 2 37 2
26 19 38 19
26 20 31 21
26 23 35 23
26 41 37 41
26 56 36 56
26 58 34 58
26 59 34 59
26 64 35 64
26 86 31 87
26 88 31 89
26 97 38 97
26 98 36 98
26 114 37 114
26 131 31 132
26 138 34 138
26 177 35 177
26 180 35 180
26 192 37 192
26 217 35 217
26 220 33 220
26 231 37 231
26 234 35 234
26 236 37 236
26 246 34 246
26 247 37 247
27 6 35 6
27 10 39 10
27 15 32 16
26 24 38 24
26 55 38 55
27 90 32 91
27 94 36 94
26 124 38 124
27 182 38 182
27 183 38 183
27 189 30 191
27 201 38 201
27 202 39 202
26 214 38 214
27 215 38 215
27 223 29 225
26 232 38 232
27 235 38 235
27 237 37 237
27 239 39 239
26 240 38 240
28 4 33 5
28 9 39 9
28 26 40 26
27 29 39 29
28 51 33 52
28 69 37 69
28 71 37 71
28 72 33 73
28 78 38 78
28 83 39 83
27 99 39 99
28 119 39 119
28 127 37 127
28 128 39 128
28 129 39 129
28 139 33 140
28 145 39 145
27 160 39 160
28 165 39 165
28 167 36 167
28 173 32 174
28 185 37 185
28 198 39 198
28 200 39 200
27 204 39 204
28 205 38 205
28 216 40 216
27 222 38 222
28 233 37 233
29 0 34 1
29 14 39 14
29 22 39 22
29 31 37 31
29 35 33 36
29 39 37 39
29 65 33 66
29 95 38 95
29 100 32 101
29 104 40 104
29 108 40 108
29 110 33 111
29 112 33 113
29 135 38 135
29 136 33 137
29 141 37 141
29 143 40 143
29 156 32 158
29 161 40 161
29 162 38 162
28 169 40 169
29 170 39 170
29 206 39 206
29 207 38 207
29 218 40 218
29 242 38 242
29 3 41 3
30 7 39 7
30 12 39 12
30 17 39 17
30 33 40 33
30 54 38 54
30 79 39 79
30 80 41 80
30 96 41 96
29 115 41 115
30 120 41 120
30 121 40 121
30 122 40 122
30 125 39 125
29 126 41 126
30 142 39 142
30 163 39 163
30 188 38 188
30 196 40 196
30 210 39 210
30 223 32 225
31 30 38 30
31 37 36 38
31 43 40 43
31 45 33 47
31 75 42 75
31 102 38 102
31 105 42 105
31 106 39 106
31 118 40 118
30 147 42 147
31 149 41 149
31 150 41 150
31 181 42 181
31 189 35 190
31 191 41 191
31 203 42 203
31 213 42 213
31 221 42 221
31 229 41 229
31 230 42 230
31 244 40 244
31 248 43 248
32 20 40 20
32 21 43 21
32 32 42 32
32 42 42 42
32 68 40 68
32 76 42 76
32 86 43 86
32 87 35 89
32 123 44 123
32 131 44 131
32 132 43 133
32 151 43 151
32 197 39 197
32 208 43 208
32 211 42 211
32 243 40 243
32 249 44 249
33 15 43 15
33 16 44 16
33 44 42 44
33 48 43 48
33 67 44 67
32 81 43 81
33 90 38 91
33 100 43 100
33 101 42 101
33 103 44 103
33 117 43 117
33 152 42 152
33 154 43 154
33 156 36 158
33 168 44 168
33 171 35 174
33 194 42 194
33 209 40 209
33 212 44 212
33 219 44 219
33 223 35 225
33 226 42 226
32 238 44 238
34 4 39 5
34 8 43 8
34 11 44 11
34 13 44 13
34 25 45 25
34 28 43 28
34 35 45 35
34 36 45 36
34 47 43 47
34 49 41 49
34 51 36 53
34 65 39 66
34 72 43 72
34 73 45 73
34 92 43 92
34 93 44 93
34 110 39 111
34 112 41 112
34 116 43 116
34 130 44 130
34 136 43 136
34 137 44 137
34 139 37 140
34 144 43 144
34 175 39 176
34 184 43 184
34 220 43 220
34 227 39 228
35 0 40 1
35 18 42 18
35 57 36 61
35 62 46 62
34 70 45 70
35 74 46 74
35 77 44 77
35 85 43 85
35 107 45 107
35 138 46 138
35 148 42 148
35 155 45 155
35 179 43 179
35 193 45 193
34 195 46 195
34 199 46 199
35 245 40 246
36 6 45 6
36 23 47 23
36 27 43 27
36 34 44 34
35 45 41 46
36 64 47 64
36 87 38 89
36 109 46 109
36 171 39 174
36 177 41 178
36 180 46 180
36 186 47 186
36 187 45 187
36 189 41 190
36 217 44 217
36 223 40 224
36 234 46 234
36 241 47 241
37 37 41 38
37 50 40 52
37 53 48 53
37 56 38 59
37 60 46 60
37 63 45 63
37 82 49 82
37 84 47 84
37 94 45 94
37 98 46 98
36 113 48 113
37 134 46 134
37 146 49 146
37 156 40 158
37 164 45 164
37 166 40 167
36 225 48 225
38 2 48 2
38 31 47 31
38 39 48 39
37 40 49 40
38 41 45 41
37 61 48 61
38 69 46 69
38 71 48 71
38 114 48 114
38 127 49 127
38 139 43 140
38 141 50 141
38 159 50 159
38 185 47 185
38 192 48 192
38 231 46 231
38 233 47 233
38 236 42 237
39 24 50 24
39 30 50 30
39 54 42 56
39 57 44 58
39 59 48 59
39 78 50 78
39 87 43 88
39 89 42 91
39 95 50 95
39 102 48 102
39 124 46 124
39 135 50 135
38 153 50 153
39 162 50 162
39 182 50 182
39 188 50 188
39 201 49 201
39 205 50 205
39 207 48 207
39 214 42 215
39 222 50 222
39 232 50 232
39 235 49 235
39 240 47 240
39 242 46 242
40 4 44 5
40 7 51 7
40 9 44 10
40 12 48 12
40 14 49 14
40 17 52 17
40 22 50 22
40 29 48 29
40 65 52 65
40 79 52 79
40 83 51 83
40 99 49 99
40 106 51 106
40 110 50 110
40 111 50 111
40 119 50 119
40 125 48 125
40 128 45 129
40 142 51 142
40 145 50 145
40 160 48 160
40 163 50 163
40 165 48 165
40 170 41 174
40 175 45 176
40 197 51 197
40 198 51 198
40 200 49 200
40 204 49 204
40 206 50 206
40 210 51 210
40 227 49 227
40 228 52 228
39 247 51 247
41 0 46 1
41 19 45 20
41 26 53 26
41 33 52 33
41 43 49 43
41 50 44 52
41 68 50 68
41 104 51 104
41 108 49 108
41 121 45 122
41 156 45 157
41 161 51 161
41 167 52 167
41 169 48 169
40 183 52 183
41 196 50 196
41 209 53 209
41 218 49 218
41 223 46 224
40 239 52 239
41 243 52 243
41 244 43 246
42 3 53 3
42 37 52 37
42 38 52 38
42 45 53 45
42 46 52 46
42 49 50 49
42 80 50 80
42 96 52 96
42 112 53 112
42 115 52 115
42 120 51 120
42 126 52 126
42 149 53 149
42 150 53 150
41 158 53 158
41 166 52 166
42 170 47 171
42 172 47 173
42 177 53 177
42 178 51 178
42 189 53 189
42 190 53 190
42 191 53 191
42 229 50 229
43 18 54 18
43 42 53 42
43 44 53 44
43 54 47 55
42 66 52 66
43 75 47 76
43 90 54 90
43 91 53 91
43 97 55 97
43 101 51 101
43 105 54 105
42 118 54 118
43 147 54 147
43 148 52 148
43 152 51 152
43 181 54 181
43 194 54 194
43 202 46 203
43 211 52 211
43 213 47 214
43 215 47 216
43 221 53 221
43 226 51 226
43 230 53 230
43 236 48 237
44 8 55 8
44 15 52 15
44 21 52 21
44 27 48 28
43 32 54 32
44 47 55 47
44 48 53 48
44 72 55 72
44 81 55 81
44 85 55 85
44 86 45 89
44 92 53 92
44 100 55 100
44 116 52 116
44 117 55 117
44 132 48 133
44 136 54 136
44 139 54 139
44 140 55 140
44 143 49 144
44 151 52 151
44 154 55 154
44 179 53 179
44 184 54 184
44 208 54 208
44 220 54 220
44 244 46 246
44 248 53 248
45 4 55 4
45 5 53 5
45 9 56 9
45 10 48 11
45 13 53 13
45 16 54 16
45 34 55 34
45 50 48 52
45 56 48 58
45 67 54 67
45 77 57 77
45 93 56 93
45 103 55 103
45 123 56 123
45 130 56 130
45 131 55 131
45 137 53 137
45 168 56 168
45 212 53 212
45 219 55 219
45 238 55 238
46 6 55 6
46 19 57 19
46 20 56 20
46 35 55 35
46 36 55 36
46 41 55 41
46 63 57 63
46 70 58 70
46 73 55 73
46 86 50 87
46 88 57 88
46 89 56 89
46 94 57 94
46 121 51 122
46 128 56 128
46 155 55 155
46 156 50 157
46 164 57 164
46 174 49 176
46 187 57 187
46 193 57 193
47 0 56 0
47 1 58 1
46 25 58 25
47 60 54 60
47 62 56 62
47 69 58 69
47 74 58 74
47 98 58 98
46 107 58 107
47 109 57 109
47 124 56 124
46 129 58 129
47 134 58 134
47 138 54 138
47 180 57 180
47 195 58 195
47 199 56 199
47 203 56 203
46 217 57 217
47 223 57 223
47 224 55 224
47 231 57 231
47 242 56 242
47 244 57 244
47 245 51 246
48 23 59 23
48 31 59 31
48 55 58 55
48 64 57 64
48 75 51 76
48 84 58 84
48 170 51 171
48 172 57 172
48 185 56 185
48 186 59 186
48 213 51 215
48 216 59 216
48 233 57 233
48 240 53 241
47 249 59 249
49 2 60 2
49 10 60 10
49 12 58 12
49 27 58 27
49 28 52 29
49 39 56 39
49 50 54 51
49 52 60 52
49 53 58 53
49 56 58 56
49 57 52 58
49 59 61 59
49 61 59 61
49 71 56 71
49 113 52 114
49 125 57 125
49 132 54 133
49 160 59 160
49 165 59 165
49 169 58 169
48 173 60 173
49 192 59 192
48 202 60 202
49 225 58 225
49 236 59 236
49 11 60 11
50 14 59 14
50 40 61 40
50 43 62 43
49 54 60 54
50 82 61 82
50 99 61 99
49 102 61 102
50 108 60 108
50 127 60 127
50 143 58 143
50 144 58 144
50 174 59 174
50 176 58 176
50 200 61 200
50 201 61 201
50 204 58 204
49 207 61 207
50 218 61 218
50 227 60 227
50 234 54 235
51 22 62 22
51 24 61 24
51 30 59 30
51 68 60 68
51 78 60 78
51 80 58 80
51 86 55 87
51 95 61 95
51 110 62 110
51 111 58 111
51 119 61 119
51 135 62 135
51 145 59 145
50 146 62 146
51 153 61 153
51 157 62 157
51 162 60 162
51 163 60 163
51 182 61 182
51 188 63 188
51 196 62 196
51 205 62 205
51 206 59 206
51 222 63 222
51 229 59 229
51 232 59 232
51 237 63 237
52 7 63 7
52 75 64 75
52 76 62 76
52 101 63 101
52 104 60 104
52 120 63 120
52 122 61 122
52 142 61 142
52 161 61 161
52 170 63 171
52 178 62 178
52 197 57 198
52 210 62 210
52 213 62 213
52 214 59 214
52 215 62 215
52 226 63 226
52 245 57 246
52 247 63 247
53 21 65 21
53 28 64 28
53 29 62 29
53 33 61 33
53 37 63 37
53 38 63 38
53 46 60 46
53 57 58 58
53 65 62 65
53 66 64 66
53 96 63 96
52 106 64 106
53 113 56 115
53 116 62 116
53 126 64 126
53 148 64 148
53 151 62 151
53 166 58 167
52 175 64 175
53 183 64 183
53 211 61 211
53 239 65 239
53 243 64 243
54 3 62 3
54 5 62 5
54 13 65 13
53 15 65 15
54 44 59 45
54 48 63 48
53 49 64 49
53 83 65 83
54 91 65 91
54 112 64 112
54 137 61 137
54 149 59 150
54 158 64 158
53 159 64 159
54 177 64 177
54 179 65 179
54 189 59 190
54 191 64 191
54 209 65 209
54 212 62 212
54 221 64 221
54 230 65 230
54 240 59 241
54 248 64 248
55 16 65 16
55 17 60 18
55 32 67 32
55 50 65 50
55 51 66 51
55 60 66 60
55 67 66 67
55 90 65 90
55 105 64 105
55 118 65 118
55 132 58 133
55 136 62 136
55 138 66 138
55 147 65 147
54 152 66 152
55 181 63 181
55 184 64 184
55 194 66 194
55 208 65 208
55 220 66 220
55 234 66 234
55 235 66 235
56 8 63 8
55 26 67 26
56 34 59 36
56 41 65 41
56 47 65 47
56 72 61 73
56 81 66 81
56 85 65 85
56 86 66 86
56 87 66 87
55 92 67 92
56 100 67 100
56 103 68 103
56 117 68 117
56 131 64 131
55 139 67 139
56 140 60 141
56 154 62 155
55 156 67 156
56 219 66 219
56 224 66 224
56 238 65 238
57 0 67 0
56 4 67 4
57 9 67 9
57 20 68 20
57 39 69 39
56 42 68 42
57 71 64 71
57 89 68 89
57 93 67 93
56 97 68 97
57 113 66 113
57 114 68 114
56 121 68 121
57 123 62 124
57 128 69 128
57 130 64 130
57 168 68 168
57 185 69 185
57 203 66 203
57 242 65 242
58 19 67 19
57 62 69 62
58 63 69 63
58 64 69 64
58 94 68 94
58 109 69 109
58 125 68 125
58 164 68 164
58 172 68 172
58 180 66 180
58 187 69 187
58 193 67 193
58 197 62 198
58 199 70 199
58 217 68 217
58 223 69 223
58 231 69 231
58 233 66 233
58 244 61 246
59 12 68 12
59 25 68 25
59 27 71 27
59 53 68 53
59 55 69 55
59 56 69 56
59 57 69 57
59 69 66 69
59 70 70 70
59 74 66 74
59 79 63 80
59 84 70 84
59 98 70 98
59 107 69 107
59 111 70 111
59 129 69 129
59 132 62 134
59 143 68 143
59 144 70 144
59 167 71 167
59 169 69 169
59 176 68 176
59 195 68 195
59 204 67 204
59 225 67 225
59 1 71 1
60 14 69 14
60 23 71 23
60 30 71 30
60 31 67 31
60 34 62 36
60 44 69 44
60 45 69 45
60 61 70 61
60 145 69 145
60 149 65 150
60 160 72 160
60 165 65 166
60 174 71 174
60 186 71 186
60 189 65 190
60 206 69 206
60 214 71 214
60 216 71 216
60 229 71 229
60 232 70 232
60 240 63 241
60 249 69 249
61 2 70 2
61 10 66 11
61 17 69 17
61 18 72 18
61 46 71 46
61 52 70 52
61 54 72 54
61 68 71 68
61 77 66 78
61 104 70 104
61 108 70 108
61 127 70 127
61 140 66 141
61 162 72 162
61 163 72 163
61 173 68 173
61 202 72 202
61 227 71 227
62 24 72 24
62 33 73 33
62 40 70 40
62 59 73 59
62 72 73 72
62 73 72 73
62 82 70 82
61 88 73 88
62 95 72 95
62 99 73 99
62 102 73 102
62 119 72 119
62 137 72 137
62 142 71 142
62 153 73 153
62 161 73 161
62 200 73 200
62 201 72 201
62 207 72 207
62 211 73 211
62 218 73 218
61 228 73 228
62 244 72 244
62 245 71 245
62 246 72 246
63 3 73 3
63 5 74 5
63 22 74 22
63 29 71 29
63 34 67 35
63 36 71 36
63 65 74 65
63 76 72 76
63 110 73 110
63 116 73 116
63 122 68 123
63 124 72 124
63 132 64 136
63 146 73 146
63 151 70 151
63 154 69 155
63 157 70 157
63 178 74 178
63 196 72 196
63 197 74 197
63 198 74 198
63 205 73 205
63 210 72 210
63 212 74 212
63 213 71 213
63 215 72 215
64 7 75 7
64 8 75 8
64 37 74 37
64 38 74 38
64 48 71 48
63 58 75 58
64 79 73 79
64 80 71 80
64 101 74 101
64 120 74 120
64 170 69 171
64 181 75 181
63 192 75 192
64 226 74 226
64 240 75 240
64 241 74 241
64 247 75 247
65 28 74 28
65 49 76 49
65 66 75 66
65 71 72 71
64 96 76 96
65 105 70 106
65 112 76 112
64 115 76 115
65 126 74 126
65 130 70 131
65 132 76 132
65 133 69 135
65 148 73 148
65 158 72 158
65 159 76 159
65 175 76 175
65 177 76 177
65 182 67 184
64 188 75 188
65 191 74 191
65 221 70 222
64 237 76 237
65 243 76 243
65 248 75 248
66 13 77 13
66 15 78 15
66 16 75 16
66 21 77 21
66 41 77 41
66 47 77 47
66 50 74 50
65 75 77 75
66 83 77 83
66 85 78 85
66 90 75 90
66 91 75 91
66 118 74 118
66 147 77 147
66 149 75 149
66 165 77 165
66 166 75 166
66 179 76 179
66 189 71 190
66 208 77 208
66 230 76 230
66 238 75 238
66 242 76 242
66 6 78 6
67 10 72 11
67 51 78 51
67 67 79 67
67 69 74 69
67 74 77 74
67 77 79 77
67 78 77 78
67 81 77 81
67 86 75 86
67 87 78 87
67 113 79 113
66 136 78 136
67 138 76 138
67 140 78 140
67 152 74 152
67 180 76 180
67 194 78 194
67 203 77 203
67 219 78 219
67 220 76 220
67 224 78 224
67 233 70 235
68 0 76 0
68 4 79 4
68 9 78 9
68 19 77 19
68 26 77 26
68 31 78 31
68 32 80 32
68 34 79 34
68 35 79 35
67 60 79 60
68 92 72 93
68 100 79 100
68 139 76 139
67 141 79 141
68 156 79 156
68 182 70 184
68 193 76 193
68 204 77 204
67 209 79 209
68 225 78 225
67 236 78 236
69 12 78 12
69 20 79 20
69 25 78 25
69 42 80 42
69 53 80 53
69 89 80 89
69 94 79 94
69 97 80 97
69 114 79 114
69 121 74 122
69 123 79 123
69 125 80 125
69 143 81 143
69 168 79 168
69 172 79 172
69 173 79 173
69 176 79 176
69 195 79 195
69 217 80 217
70 14 81 14
70 17 81 17
70 39 79 39
70 43 72 45
70 55 75 56
70 57 80 57
70 62 78 62
70 63 75 64
70 103 81 103
70 107 77 107
70 109 79 109
70 128 81 128
70 129 80 129
70 133 74 134
70 145 81 145
69 150 81 150
69 164 81 164
70 169 77 169
70 170 80 170
70 171 81 171
70 185 82 185
70 187 78 187
70 206 77 206
70 223 79 223
70 231 80 231
70 249 80 249
71 40 80 40
71 52 82 52
71 61 82 61
71 82 81 82
71 84 79 84
71 98 81 98
71 104 74 106
71 111 82 111
71 127 82 127
71 130 75 131
71 144 81 144
71 151 79 151
70 154 81 154
71 157 81 157
71 183 81 183
71 184 81 184
71 221 75 222
71 232 78 232
71 233 74 235
72 1 83 1
72 23 83 23
72 29 83 29
72 30 82 30
72 36 83 36
72 46 83 46
72 48 82 48
72 68 83 68
72 80 82 80
72 142 81 142
72 174 81 174
72 189 77 190
72 213 76 214
72 216 79 216
72 227 83 227
72 229 79 229
72 245 79 245
73 10 78 11
73 18 81 18
73 24 83 24
73 43 76 45
73 54 84 54
73 71 84 71
73 73 83 73
73 92 82 92
73 93 80 93
73 95 80 95
73 124 81 124
72 135 83 135
73 137 83 137
73 158 80 158
73 160 84 160
73 162 76 163
72 167 83 167
73 201 76 202
73 207 85 207
73 210 84 210
73 215 85 215
73 244 83 244
73 246 83 246
74 3 85 3
73 27 85 27
74 33 85 33
74 59 82 59
74 72 86 72
74 79 82 79
74 88 84 88
74 99 84 99
74 102 85 102
73 108 84 108
74 116 78 117
74 146 86 146
74 148 85 148
74 153 85 153
74 161 85 161
74 199 79 200
74 205 85 205
74 211 85 211
74 218 82 218
74 228 85 228
75 5 85 5
75 22 84 22
75 28 86 28
75 37 79 38
75 50 84 50
75 65 86 65
75 69 86 69
75 101 85 101
75 104 83 104
75 105 84 105
75 106 86 106
75 110 87 110
75 118 79 120
75 121 84 121
75 126 86 126
75 133 85 133
75 134 83 134
75 152 85 152
75 178 83 178
75 191 85 191
75 196 78 198
75 212 86 212
75 226 85 226
75 233 79 234
75 235 85 235
74 239 86 239
75 2 87 2
76 7 86 7
76 8 87 8
76 16 85 16
76 55 80 56
76 58 84 58
76 63 84 63
76 64 86 64
76 66 87 66
76 86 87 86
76 90 86 90
76 91 87 91
75 122 87 122
76 130 85 130
76 131 87 131
76 149 86 149
76 166 85 166
76 181 81 182
76 188 85 188
76 192 86 192
76 221 81 222
76 238 83 238
76 247 87 247
76 248 87 248
77 0 86 0
77 43 88 43
77 44 82 45
77 49 87 49
77 96 88 96
77 112 86 112
77 115 87 115
77 132 88 132
77 138 85 138
77 139 88 139
76 155 87 155
77 159 88 159
77 162 82 163
77 175 87 175
77 177 85 177
77 179 89 179
77 180 89 180
77 193 86 193
77 201 82 202
77 213 88 213
77 214 85 214
77 220 89 220
77 230 88 230
77 237 88 237
77 240 79 243
78 13 88 13
78 19 89 19
78 21 90 21
78 26 89 26
78 41 87 41
78 47 89 47
78 74 83 75
78 78 86 78
78 81 88 81
78 107 87 107
78 147 89 147
78 165 90 165
78 169 89 169
78 189 89 189
78 190 87 190
78 203 89 203
78 204 89 204
78 206 88 206
78 208 86 208
79 6 87 6
79 9 82 12
79 25 86 25
79 31 88 31
79 51 89 51
79 62 89 62
78 76 90 76
78 83 90 83
79 85 90 85
79 116 90 116
79 117 90 117
79 136 87 136
79 140 88 140
78 186 90 186
79 187 89 187
79 196 82 198
79 219 88 219
79 224 90 224
79 225 89 225
79 232 90 232
79 236 87 236
80 4 91 4
80 20 91 20
80 34 85 35
80 37 89 37
80 39 91 39
80 60 89 60
80 70 92 70
80 84 89 84
79 87 91 87
80 94 89 94
80 100 90 100
80 109 89 109
80 113 91 113
80 114 90 114
80 118 89 118
80 119 91 119
80 123 89 123
80 141 90 141
80 151 91 151
80 156 89 156
80 168 90 168
80 172 88 172
80 173 88 173
80 176 87 176
80 199 89 199
80 200 91 200
80 209 90 209
80 216 91 216
80 223 88 223
80 229 89 229
80 233 85 234
80 240 82 243
80 245 91 245
81 40 91 40
81 42 89 42
81 53 92 53
81 55 85 56
81 57 90 57
81 89 92 89
81 93 90 93
81 95 91 95
81 97 92 97
81 125 92 125
81 129 91 129
81 158 89 158
81 170 92 170
80 194 92 194
81 217 92 217
81 231 91 231
81 249 91 249
82 14 93 14
82 17 89 17
82 18 93 18
81 67 92 67
81 77 93 77
82 82 91 82
82 98 90 98
82 103 92 103
82 124 93 124
82 128 90 128
82 142 91 142
82 143 84 145
82 150 91 150
82 154 93 154
82 157 92 157
82 164 91 164
82 171 93 171
82 174 90 174
82 181 89 181
82 182 92 182
82 183 87 184
82 221 87 222
83 9 92 9
83 10 86 12
83 30 92 30
83 44 93 44
83 48 94 48
83 52 91 52
83 59 91 59
83 61 92 61
83 79 92 79
83 80 94 80
83 92 93 92
83 111 93 111
83 127 94 127
83 162 87 163
83 195 86 197
83 198 91 198
83 201 88 202
83 240 85 243
84 1 93 1
84 23 89 24
84 29 95 29
84 36 92 36
84 38 96 38
83 45 95 45
84 46 94 46
84 73 94 73
84 74 94 74
84 75 92 75
84 104 93 104
84 134 92 134
84 135 91 135
84 137 93 137
84 167 95 167
84 178 95 178
83 185 95 185
84 227 94 227
84 238 95 238
84 244 94 244
85 22 96 22
85 50 92 50
85 54 94 54
85 58 96 58
85 63 95 63
85 71 96 71
85 88 95 88
85 99 97 99
85 105 93 105
85 108 95 108
85 120 90 121
85 143 94 143
85 144 96 144
85 145 95 145
85 160 96 160
85 210 94 210
84 218 96 218
85 246 97 246
86 5 95 5
86 15 92 16
86 27 93 27
86 33 95 33
86 34 91 35
86 55 91 56
86 101 89 102
86 130 93 130
86 133 98 133
86 138 97 138
86 148 97 148
86 152 91 153
86 161 95 161
86 166 97 166
86 177 95 177
86 188 97 188
86 191 97 191
86 205 97 205
86 211 97 211
86 214 97 214
86 226 96 226
86 228 94 228
86 233 90 234
86 235 96 235
86 240 87 243
87 0 98 0
86 3 98 3
87 7 95 7
87 10 89 12
87 25 97 25
87 28 97 28
86 32 98 32
87 64 92 65
87 72 98 72
87 78 98 78
87 90 97 90
87 106 97 106
87 112 95 112
87 126 98 126
87 149 98 149
87 192 91 193
87 195 98 195
87 197 98 197
87 208 98 208
87 212 98 212
87 239 98 239
88 2 97 2
88 6 98 6
88 8 96 8
88 41 99 41
88 49 98 49
88 66 99 66
87 69 98 69
88 86 98 86
88 91 97 91
88 107 99 107
88 115 98 115
88 122 98 122
88 131 99 131
88 136 100 136
88 155 100 155
88 162 96 162
88 163 98 163
88 175 93 176
88 183 93 184
88 190 98 190
88 221 100 221
88 222 98 222
88 236 95 236
88 240 99 240
88 241 98 241
88 242 99 242
88 243 99 243
88 247 97 247
88 248 98 248
89 13 100 13
89 31 100 31
89 81 100 81
89 96 99 96
89 132 100 132
89 139 99 139
89 140 100 140
89 159 99 159
89 172 97 172
89 173 99 173
89 201 100 201
89 202 99 202
89 206 94 207
89 213 101 213
89 219 100 219
89 223 98 223
89 230 96 230
89 237 101 237
90 10 93 12
90 17 101 17
90 19 101 19
90 23 99 23
90 24 101 24
90 26 99 26
90 37 100 37
90 42 98 42
90 47 101 47
90 51 99 51
90 60 101 60
90 62 101 62
90 84 100 84
90 102 101 102
90 109 95 110
90 118 101 118
90 123 101 123
90 146 95 147
90 156 101 156
90 158 97 158
90 169 101 169
90 179 93 181
90 187 101 187
90 189 97 189
90 199 101 199
90 203 95 204
90 225 101 225
90 229 102 229
91 57 99 57
90 68 101 68
91 76 101 76
91 83 99 83
91 85 100 85
91 93 99 93
91 98 102 98
91 100 102 100
91 116 96 117
91 120 96 121
91 128 99 128
91 141 99 141
91 165 103 165
91 168 99 168
91 174 101 174
91 186 102 186
91 209 102 209
91 232 96 233
91 234 102 234
92 4 99 4
92 20 96 21
92 34 97 35
92 39 101 39
92 40 102 40
92 52 101 52
92 55 97 56
92 59 103 59
92 82 100 82
92 87 103 87
92 94 97 95
91 101 103 101
92 113 98 114
92 129 103 129
92 135 101 135
92 142 102 142
92 151 103 151
92 152 101 152
92 153 100 153
92 164 101 164
92 192 103 192
92 193 103 193
91 196 103 196
92 198 101 198
92 200 103 200
91 215 103 215
92 216 101 216
92 231 103 231
92 245 100 245
92 249 102 249
93 9 105 9
93 16 104 16
93 30 101 30
93 36 100 36
92 43 104 43
93 50 102 50
93 53 102 53
93 61 103 61
93 64 104 64
93 65 104 65
93 67 105 67
93 70 105 70
93 75 101 75
93 79 104 79
93 89 102 89
93 97 102 97
93 103 105 103
92 119 104 119
93 125 103 125
93 134 102 134
93 157 104 157
93 170 102 170
93 182 104 182
93 194 103 194
93 217 102 217
94 1 104 1
94 10 104 10
94 11 102 11
94 12 106 12
94 14 104 14
94 15 106 15
94 27 105 27
94 44 105 44
94 77 103 77
94 92 105 92
94 104 102 104
94 105 101 105
94 111 105 111
94 124 102 124
94 130 103 130
94 137 105 137
94 154 104 154
94 171 104 171
94 175 105 175
94 179 104 179
94 180 104 180
94 181 105 181
94 183 99 184
93 220 105 220
93 224 105 224
95 46 105 46
95 48 106 48
95 54 106 54
95 73 106 73
95 74 106 74
95 80 105 80
95 127 105 127
95 143 106 143
94 176 106 176
95 206 106 206
95 207 104 207
95 210 106 210
95 227 100 228
95 244 106 244
96 5 107 5
96 7 107 7
96 29 108 29
96 33 104 33
96 45 105 45
96 63 106 63
96 108 101 109
96 110 106 110
96 112 106 112
96 145 101 146
96 147 104 147
96 150 108 150
96 161 105 161
96 167 105 167
96 177 106 177
96 178 107 178
96 185 107 185
96 203 107 203
96 204 105 204
96 236 107 236
96 238 108 238
97 8 108 8
97 20 109 20
97 21 102 22
97 58 108 58
97 71 108 71
96 88 107 88
97 116 108 116
97 120 100 121
97 144 104 144
97 160 108 160
97 162 106 162
97 218 109 218
97 226 106 226
97 230 106 230
97 232 107 232
97 233 107 233
97 235 105 235
98 2 107 2
98 25 108 25
98 34 108 34
98 35 108 35
97 38 109 38
98 55 103 56
98 90 102 91
98 94 109 94
98 106 109 106
98 138 107 138
98 158 108 158
98 166 109 166
98 172 109 172
98 188 108 188
98 189 108 189
98 191 107 191
98 205 107 205
98 211 105 211
98 214 107 214
98 247 107 247
99 3 109 3
99 6 107 6
99 32 109 32
99 49 108 49
99 69 109 69
99 72 108 72
99 78 110 78
99 86 110 86
99 113 103 114
99 115 108 115
99 122 109 122
99 126 110 126
99 148 104 149
99 163 111 163
99 190 107 190
99 195 107 195
99 197 109 197
99 208 106 208
99 212 111 212
99 222 110 222
99 223 110 223
99 239 108 239
99 241 109 241
99 248 109 248
99 0 111 0
100 4 109 4
100 23 111 23
100 26 110 26
100 41 105 42
100 51 109 51
100 57 111 57
100 66 108 66
100 83 110 83
100 93 110 93
100 95 105 96
100 107 110 107
99 117 111 117
100 128 110 128
100 131 109 131
100 141 112 141
100 168 109 168
100 173 111 173
100 183 105 184
100 202 110 202
100 240 112 240
100 242 105 243
101 13 110 13
101 31 110 31
101 36 110 36
101 37 112 37
101 81 104 82
101 84 104 85
101 120 112 120
101 121 112 121
101 132 112 132
101 140 112 140
101 153 111 153
101 201 110 201
101 227 112 227
101 228 111 228
101 245 111 245
101 246 113 246
102 17 110 17
102 18 107 19
102 24 113 24
102 28 113 28
102 30 111 30
102 39 111 39
102 52 111 52
102 62 113 62
102 68 112 68
102 75 107 76
102 102 114 102
102 105 112 105
102 108 112 108
102 109 112 109
102 123 112 123
102 135 111 135
101 136 113 136
102 145 107 146
102 152 113 152
102 155 106 156
102 164 112 164
102 174 109 174
102 187 113 187
102 199 111 199
102 225 113 225
103 21 114 21
103 22 113 22
103 40 114 40
103 50 114 50
103 53 110 53
103 89 114 89
103 90 108 91
103 97 114 97
103 98 114 98
103 99 107 100
103 104 113 104
103 124 110 124
103 133 107 134
103 142 115 142
103 170 115 170
103 186 112 186
103 209 113 209
103 216 107 217
102 221 114 221
103 229 114 229
103 234 114 234
102 237 114 237
103 11 115 11
104 55 115 55
104 56 112 56
104 59 109 60
104 61 115 61
104 77 114 77
104 87 114 87
104 101 115 101
104 113 113 113
104 114 113 114
104 125 113 125
104 129 115 129
104 130 116 130
104 151 115 151
104 192 115 192
104 193 115 193
104 194 115 194
104 196 114 196
103 198 115 198
104 200 115 200
104 215 111 215
104 231 115 231
105 1 117 1
105 14 113 14
105 16 115 16
105 33 114 33
105 43 115 43
105 64 114 64
105 65 114 65
105 79 116 79
105 81 115 81
105 82 116 82
105 84 112 84
105 85 114 85
105 119 112 119
104 139 115 139
105 144 114 144
105 147 110 148
105 149 113 149
105 154 112 154
105 157 116 157
104 165 116 165
105 171 115 171
105 179 108 180
105 182 116 182
105 207 115 207
104 219 116 219
106 9 111 10
106 27 115 27
106 41 116 41
106 42 117 42
106 44 116 44
106 45 117 45
106 46 117 46
105 47 115 47
106 67 117 67
106 80 114 80
106 92 116 92
106 95 118 95
106 96 116 96
106 111 117 111
106 127 117 127
106 137 115 137
106 161 116 161
106 167 113 167
106 181 115 181
106 183 116 183
106 184 113 184
106 204 116 204
106 211 114 211
106 220 117 220
106 224 117 224
106 235 115 235
106 242 113 242
106 243 115 243
107 48 115 48
107 54 117 54
107 63 116 63
107 73 110 74
107 110 117 110
107 112 116 112
107 143 116 143
107 156 119 156
107 162 118 162
107 169 119 169
107 175 111 176
107 177 115 177
107 206 117 206
107 208 118 208
107 226 115 226
107 230 116 230
107 244 116 244
108 2 118 2
108 5 111 7
107 15 119 15
108 18 118 18
108 19 119 19
108 75 115 75
108 76 118 76
108 88 119 88
108 99 119 99
108 100 119 100
107 118 119 118
108 133 116 133
108 134 119 134
108 138 119 138
108 146 117 146
108 178 119 178
108 185 119 185
108 190 112 191
108 195 117 195
108 203 116 203
108 205 119 205
107 210 118 210
108 213 113 214
108 216 111 217
108 232 112 233
108 236 117 236
108 247 116 247
109 8 121 8
109 25 119 25
109 34 119 34
109 35 119 35
109 58 118 58
109 66 119 66
109 71 120 71
109 72 120 72
109 90 118 91
109 115 114 116
109 158 113 159
109 160 119 160
109 179 119 179
109 180 116 180
109 188 119 188
109 189 120 189
109 238 120 238
109 239 118 239
110 3 121 3
110 4 120 4
110 20 120 20
109 29 121 29
110 32 118 32
110 38 121 38
110 51 119 51
110 59 120 59
110 69 117 70
110 94 119 94
110 103 121 103
110 106 120 106
110 122 118 122
110 131 121 131
109 145 121 145
110 166 122 166
110 168 119 168
110 172 122 172
110 174 121 174
110 197 122 197
110 241 121 241
110 248 121 248
109 249 119 249
111 12 121 13
111 17 118 17
111 26 122 26
111 31 121 31
111 36 122 36
110 49 121 49
111 53 121 53
111 73 116 74
111 83 119 83
111 86 122 86
111 93 123 93
111 107 122 107
111 124 122 124
111 128 122 128
111 147 121 147
111 201 120 201
111 202 122 202
110 218 122 218
111 222 119 222
111 223 122 223
112 0 120 0
112 5 116 6
112 7 123 7
112 9 122 9
112 10 122 10
112 23 123 23
112 30 123 30
112 39 121 39
112 52 119 52
112 57 123 57
111 78 122 78
112 117 123 117
112 135 121 135
112 153 124 153
111 155 123 155
112 163 123 163
112 173 123 173
112 175 122 175
112 176 123 176
112 199 122 199
112 212 121 212
112 215 115 217
112 228 123 228
112 245 120 245
113 37 122 37
113 56 122 56
113 68 122 68
113 84 123 84
113 105 125 105
113 108 122 108
113 109 125 109
113 119 122 119
113 120 116 121
113 123 120 123
112 126 124 126
113 132 121 132
113 140 123 140
112 148 123 148
113 154 124 154
113 164 123 164
113 186 124 186
113 190 117 191
113 227 123 227
113 232 121 232
113 233 120 233
114 14 125 14
114 22 122 22
114 24 125 24
114 28 126 28
114 62 125 62
114 104 123 104
114 113 124 113
114 114 124 114
114 125 124 125
114 136 121 136
113 141 125 141
114 149 124 149
113 150 125 150
114 152 121 152
114 158 122 158
114 159 122 159
114 167 125 167
114 184 124 184
114 187 125 187
114 209 124 209
114 213 124 213
114 214 124 214
114 225 125 225
113 240 123 240
114 242 125 242
114 246 125 246
115 21 125 21
115 33 124 33
115 40 126 40
115 50 122 50
115 64 120 65
115 77 123 77
115 80 126 80
115 85 125 85
115 87 125 87
115 89 127 89
115 98 125 98
115 102 126 102
115 115 124 115
115 144 124 144
115 196 125 196
115 211 123 211
115 221 125 221
115 229 123 229
115 234 126 234
115 237 127 237
116 11 127 11
116 27 124 27
116 43 126 43
116 47 127 47
116 48 126 48
116 55 128 55
116 60 121 61
116 75 125 75
116 81 126 81
115 97 127 97
116 101 124 101
115 116 127 116
116 129 124 129
116 137 125 137
116 139 126 139
116 142 127 142
116 151 127 151
116 170 127 170
116 171 127 171
116 177 127 177
116 181 127 181
116 192 126 192
116 193 125 193
116 194 126 194
116 198 126 198
116 200 126 200
116 207 124 207
116 216 126 216
116 217 126 217
116 226 125 226
116 231 124 231
116 235 124 235
116 243 125 243
117 5 128 5
117 6 128 6
116 16 128 16
117 41 127 41
117 44 128 44
117 63 128 63
117 74 125 74
117 92 125 92
117 96 127 96
117 112 127 112
117 120 127 120
117 130 128 130
117 143 125 143
117 157 128 157
117 161 124 161
117 165 127 165
117 180 126 180
117 182 127 182
117 183 126 183
117 203 120 204
116 215 128 215
117 219 127 219
117 230 126 230
117 244 127 244
117 247 126 247
118 42 130 42
118 45 127 45
118 46 127 46
118 54 129 54
118 67 128 67
118 69 122 70
117 79 129 79
117 82 128 82
118 110 130 110
118 127 125 127
117 133 128 133
118 146 129 146
118 190 129 190
118 191 126 191
118 195 128 195
118 206 129 206
118 224 128 224
118 236 128 236
119 1 123 2
119 17 123 18
119 58 129 58
119 76 130 76
119 90 124 91
119 95 127 95
119 121 124 122
119 162 127 162
119 208 130 208
119 210 128 210
118 220 130 220
119 239 127 239
120 15 131 15
120 19 130 19
120 25 131 25
120 34 124 35
120 51 130 51
120 52 128 52
120 66 131 66
120 83 132 83
120 88 131 88
120 94 127 94
120 99 129 99
120 100 128 100
120 111 132 111
120 118 129 118
120 134 130 134
120 138 129 138
120 156 132 156
120 160 129 160
120 168 129 168
120 178 131 178
120 179 131 179
120 185 129 185
120 188 127 188
120 205 132 205
120 222 132 222
120 249 127 249
121 0 128 0
121 4 132 4
121 20 131 20
121 59 131 59
121 64 125 65
121 71 130 71
121 72 132 72
121 106 128 106
121 123 129 123
121 189 129 189
121 201 132 201
121 203 128 203
121 204 131 204
121 233 132 233
121 238 132 238
121 245 129 245
122 3 134 3
122 8 132 8
122 12 127 13
122 29 131 29
122 31 133 31
122 38 131 38
122 39 130 39
122 49 133 49
122 53 132 53
122 60 131 60
122 61 132 61
122 103 133 103
122 131 127 132
122 135 133 135
122 136 130 136
122 145 132 145
122 147 131 147
122 152 130 152
122 174 132 174
122 212 134 212
122 232 132 232
122 241 133 241
122 248 134 248
123 9 127 10
123 26 132 26
123 32 135 32
123 36 128 37
123 50 132 50
123 56 133 56
123 68 126 70
123 78 134 78
123 86 134 86
123 107 130 107
123 108 132 108
123 119 131 119
123 124 134 124
123 158 132 158
123 159 132 159
123 172 134 172
123 175 134 175
123 199 131 199
123 202 133 202
123 218 134 218
123 223 135 223
124 1 135 1
124 2 135 2
124 7 133 7
124 18 133 18
124 23 134 23
124 30 133 30
124 57 134 57
123 73 134 73
124 84 136 84
124 93 135 93
124 104 134 104
124 117 134 117
124 140 132 140
124 148 131 148
124 155 134 155
124 163 129 164
124 169 136 169
124 173 134 173
124 176 134 176
124 211 132 211
124 227 127 229
124 240 134 240
124 22 136 22
125 27 134 27
125 33 127 35
125 90 136 90
125 91 136 91
125 101 135 101
125 113 136 113
125 114 133 114
125 115 136 115
125 121 129 122
125 125 135 125
125 126 135 126
125 128 130 129
125 144 133 144
125 149 136 149
125 153 129 154
125 161 134 161
124 166 136 166
125 186 136 186
125 197 137 197
125 207 134 207
125 209 134 209
125 213 136 213
125 214 135 214
125 235 135 235
126 14 135 14
126 21 136 21
126 24 136 24
126 62 135 62
126 64 137 64
126 65 137 65
126 74 130 75
126 85 134 85
126 87 137 87
126 92 135 92
126 98 137 98
126 109 137 109
126 127 135 127
126 137 137 137
126 141 135 141
126 143 136 143
126 150 136 150
126 167 136 167
126 187 135 187
126 193 137 193
126 196 135 196
126 221 136 221
126 225 129 226
125 231 137 231
126 242 130 243
126 246 137 246
127 28 138 28
127 40 136 40
127 43 139 43
127 48 137 48
127 68 131 69
127 70 134 70
127 80 132 81
127 102 138 102
126 105 138 105
127 139 138 139
127 180 136 180
127 183 131 184
127 191 135 191
127 192 136 192
127 198 138 198
127 200 139 200
127 216 138 216
127 217 135 217
127 230 137 230
127 234 136 234
127 247 136 247
128 9 131 12
128 13 137 13
128 33 131 35
128 41 137 41
128 45 133 46
128 47 137 47
128 89 139 89
128 94 139 94
128 95 138 95
128 96 134 97
128 112 139 112
128 116 138 116
128 120 139 120
128 131 133 132
128 142 137 142
128 151 139 151
128 162 138 162
128 170 137 170
128 171 139 171
128 177 136 177
128 181 133 182
128 188 139 188
128 219 137 219
128 227 139 227
128 228 138 228
128 229 138 229
128 239 138 239
128 249 139 249
129 0 140 0
129 5 133 6
129 16 139 16
129 36 137 36
129 37 137 37
129 44 139 44
129 52 140 52
129 55 139 55
129 63 140 63
129 67 139 67
129 82 137 82
129 100 136 100
129 106 140 106
129 130 137 130
129 133 140 133
129 157 138 157
128 165 140 165
129 195 140 195
129 203 139 203
129 210 140 210
129 215 140 215
129 224 139 224
129 236 137 236
130 54 139 54
130 79 141 79
130 99 140 99
130 118 141 118
130 121 141 121
130 122 135 123
130 138 141 138
130 146 138 146
130 153 140 153
130 154 138 154
130 160 140 160
130 163 134 164
130 168 141 168
130 185 140 185
130 189 141 189
130 190 139 190
129 194 141 194
130 206 139 206
130 225 138 225
130 226 140 226
130 244 135 245
131 19 142 19
131 39 140 39
131 42 142 42
131 51 138 51
130 58 142 58
131 71 141 71
131 74 142 74
131 75 135 76
131 107 141 107
131 128 142 128
131 129 140 129
131 136 142 136
131 152 141 152
131 208 142 208
131 220 139 220
131 242 136 243
132 9 136 10
132 11 143 11
132 15 141 15
132 20 143 20
132 25 143 25
132 29 142 29
132 33 134 35
132 38 139 38
132 59 137 60
132 66 143 66
132 68 142 68
132 69 140 69
132 88 139 88
132 119 143 119
132 147 136 148
132 178 137 179
132 183 141 183
132 199 144 199
132 204 144 204
133 4 140 4
133 8 145 8
132 12 144 12
132 17 144 17
133 26 144 26
133 50 141 50
133 53 144 53
133 61 142 61
133 72 142 72
133 80 143 81
133 108 144 108
133 140 144 140
133 158 144 158
133 159 143 159
132 184 142 184
133 201 142 201
133 211 141 211
133 232 137 233
133 237 138 238
134 5 143 5
134 6 144 6
134 7 143 7
134 18 143 18
134 30 143 30
134 31 143 31
134 45 145 45
134 46 144 46
134 49 145 49
134 56 141 56
133 83 144 83
134 103 144 103
133 110 139 111
134 114 144 114
134 131 145 131
134 132 143 132
134 135 144 135
134 144 145 144
134 181 145 181
134 182 145 182
134 202 141 202
133 222 145 222
134 241 144 241
135 3 146 3
135 23 146 23
135 27 145 27
135 34 143 34
135 35 146 35
135 57 145 57
135 70 143 70
135 73 143 73
134 77 146 77
135 78 145 78
135 85 145 85
135 86 145 86
135 96 139 97
135 104 145 104
135 117 142 117
135 124 146 124
135 155 146 156
135 161 144 161
135 163 138 164
135 172 139 173
135 174 140 175
135 176 144 176
135 205 147 205
135 207 146 207
135 209 144 209
135 218 146 218
135 240 143 240
135 248 146 248
136 1 146 1
136 2 144 2
136 62 146 62
136 75 147 75
136 92 147 92
136 93 147 93
136 101 145 101
136 122 147 122
136 123 145 123
136 125 141 126
136 127 147 127
136 141 147 141
136 187 146 187
136 191 144 191
136 196 146 196
135 212 146 212
136 214 146 214
136 217 145 217
136 235 146 235
136 244 148 244
137 9 142 10
136 14 148 14
137 21 148 21
137 22 146 22
137 24 148 24
137 40 147 40
137 90 147 90
137 100 146 100
137 113 147 113
137 115 148 115
136 134 148 134
137 143 147 143
137 147 145 147
137 148 142 150
137 166 147 166
137 167 148 167
137 177 148 177
137 180 147 180
137 186 146 186
137 192 147 192
137 213 149 213
137 221 148 221
137 223 149 223
137 234 146 234
137 242 142 243
137 247 146 247
138 13 148 13
138 32 150 32
138 36 148 36
138 37 149 37
138 41 147 41
138 47 148 47
138 48 148 48
138 59 142 60
138 64 149 64
138 65 149 65
138 82 148 82
137 84 149 84
138 98 148 98
138 109 149 109
138 130 149 130
138 137 146 137
138 142 149 142
138 170 148 170
138 178 143 179
138 193 149 193
138 219 147 219
138 230 139 233
138 236 148 236
138 246 147 246
139 51 150 51
139 95 146 95
139 102 149 102
139 105 150 105
139 116 151 116
139 139 150 139
139 145 143 146
139 154 149 154
139 162 149 162
139 163 150 163
139 164 146 164
139 197 143 198
139 216 149 216
139 225 147 225
139 228 148 228
139 229 149 229
139 237 150 237
139 238 144 239
140 16 148 16
140 38 147 38
140 43 151 43
140 44 151 44
140 54 144 55
140 67 149 67
140 87 143 88
140 89 150 89
140 94 149 94
140 96 144 97
140 110 143 112
140 120 152 120
140 151 150 151
139 157 150 157
140 171 143 173
140 188 151 188
140 190 150 190
140 200 151 200
140 203 148 203
140 206 147 206
140 220 148 220
140 224 149 224
140 227 149 227
140 230 148 230
140 231 143 233
140 249 147 249
141 0 151 0
141 4 150 4
141 39 152 39
141 52 151 52
141 63 149 63
141 69 152 69
140 76 152 76
141 99 148 99
141 106 150 106
141 129 152 129
141 133 150 133
141 153 148 153
141 160 151 160
141 165 152 165
141 175 149 175
141 185 152 185
141 195 151 195
141 210 151 210
141 215 151 215
142 15 154 15
141 33 153 33
142 50 154 50
142 56 151 56
142 79 150 79
141 91 153 91
142 107 153 107
142 118 152 118
142 121 153 121
142 125 154 125
142 138 151 138
142 152 153 152
142 168 151 168
141 174 153 174
142 183 151 183
142 194 152 194
142 202 153 202
142 211 153 211
141 226 153 226
143 9 154 9
143 10 153 10
143 19 154 19
143 28 147 29
143 42 153 42
143 58 146 60
143 61 153 61
143 68 153 68
143 71 148 72
143 74 154 74
143 117 154 117
143 136 153 136
143 148 152 148
143 149 154 149
142 169 154 169
143 184 154 184
143 201 155 201
143 208 153 208
143 242 147 243
144 7 152 7
144 11 153 11
144 18 154 18
144 20 153 20
144 25 155 25
144 30 148 31
144 34 154 34
144 66 156 66
144 70 154 70
144 73 154 73
144 80 149 81
144 87 153 87
144 88 154 88
144 110 147 112
144 119 155 119
143 126 155 126
143 128 155 128
144 132 153 132
144 145 148 146
143 150 154 150
144 159 155 159
144 171 148 172
144 173 154 173
144 178 155 178
143 189 155 189
144 198 156 198
144 232 154 232
144 233 155 233
144 240 155 240
145 2 156 2
144 5 156 5
145 6 153 6
145 12 155 12
145 17 154 17
145 26 154 26
145 46 156 46
145 53 156 53
145 54 150 55
145 83 153 83
145 96 153 96
145 97 154 97
145 108 154 108
145 114 154 114
145 135 156 135
145 140 156 140
145 158 157 158
145 161 154 161
145 176 154 176
145 191 155 191
145 209 154 209
145 238 156 238
145 241 152 241
144 245 156 245
146 27 155 27
146 45 156 45
146 57 156 57
146 78 157 78
146 85 156 85
146 86 158 86
146 101 156 101
145 103 157 103
146 104 157 104
146 123 157 123
146 131 157 131
146 144 156 144
146 147 153 147
146 181 151 182
145 204 157 204
146 217 156 217
146 222 157 222
147 1 158 1
147 3 158 3
147 22 157 22
147 23 158 23
147 35 158 35
146 49 158 49
147 59 156 59
147 60 156 60
147 62 156 62
147 77 157 77
147 95 154 95
147 100 158 100
147 124 157 124
147 137 158 137
147 155 157 155
147 164 158 164
146 179 158 179
147 186 152 187
147 196 155 196
147 207 157 207
147 212 159 212
147 214 155 214
147 218 158 218
147 234 158 234
147 235 154 235
147 247 157 247
147 248 156 248
148 28 152 29
148 38 155 38
148 40 158 40
148 75 158 75
148 92 155 92
148 93 159 93
148 110 159 110
148 111 150 113
148 122 160 122
148 127 159 127
148 141 156 141
148 143 159 143
148 166 159 166
148 180 160 180
148 192 159 192
147 199 159 199
148 205 153 206
148 219 158 219
148 225 156 225
147 231 159 231
148 242 152 243
148 246 158 246
148 249 159 249
148 8 160 8
149 13 157 13
149 14 160 14
149 16 159 16
149 21 160 21
149 24 161 24
149 30 157 30
149 31 158 31
149 36 158 36
149 47 154 48
148 58 159 58
149 71 154 72
149 82 158 82
149 98 158 98
149 99 160 99
149 115 159 115
149 134 159 134
149 145 158 145
149 146 157 146
149 153 160 153
148 156 160 156
149 167 160 167
149 170 160 170
149 171 160 171
149 172 158 172
149 177 159 177
149 203 156 203
149 220 157 220
149 221 159 221
149 228 159 228
149 230 159 230
148 239 160 239
150 37 160 37
150 63 157 63
150 64 155 65
150 67 161 67
150 80 157 80
150 81 157 81
150 84 161 84
150 90 161 90
150 94 158 94
150 102 159 102
150 109 159 109
150 130 158 130
150 142 161 142
150 154 161 154
150 162 160 162
150 175 157 175
150 193 161 193
150 216 157 216
150 223 155 224
150 227 158 227
150 229 161 229
149 244 161 244
151 4 161 4
151 32 163 32
151 51 162 51
151 54 156 55
151 79 159 79
151 89 161 89
151 105 162 105
151 106 159 106
151 111 161 111
151 112 155 113
151 133 160 133
151 139 161 139
151 151 158 151
151 157 161 157
151 163 159 163
151 190 161 190
150 197 162 197
150 213 162 213
150 236 162 236
151 237 162 237
152 0 162 0
152 43 162 43
152 44 163 44
152 52 163 52
152 116 163 116
152 138 161 138
152 160 162 160
152 168 161 168
152 181 155 183
152 188 164 188
152 195 164 195
152 200 163 200
152 210 159 210
152 215 162 215
153 7 165 7
153 28 158 29
153 39 165 39
153 41 165 41
152 56 163 56
153 69 164 69
153 76 164 76
153 118 164 118
153 129 165 129
153 148 163 148
153 165 160 165
153 185 163 185
153 186 158 187
153 194 164 194
153 241 163 241
153 242 164 242
154 6 165 6
154 10 164 10
154 11 164 11
154 33 162 33
154 61 163 61
154 68 161 68
154 83 164 83
154 87 165 87
154 91 165 91
154 96 164 96
154 107 165 107
154 121 165 121
154 132 163 132
154 136 164 136
154 147 165 147
154 152 165 152
154 174 165 174
154 202 165 202
154 205 166 205
154 206 164 206
154 208 165 208
154 211 161 211
154 226 163 226
153 243 165 243
155 9 165 9
155 17 165 17
155 18 160 20
155 26 164 26
155 34 166 34
155 47 160 48
155 50 162 50
155 70 158 72
155 73 164 73
155 74 166 74
155 88 164 88
155 95 165 95
155 97 166 97
155 108 166 108
155 114 165 114
155 117 166 117
154 120 165 120
155 125 166 125
155 149 159 150
155 161 162 161
155 169 165 169
155 173 164 173
155 176 166 176
155 209 166 209
155 232 164 232
155 235 165 235
156 12 167 12
155 15 167 15
156 25 166 25
156 27 164 27
156 38 164 38
156 64 164 64
156 65 168 65
156 92 167 92
156 112 166 112
156 113 166 113
156 119 166 119
156 126 167 126
156 128 165 128
156 159 166 159
156 178 164 178
156 181 160 182
156 183 167 183
156 189 165 189
156 191 167 191
156 196 167 196
156 201 167 201
156 214 167 214
156 224 167 224
156 233 167 233
156 240 167 240
157 2 168 2
157 5 168 5
157 45 162 46
157 53 160 55
157 57 167 57
157 59 161 60
157 62 166 62
157 66 166 66
157 85 165 85
157 101 165 101
157 140 169 140
157 144 168 144
157 203 167 203
157 217 167 217
157 225 169 225
157 238 167 238
157 245 169 245
157 248 167 248
158 13 169 13
158 22 169 22
158 30 169 30
158 63 167 63
158 77 162 78
158 80 161 81
158 103 166 103
158 104 169 104
158 123 163 124
158 131 169 131
158 146 168 146
158 155 167 155
158 175 168 175
158 204 169 204
158 207 166 207
158 216 169 216
158 220 169 220
158 222 168 222
157 223 169 223
158 247 168 247
159 1 169 1
159 3 170 3
159 23 169 23
159 28 164 29
159 31 169 31
159 35 163 36
159 40 170 40
159 49 170 49
159 70 162 72
159 75 166 75
159 82 170 82
159 94 170 94
159 98 168 98
159 100 167 100
159 130 169 130
158 135 170 135
159 137 171 137
159 145 168 145
159 151 169 151
158 158 170 158
159 164 170 164
159 172 169 172
159 179 168 179
158 184 170 184
159 187 168 187
159 218 163 219
159 227 169 227
159 234 170 234
159 246 170 246
160 16 171 16
159 42 171 42
160 58 170 58
160 79 170 79
160 93 170 93
160 102 170 102
160 106 171 106
160 109 164 110
160 115 169 115
160 127 169 127
160 134 171 134
160 143 170 143
160 149 163 150
160 163 170 163
160 166 168 166
160 177 169 177
160 192 171 192
160 198 164 199
160 210 170 210
160 221 170 221
160 228 171 228
160 230 165 231
160 249 167 249
161 8 171 8
161 18 166 20
161 21 172 21
161 37 173 37
161 47 171 47
161 48 173 48
161 53 171 53
161 54 166 55
161 99 171 99
161 122 172 122
161 133 172 133
161 153 172 153
161 156 172 156
161 162 171 162
161 165 170 165
161 167 170 167
161 170 166 171
161 180 166 181
161 182 170 182
160 186 172 186
161 239 172 239
162 4 172 4
162 59 166 60
162 67 166 68
162 80 172 80
162 81 173 81
162 84 173 84
161 86 173 86
162 89 171 89
162 90 173 90
162 111 173 111
162 138 172 138
162 139 173 139
162 141 165 142
162 157 172 157
162 168 171 168
162 190 169 190
162 193 171 193
162 211 167 212
162 229 172 229
162 244 173 244
163 43 174 43
163 45 171 45
163 46 171 46
163 50 173 50
163 51 173 51
163 70 173 70
163 71 168 72
163 77 174 77
163 78 173 78
163 105 171 105
163 160 166 161
163 197 173 197
163 213 170 213
163 215 174 215
163 236 170 236
163 237 174 237
164 35 167 36
164 44 175 44
164 52 176 52
164 56 172 56
164 61 172 61
164 116 174 116
164 123 168 124
164 132 172 132
164 148 175 148
164 150 175 150
164 185 175 185
164 200 173 200
164 218 167 219
164 226 174 226
164 241 174 241
164 0 176 0
165 10 169 11
165 26 167 29
165 38 176 38
165 64 176 64
165 69 176 69
165 73 175 73
165 76 175 76
165 83 175 83
165 88 177 88
165 96 176 96
165 109 177 109
165 110 175 110
165 118 175 118
165 149 177 149
165 173 176 173
165 178 176 178
165 188 177 188
165 194 170 195
165 199 174 199
165 206 174 206
165 232 175 232
165 242 175 242
166 6 176 6
166 9 178 9
166 41 177 41
166 85 177 85
166 87 177 87
166 91 174 91
166 95 178 95
166 101 176 101
166 107 178 107
166 114 176 114
166 120 171 121
166 128 175 128
166 136 178 136
166 141 176 141
166 142 176 142
166 147 173 147
166 152 176 152
166 174 175 174
166 189 177 189
165 198 176 198
166 202 176 202
166 230 170 231
166 235 175 235
166 243 175 243
166 7 176 7
167 17 170 20
167 24 179 24
167 25 176 25
167 32 170 34
167 54 177 54
167 55 178 55
167 59 175 59
167 60 178 60
167 62 178 62
167 66 178 66
167 67 172 68
167 74 171 75
167 97 178 97
167 103 175 103
167 108 176 108
167 112 171 113
167 119 178 119
167 125 174 125
166 129 178 129
167 159 170 161
167 169 173 170
167 171 177 171
167 176 175 176
167 180 177 180
167 181 178 181
167 205 177 205
167 207 176 207
167 208 172 209
168 12 179 12
168 15 178 15
168 26 171 27
168 28 179 28
168 29 178 29
168 35 178 35
168 36 177 36
168 57 175 57
168 63 179 63
168 92 178 92
168 100 179 100
168 126 178 126
168 155 178 155
168 183 177 183
168 191 179 191
168 196 178 196
168 201 178 201
168 203 178 203
168 211 179 211
168 212 177 212
168 214 177 214
168 217 172 218
168 219 177 219
168 224 178 224
168 233 179 233
168 238 178 238
168 240 177 240
168 248 177 248
168 249 178 249
169 2 181 2
169 5 180 5
168 39 179 39
169 71 179 71
169 72 180 72
169 98 180 98
169 123 174 124
169 144 172 146
169 166 181 166
169 175 179 175
169 179 178 179
169 187 180 187
169 222 177 222
169 247 180 247
170 1 182 1
170 10 175 11
170 13 181 13
170 22 174 23
170 30 181 30
170 31 180 31
170 104 180 104
170 115 180 115
169 117 181 117
170 127 181 127
170 130 175 131
170 151 179 151
170 177 180 177
170 190 180 190
170 204 180 204
170 216 181 216
170 220 180 220
170 223 177 223
170 227 179 227
171 3 179 3
170 14 182 14
171 17 174 19
171 20 182 20
171 32 180 32
171 40 182 40
171 49 182 49
171 58 179 58
171 82 182 82
171 93 179 93
171 94 180 94
171 102 182 102
171 135 178 135
171 143 182 143
171 158 173 161
171 163 181 163
171 164 181 164
171 165 182 165
171 167 182 167
170 172 182 172
171 182 181 182
171 184 182 184
171 194 175 195
171 213 180 213
171 221 181 221
171 230 176 231
171 234 181 234
171 236 182 236
171 245 176 246
172 8 181 8
172 16 183 16
172 26 177 27
172 42 181 42
172 45 174 47
172 53 180 53
172 65 184 65
172 74 175 75
172 89 184 89
172 105 182 105
172 106 183 106
172 112 177 113
172 120 184 120
172 134 182 134
172 137 182 137
171 154 183 154
172 162 183 162
172 168 179 168
172 192 177 193
172 228 180 228
173 4 182 4
173 21 181 21
172 33 178 34
173 56 184 56
173 61 182 61
173 67 178 68
173 80 184 80
173 122 184 122
173 132 179 133
173 138 183 138
173 144 178 145
173 146 180 146
173 156 177 157
173 186 181 186
173 208 176 210
173 217 178 218
173 229 185 229
173 239 184 239
174 50 178 51
174 70 185 70
174 78 179 79
174 81 184 81
174 86 185 86
174 90 181 90
174 111 185 111
173 121 185 121
174 139 184 139
174 147 183 147
174 158 178 159
174 200 181 200
175 17 179 18
175 19 186 19
175 23 186 23
175 43 185 43
175 45 177 48
175 77 186 77
175 91 185 91
174 99 186 99
175 116 184 116
175 123 180 124
175 125 185 125
175 160 187 160
174 169 186 169
175 199 187 199
175 206 185 206
175 215 185 215
175 225 181 226
175 237 186 237
176 10 186 10
176 11 187 11
176 44 185 44
176 57 185 57
176 59 186 59
176 73 180 74
176 75 185 75
176 76 186 76
176 83 187 83
176 103 187 103
176 110 188 110
176 118 186 118
176 128 184 128
176 130 184 130
176 131 187 131
176 148 184 148
176 150 186 150
176 174 184 174
176 176 184 176
176 185 186 185
176 194 180 195
176 232 185 232
176 235 184 235
176 241 178 244
177 0 188 0
177 6 182 7
177 37 182 38
177 64 188 64
177 69 188 69
177 96 185 96
177 101 189 101
177 108 187 108
177 114 187 114
177 140 182 141
177 142 188 142
177 152 188 152
177 173 188 173
177 178 188 178
177 197 182 198
177 202 188 202
177 207 180 209
177 210 186 210
177 230 181 231
177 246 186 246
178 25 180 27
178 36 188 36
178 41 190 41
178 45 181 47
178 48 188 48
178 54 186 54
178 84 181 85
178 87 189 87
178 109 190 109
178 112 189 112
178 113 187 113
177 153 189 153
178 156 189 156
178 157 187 157
178 170 183 171
178 180 189 180
178 183 189 183
178 188 182 189
178 192 182 193
178 205 187 205
178 212 189 212
178 214 190 214
178 219 189 219
178 222 187 222
178 223 185 223
178 240 189 240
177 245 189 245
178 248 187 248
179 15 190 15
179 29 189 29
179 33 190 33
179 34 184 35
179 50 191 50
179 55 191 55
179 62 190 62
179 66 188 66
179 67 182 68
179 92 191 92
179 97 187 97
179 119 190 119
179 126 191 126
179 129 190 129
179 135 184 136
179 144 182 145
179 158 184 159
179 179 191 179
179 181 189 181
179 196 190 196
179 201 187 201
179 203 188 203
179 217 189 217
179 224 191 224
179 238 189 238
179 241 184 242
179 243 184 244
179 249 188 249
180 3 192 3
180 9 192 9
180 12 191 12
180 17 186 18
180 22 192 22
180 28 192 28
180 39 189 39
180 58 191 58
180 63 189 63
180 71 191 71
180 78 191 78
180 79 191 79
180 93 191 93
180 100 192 100
180 151 187 151
180 155 192 155
180 161 192 161
180 168 188 168
180 191 192 191
180 211 191 211
180 227 191 227
180 233 189 233
181 5 192 5
181 24 184 26
181 27 192 27
181 31 192 31
181 32 192 32
181 52 186 53
181 72 185 73
181 74 191 74
181 94 192 94
181 98 191 98
181 104 193 104
181 115 188 115
181 123 191 123
181 124 191 124
181 146 193 146
181 177 190 177
181 187 192 187
181 190 189 190
181 194 184 195
181 204 188 204
181 207 190 207
181 209 192 209
181 213 191 213
181 220 193 220
181 228 192 228
181 247 193 247
182 8 193 8
182 13 192 13
182 21 193 21
182 30 194 30
182 42 193 42
182 45 191 45
182 46 186 47
182 51 193 51
182 84 193 84
182 85 194 85
182 88 194 88
182 90 194 90
182 107 194 107
182 117 192 117
182 127 193 127
182 163 187 164
182 175 194 175
182 182 193 182
182 186 192 186
182 200 193 200
181 208 193 208
182 216 194 216
182 218 194 218
182 221 191 221
182 230 186 231
182 234 192 234
183 4 195 4
183 6 191 6
183 7 192 7
183 14 192 14
183 20 193 20
183 37 191 37
183 38 195 38
183 40 194 40
183 49 191 49
183 61 193 61
183 67 188 68
183 82 192 82
183 95 195 95
183 102 190 102
183 105 194 105
183 132 195 132
183 134 195 134
183 137 194 137
183 140 188 141
183 143 194 143
183 144 189 145
183 165 194 165
183 166 188 167
183 172 195 172
183 184 193 184
183 188 195 188
183 189 194 189
183 192 193 192
183 193 193 193
183 197 186 198
183 236 194 236
184 16 196 16
184 60 196 60
184 106 196 106
184 138 193 138
184 147 196 147
184 149 196 149
184 154 196 154
184 162 195 162
184 170 196 170
184 171 195 171
185 25 195 25
185 34 196 34
185 35 195 35
185 56 195 56
185 80 191 81
185 89 197 89
185 116 197 116
185 120 195 120
185 122 195 122
185 128 195 128
185 130 197 130
184 133 195 133
185 135 197 135
185 139 196 139
185 158 195 158
185 159 197 159
185 174 195 174
185 194 189 195
184 225 196 225
184 226 196 226
185 235 197 235
185 239 197 239
185 241 195 241
185 242 196 243
185 244 196 244
186 43 189 44
186 57 197 57
186 70 197 70
186 72 191 73
186 75 197 75
186 86 197 86
186 91 196 91
186 96 196 96
186 121 195 121
186 125 197 125
186 176 198 176
186 206 196 206
186 215 195 215
186 223 196 223
186 232 196 232
187 10 199 10
187 17 189 19
187 23 191 24
186 26 198 26
187 46 191 47
187 52 199 52
187 53 192 54
187 59 197 59
187 76 199 76
187 77 199 77
187 99 199 99
187 118 198 118
187 150 198 150
187 169 198 169
187 185 197 185
187 197 191 198
187 210 199 210
187 230 198 230
187 231 198 231
187 237 198 237
187 246 199 246
187 2 199 2
188 11 199 11
188 83 197 83
188 97 197 97
188 103 198 103
188 108 199 108
188 113 194 114
188 131 199 131
188 148 199 148
188 151 198 151
188 163 197 163
188 164 197 164
188 201 199 201
188 205 199 205
188 248 197 248
189 0 193 1
189 48 199 48
189 64 193 66
189 67 196 67
189 68 194 69
189 115 199 115
189 140 192 142
189 152 198 152
189 166 192 168
189 178 199 178
189 202 199 202
189 203 199 203
189 204 199 204
189 249 199 249
190 17 194 18
190 19 198 19
190 29 198 29
190 39 198 39
190 43 193 44
190 63 199 63
190 111 195 112
190 144 199 144
190 145 199 145
190 153 199 153
190 156 198 156
189 157 199 157
190 180 199 180
190 181 199 181
190 183 199 183
190 194 196 195
190 217 199 217
190 233 198 233
190 245 199 245
190 87 199 87
191 101 195 102
191 119 199 119
191 177 199 177
191 196 199 196
191 207 199 207
191 214 199 214
190 240 199 240
192 23 198 24
192 36 196 37
192 45 195 47
192 49 198 50
191 62 199 62
192 71 197 72
192 73 197 74
192 78 194 81
192 92 199 93
192 179 199 179
192 197 198 198
192 211 195 213
192 221 196 222
192 224 199 224
193 5 196 7
193 12 196 15
193 27 198 28
193 31 195 33
193 53 199 54
193 140 199 141
193 167 198 168
193 186 197 187
193 190 197 191
193 227 196 229
194 0 199 1
194 8 199 9
194 20 198 22
194 41 199 42
194 43 199 44
194 65 199 66
194 109 198 110
194 192 197 193
194 199 199 200
194 208 199 209
195 78 198 81
195 84 199 85
195 104 199 105
195 136 199 138
194 219 199 220
196 3 199 4
196 30 199 33
196 45 199 47
196 100 199 102
196 111 199 113
196 120 197 124
196 126 199 129
196 132 199 134
196 171 199 174
196 211 199 213
197 5 199 7
197 12 198 17
197 34 199 37
197 67 199 69
197 221 199 223
197 225 199 227
197 241 199 244
198 55 199 61
198 70 199 75
198 120 199 125
198 158 198 166
198 184 199 193
199 12 199 20
199 21 199 29
199 158 199 168
199 228 199 239
