4271
0 0 1 5
0 6 1 11
0 12 1 17
0 18 1 23
0 24 1 29
0 30 1 35
0 36 1 41
0 42 2 45
0 46 1 51
0 52 1 57
0 58 1 63
0 64 1 69
0 70 1 75
0 76 1 81
0 82 1 87
0 88 0 97
0 98 2 101
0 102 1 107
0 108 1 113
0 114 1 119
0 120 1 125
0 126 1 131
0 132 0 141
0 142 1 147
0 148 1 153
0 154 1 159
0 160 1 165
0 166 1 171
0 172 1 177
0 178 1 183
0 184 1 189
0 190 1 195
0 196 0 205
0 206 1 211
0 212 1 217
0 218 1 223
0 224 0 233
0 234 1 239
0 240 1 245
0 246 3 248
0 249 11 249
1 88 3 91
1 92 2 97
1 132 1 141
1 196 6 197
1 198 2 203
1 204 6 205
1 224 3 227
1 228 2 233
2 0 3 5
2 6 5 8
2 9 3 14
2 15 3 20
2 21 3 26
2 27 3 32
2 33 3 38
2 39 5 41
2 46 3 51
2 52 3 57
2 58 3 63
2 64 4 67
2 68 4 71
2 72 3 77
2 78 3 83
2 84 4 87
2 102 3 107
2 108 3 113
2 114 3 119
2 120 3 125
2 126 3 131
2 132 4 135
2 136 3 141
2 142 3 147
2 148 3 153
2 154 3 159
2 160 3 165
2 166 4 169
2 170 4 173
2 174 3 179
2 180 3 185
2 186 3 191
2 192 4 195
2 206 3 211
2 212 3 217
2 218 3 223
2 234 3 239
2 240 3 245
3 42 6 44
3 45 14 45
3 92 4 97
3 98 5 101
3 198 5 201
3 202 14 202
3 203 14 203
3 228 4 233
4 0 5 5
4 9 5 14
4 15 5 20
4 21 7 23
4 24 5 29
4 30 5 35
4 36 7 38
4 46 5 51
4 52 5 57
4 58 5 63
4 72 5 77
4 78 5 83
4 88 6 91
4 102 9 103
4 104 12 104
4 105 5 110
4 111 5 116
4 117 5 122
4 123 5 128
4 129 6 131
4 136 5 141
4 142 5 147
4 148 9 149
4 150 5 155
4 156 5 161
4 162 6 165
4 174 5 179
4 180 5 185
4 186 5 191
4 206 5 211
4 212 5 217
4 218 5 223
4 224 9 225
4 226 9 227
4 234 6 237
4 238 4 248
5 64 6 69
5 84 7 87
5 92 6 97
5 132 7 135
5 166 6 171
5 172 10 173
5 192 7 195
5 228 6 233
5 238 6 243
5 244 8 246
5 247 13 247
5 248 16 248
6 0 7 5
6 6 7 11
6 12 7 17
6 18 11 19
6 20 17 20
6 24 7 29
6 30 7 35
6 39 8 41
6 46 9 48
6 49 7 54
6 55 7 60
6 61 8 63
6 70 6 81
6 82 11 83
6 98 8 101
6 105 6 116
6 117 7 122
6 123 8 126
6 127 11 128
6 136 8 139
6 140 7 145
6 146 11 147
6 150 7 155
6 156 7 161
6 174 7 179
6 180 7 185
6 186 7 191
6 198 8 201
6 206 7 211
6 212 7 217
6 218 7 223
7 42 10 44
7 64 8 69
7 70 8 75
7 76 8 81
7 88 8 93
7 94 9 97
7 105 9 108
7 109 8 114
7 115 12 116
7 129 9 131
7 162 8 167
7 168 9 171
7 196 12 197
7 204 12 205
7 228 8 233
7 234 7 243
8 0 10 3
8 4 9 9
8 10 9 15
8 16 13 17
8 21 9 26
8 27 9 32
8 33 9 38
8 49 9 54
8 55 9 60
8 84 10 87
8 117 9 122
8 132 10 135
8 140 10 143
8 144 13 145
8 150 9 155
8 156 9 161
8 174 9 179
8 180 9 185
8 186 9 191
8 192 10 195
8 206 9 211
8 212 9 217
8 218 9 223
8 234 9 239
8 240 11 242
8 243 19 243
9 39 11 41
9 61 10 66
9 67 10 72
9 73 10 78
9 79 11 81
9 88 10 93
9 98 11 101
9 109 11 112
9 114 17 114
9 123 11 126
9 136 11 139
9 162 10 167
9 198 11 201
9 228 10 233
9 244 11 246
10 4 11 9
10 10 11 15
10 21 11 26
10 27 11 32
10 33 11 38
10 46 11 51
10 52 11 57
10 58 13 60
10 94 12 97
10 102 18 102
10 105 12 108
10 113 21 113
10 117 11 122
10 129 13 131
10 148 11 153
10 154 11 159
10 160 15 161
10 168 12 171
10 174 11 179
10 180 11 185
10 186 11 191
10 206 11 211
10 212 11 217
10 218 11 223
10 224 12 227
10 234 12 237
10 238 15 239
11 0 13 3
11 42 14 44
11 61 12 66
11 67 12 72
11 73 12 78
11 84 12 89
11 90 13 93
11 132 13 135
11 140 13 143
11 162 12 167
11 172 16 173
11 192 13 195
11 228 12 233
12 4 13 9
12 10 13 15
12 18 17 19
12 21 14 24
12 25 13 30
12 31 13 36
12 37 14 40
12 41 23 41
12 46 14 49
12 50 13 55
12 56 17 57
12 79 14 82
12 98 15 100
12 101 20 101
12 109 14 112
12 117 13 122
12 123 13 128
12 136 14 139
12 146 13 151
12 152 13 157
12 158 20 158
12 159 23 159
12 174 13 179
12 180 13 185
12 186 13 191
12 198 14 201
12 206 13 211
12 212 13 217
12 218 13 223
12 240 14 242
12 244 15 246
12 249 20 249
13 61 14 66
13 67 14 72
13 73 14 78
13 83 14 88
13 89 24 89
13 94 15 97
13 103 14 108
13 115 18 116
13 162 14 167
13 168 15 171
13 196 18 197
13 204 18 205
13 224 16 226
13 227 14 232
13 233 15 236
13 237 24 237
14 0 15 5
14 6 15 11
14 12 15 17
14 25 15 30
14 31 15 36
14 50 15 55
14 58 16 60
14 90 16 93
14 117 15 122
14 123 15 128
14 129 15 134
14 135 22 135
14 140 15 145
14 146 15 151
14 152 17 154
14 155 17 157
14 174 15 179
14 180 15 185
14 186 15 191
14 192 16 195
14 206 15 211
14 212 15 217
14 218 15 223
14 247 22 247
15 21 17 24
15 37 17 40
15 42 16 47
15 48 20 49
15 61 16 66
15 67 16 72
15 73 17 76
15 77 16 82
15 83 20 84
15 85 17 88
15 103 16 108
15 109 17 112
15 136 20 137
15 138 20 139
15 162 16 167
15 198 16 203
15 227 16 232
15 240 18 242
16 0 17 5
16 6 17 11
16 12 17 17
16 25 17 30
16 31 17 36
16 50 17 55
16 94 17 99
16 100 24 100
16 117 17 122
16 123 17 128
16 129 18 132
16 133 21 134
16 140 18 143
16 144 17 149
16 150 21 151
16 160 27 160
16 161 27 161
16 168 18 171
16 174 17 179
16 180 17 185
16 186 17 191
16 206 17 211
16 212 17 217
16 218 17 223
16 233 18 236
16 238 21 239
16 244 18 246
17 42 18 47
17 58 18 63
17 64 18 69
17 71 22 72
17 77 18 82
17 90 19 93
17 103 18 108
17 162 18 167
17 172 22 173
17 192 19 195
17 198 18 203
17 224 18 229
17 230 22 231
17 232 26 232
17 248 25 248
18 0 19 5
18 6 19 11
18 12 19 17
18 18 19 23
18 24 19 29
18 30 19 35
18 36 21 38
18 39 23 40
18 50 19 55
18 56 23 57
18 73 20 76
18 85 20 88
18 94 19 99
18 109 20 112
18 114 29 114
18 117 20 120
18 121 19 126
18 127 23 128
18 144 19 149
18 152 19 157
18 174 19 179
18 180 19 185
18 186 19 191
18 206 20 209
18 210 19 215
18 216 19 221
18 222 23 223
19 42 20 47
19 58 20 63
19 64 20 69
19 77 20 82
19 102 20 107
19 108 27 108
19 115 24 116
19 129 21 132
19 140 22 142
19 143 27 143
19 162 20 167
19 168 21 171
19 196 20 201
19 202 21 205
19 224 20 229
19 233 21 236
19 240 22 242
19 244 22 246
20 0 21 5
20 6 21 11
20 12 21 17
20 18 21 23
20 24 22 27
20 28 21 33
20 34 25 35
20 50 21 55
20 70 31 70
20 90 21 95
20 96 22 99
20 121 21 126
20 144 22 147
20 148 25 149
20 152 25 153
20 154 22 157
20 174 20 185
20 186 21 191
20 192 25 193
20 194 28 194
20 195 31 195
20 210 21 215
20 216 21 221
20 243 31 243
21 42 22 47
21 48 26 49
21 58 22 63
21 64 22 69
21 73 22 78
21 79 22 84
21 85 23 88
21 101 23 104
21 105 23 107
21 109 23 112
21 117 32 117
21 118 24 120
21 136 24 138
21 139 29 139
21 158 29 158
21 162 22 167
21 174 32 174
21 175 26 176
21 177 23 180
21 181 23 184
21 185 32 185
21 196 22 201
21 206 23 209
21 224 22 229
21 249 32 249
22 0 23 5
22 6 23 11
22 12 23 17
22 18 23 23
22 28 23 33
22 36 24 38
22 50 23 55
22 90 23 95
22 113 31 113
22 121 24 124
22 125 27 126
22 129 23 134
22 150 27 151
22 168 24 171
22 186 23 191
22 202 24 205
22 210 23 215
22 216 23 221
22 233 24 236
22 238 27 239
23 24 25 27
23 42 24 47
23 58 24 63
23 64 24 69
23 71 24 76
23 77 24 82
23 84 34 84
23 96 25 99
23 135 31 135
23 140 26 142
23 144 25 147
23 154 34 154
23 155 26 157
23 162 24 167
23 172 28 173
23 196 24 201
23 224 24 229
23 230 28 231
23 240 28 241
23 244 25 247
24 0 25 5
24 6 25 11
24 12 26 15
24 16 25 21
24 22 29 23
24 28 25 33
24 39 27 41
24 50 25 55
24 56 29 57
24 85 29 86
24 87 29 88
24 90 25 95
24 101 25 106
24 107 35 107
24 109 26 112
24 127 25 132
24 133 32 133
24 159 32 159
24 177 25 182
24 183 29 184
24 186 25 191
24 206 25 211
24 212 25 217
24 218 25 223
24 242 35 242
25 36 28 38
25 42 28 44
25 45 28 47
25 58 26 63
25 64 26 69
25 71 26 76
25 77 26 82
25 83 36 83
25 89 33 89
25 100 34 100
25 115 36 115
25 116 36 116
25 118 28 120
25 121 28 123
25 134 36 134
25 136 27 138
25 162 26 167
25 168 27 171
25 196 26 201
25 202 33 202
25 203 33 203
25 205 33 205
25 224 26 229
25 233 27 236
25 237 33 237
26 0 27 5
26 6 27 11
26 16 27 21
26 24 27 29
26 30 28 33
26 34 37 34
26 50 27 55
26 90 27 95
26 96 29 98
26 101 29 103
26 104 31 105
26 106 37 106
26 124 37 124
26 127 27 132
26 144 27 149
26 152 31 153
26 177 27 182
26 186 27 191
26 192 31 193
26 206 27 211
26 212 27 217
26 218 27 223
26 244 28 247
26 248 35 248
27 12 29 15
27 48 32 49
27 58 28 63
27 64 28 69
27 71 29 74
27 75 28 80
27 82 38 82
27 109 29 112
27 140 30 142
27 155 30 157
27 162 28 167
27 175 32 176
27 196 28 201
27 224 28 229
27 232 38 232
28 0 29 5
28 6 29 11
28 16 29 21
28 24 29 29
28 39 30 41
28 50 29 55
28 90 29 95
28 99 39 99
28 108 39 108
28 125 33 126
28 127 30 130
28 131 33 132
28 136 31 138
28 143 29 148
28 149 30 151
28 160 39 160
28 168 30 171
28 177 29 182
28 186 29 191
28 204 39 204
28 206 29 211
28 212 29 217
28 218 29 223
28 233 30 236
28 239 39 239
29 30 31 33
29 35 31 38
29 42 31 45
29 46 34 47
29 58 30 63
29 64 30 69
29 75 30 80
29 118 30 123
29 161 30 166
29 167 37 167
29 172 34 173
29 194 37 194
29 196 30 201
29 224 30 229
29 230 34 231
29 240 34 241
29 244 31 247
30 0 31 5
30 6 31 11
30 12 31 17
30 18 32 21
30 22 31 27
30 28 35 29
30 50 35 51
30 52 41 52
30 53 32 56
30 57 41 57
30 71 33 73
30 85 32 88
30 90 31 95
30 96 33 98
30 101 35 102
30 103 38 103
30 109 32 112
30 114 38 114
30 139 41 139
30 143 31 148
30 158 41 158
30 177 31 182
30 183 35 184
30 186 31 191
30 206 31 211
30 212 31 217
30 218 31 223
31 39 33 41
31 58 32 63
31 64 32 69
31 74 32 79
31 80 36 81
31 118 32 123
31 127 33 130
31 140 33 142
31 149 34 151
31 155 33 157
31 161 32 166
31 168 33 171
31 196 32 201
31 224 32 229
31 233 34 235
31 236 42 236
32 0 33 5
32 6 33 11
32 12 33 17
32 22 33 27
32 30 34 33
32 35 34 38
32 42 34 45
32 90 33 95
32 104 43 104
32 105 43 105
32 135 34 138
32 143 33 148
32 152 37 153
32 177 33 182
32 186 33 191
32 192 37 193
32 206 32 215
32 216 33 221
32 222 37 223
32 243 34 246
32 247 40 247
33 18 35 21
33 48 38 49
33 53 35 56
33 58 34 63
33 64 34 69
33 74 34 79
33 85 35 88
33 109 35 112
33 117 34 122
33 123 41 123
33 133 44 133
33 159 44 159
33 161 34 166
33 174 38 175
33 176 44 176
33 195 35 198
33 200 38 201
33 206 36 208
33 209 34 214
33 215 41 215
33 224 34 229
33 238 44 238
34 0 36 3
34 4 36 7
34 8 35 13
34 14 36 17
34 22 35 27
34 39 36 41
34 70 45 70
34 71 37 73
34 89 35 94
34 95 45 95
34 97 42 97
34 98 42 98
34 125 35 130
34 131 39 132
34 140 35 145
34 146 45 146
34 147 45 147
34 148 42 148
34 155 36 157
34 168 36 171
34 177 35 182
34 185 35 190
34 191 45 191
34 202 39 203
34 205 42 205
34 216 35 221
34 237 42 237
35 30 37 33
35 35 37 38
35 42 36 47
35 58 36 63
35 64 36 69
35 74 36 79
35 84 46 84
35 117 36 122
35 135 37 138
35 149 38 151
35 154 43 154
35 161 36 166
35 172 40 173
35 199 46 199
35 209 36 214
35 224 36 229
35 230 40 231
35 233 37 235
35 240 40 241
35 243 37 246
36 8 39 10
36 11 39 13
36 18 37 23
36 24 37 29
36 50 41 51
36 53 38 56
36 85 37 90
36 91 39 93
36 94 47 94
36 100 38 102
36 107 45 107
36 109 38 112
36 125 38 128
36 129 41 130
36 140 37 145
36 177 37 182
36 183 37 188
36 189 41 190
36 195 38 198
36 216 37 221
36 242 44 242
37 0 38 5
37 6 42 7
37 14 39 17
37 39 38 44
37 45 40 47
37 58 38 63
37 64 39 67
37 68 45 68
37 69 45 69
37 74 38 79
37 80 45 80
37 81 48 81
37 113 48 113
37 115 42 116
37 117 38 122
37 134 48 134
37 155 39 157
37 161 38 166
37 168 40 170
37 171 48 171
37 206 38 211
37 212 48 212
37 213 42 214
37 224 39 227
37 228 42 229
38 18 39 23
38 24 39 29
38 30 39 35
38 36 40 38
38 71 43 72
38 73 49 73
38 83 49 83
38 85 39 90
38 106 46 106
38 124 46 124
38 135 40 138
38 140 39 145
38 152 43 153
38 167 49 167
38 177 39 182
38 183 39 188
38 192 40 194
38 216 39 221
38 222 43 223
38 233 40 235
38 243 40 246
39 0 40 5
39 39 40 44
39 48 44 49
39 53 41 56
39 58 41 61
39 62 44 63
39 74 42 76
39 77 41 79
39 82 50 82
39 96 50 96
39 100 41 103
39 109 41 112
39 114 47 114
39 117 40 122
39 125 41 128
39 149 41 151
39 161 40 166
39 174 44 175
39 195 41 198
39 200 47 200
39 201 47 201
39 206 42 208
39 209 42 211
39 232 50 232
40 8 41 13
40 14 41 19
40 20 41 25
40 26 40 35
40 64 42 67
40 85 41 90
40 91 43 93
40 99 51 99
40 108 48 108
40 131 45 132
40 140 41 145
40 155 42 157
40 160 48 160
40 177 41 182
40 183 41 188
40 202 42 204
40 216 41 221
40 224 42 227
40 239 51 239
41 0 42 5
41 26 42 31
41 32 42 37
41 38 41 47
41 117 42 122
41 135 43 138
41 161 42 166
41 168 43 170
41 172 46 173
41 192 44 194
41 230 46 231
41 233 44 235
41 240 46 241
41 243 42 248
42 8 44 11
42 12 43 17
42 18 43 23
42 24 47 25
42 38 43 43
42 44 47 45
42 46 47 47
42 50 43 55
42 56 43 61
42 77 44 79
42 85 43 90
42 100 44 103
42 109 44 112
42 123 51 123
42 125 43 130
42 139 43 144
42 145 53 145
42 149 53 149
42 150 47 151
42 158 50 158
42 177 44 180
42 181 43 186
42 187 44 190
42 195 44 198
42 215 44 218
42 219 44 221
43 0 44 5
43 6 48 7
43 26 44 31
43 32 44 37
43 64 45 67
43 74 45 76
43 97 48 98
43 115 45 118
43 119 45 122
43 148 51 148
43 155 45 157
43 161 44 166
43 202 44 207
43 208 45 211
43 213 48 214
43 224 44 229
43 236 48 237
43 243 44 248
44 12 45 17
44 18 45 23
44 38 45 43
44 50 45 55
44 56 45 61
44 71 49 72
44 85 45 90
44 91 47 93
44 104 49 105
44 125 45 130
44 135 45 140
44 141 46 144
44 152 53 152
44 154 55 154
44 168 46 170
44 181 45 186
44 222 49 223
45 0 46 5
45 8 47 11
45 26 46 31
45 32 46 37
45 48 50 49
45 62 50 63
45 77 47 79
45 100 47 103
45 109 47 112
45 133 56 133
45 153 56 153
45 159 53 159
45 161 46 166
45 174 47 177
45 178 50 179
45 180 53 180
45 187 47 190
45 192 46 197
45 198 56 198
45 202 46 207
45 215 47 218
45 219 47 221
45 224 46 229
45 233 56 233
45 234 56 234
45 235 53 235
45 238 53 238
45 242 46 247
45 248 50 249
46 12 47 17
46 18 47 23
46 38 47 43
46 50 47 55
46 56 51 57
46 58 49 60
46 61 54 61
46 64 47 69
46 70 57 70
46 74 49 76
46 80 54 80
46 85 47 90
46 95 54 95
46 107 57 107
46 115 47 120
46 121 51 122
46 125 47 130
46 131 57 131
46 135 47 140
46 146 51 147
46 155 48 157
46 181 47 186
46 191 54 191
46 208 48 211
47 0 48 5
47 26 48 31
47 32 48 37
47 84 56 84
47 106 55 106
47 124 58 124
47 141 49 144
47 161 48 166
47 168 50 170
47 172 52 173
47 192 48 197
47 199 56 199
47 202 48 207
47 224 48 229
47 230 52 231
47 240 48 245
47 246 52 247
48 8 49 13
48 14 49 19
48 20 49 25
48 38 49 43
48 44 50 47
48 50 50 53
48 54 53 55
48 64 50 67
48 68 53 69
48 77 50 79
48 85 49 90
48 91 50 94
48 100 50 103
48 109 50 112
48 114 53 115
48 116 57 116
48 117 50 120
48 125 49 130
48 135 49 140
48 150 53 151
48 174 50 177
48 181 49 186
48 187 50 190
48 200 56 200
48 201 59 201
48 215 49 220
48 221 56 221
49 0 50 5
49 6 54 7
49 26 51 29
49 30 50 35
49 36 54 37
49 81 57 81
49 97 54 98
49 108 57 108
49 113 57 113
49 132 60 132
49 134 57 134
49 155 52 157
49 160 50 165
49 166 58 166
49 171 57 171
49 192 50 197
49 202 50 207
49 208 50 213
49 214 60 214
49 224 50 229
49 236 58 236
49 240 50 245
50 8 51 13
50 14 51 19
50 20 51 25
50 38 51 43
50 58 53 60
50 71 51 76
50 85 51 90
50 104 55 105
50 125 51 130
50 135 51 140
50 141 52 144
50 167 61 167
50 181 51 186
50 215 51 220
50 222 55 223
51 0 52 5
51 30 52 35
51 44 52 49
51 50 54 52
51 53 59 53
51 62 52 67
51 77 54 79
51 82 56 83
51 91 53 94
51 96 62 96
51 100 56 101
51 102 56 103
51 109 53 112
51 117 53 120
51 158 59 158
51 160 52 165
51 168 54 170
51 174 53 177
51 178 56 179
51 187 56 188
51 189 62 189
51 192 54 194
51 195 53 197
51 202 52 207
51 208 52 213
51 224 52 229
51 232 59 232
51 237 62 237
51 240 52 245
51 249 59 249
52 8 53 13
52 14 53 19
52 20 53 25
52 26 54 29
52 38 54 41
52 42 57 43
52 56 57 57
52 71 53 76
52 85 54 88
52 89 57 90
52 99 60 99
52 122 61 122
52 125 53 130
52 135 55 137
52 138 55 140
52 146 54 148
52 181 53 186
52 215 53 220
52 239 63 239
51 248 60 248
53 0 54 5
53 30 54 35
53 44 54 49
53 62 54 67
53 141 55 144
53 155 55 157
53 160 54 165
53 172 64 172
53 173 64 173
53 202 54 207
53 208 54 213
53 224 54 229
53 230 64 230
53 231 64 231
53 240 54 245
53 246 58 247
54 8 55 13
54 14 57 16
54 17 55 22
54 23 57 25
54 54 59 55
54 58 57 60
54 68 59 69
54 71 55 76
54 91 56 94
54 109 56 112
54 114 59 115
54 117 57 119
54 120 59 121
54 125 55 130
54 145 62 145
54 149 59 150
54 151 59 152
54 159 65 159
54 174 56 177
54 180 55 185
54 186 65 186
54 195 56 197
54 215 55 220
54 235 62 235
54 238 65 238
55 0 56 5
55 6 60 7
55 26 56 31
55 32 57 35
55 36 56 41
55 44 56 49
55 50 58 52
55 61 56 66
55 67 63 67
55 77 57 80
55 85 60 86
55 87 60 88
55 95 63 95
55 97 60 98
55 146 58 148
55 160 56 165
55 168 57 170
55 190 57 193
55 194 66 194
55 202 60 203
55 204 57 207
55 208 60 209
55 210 57 213
55 224 57 227
55 229 63 229
55 240 56 245
56 8 58 11
56 12 61 13
56 17 57 22
56 71 57 76
56 104 58 106
56 123 67 123
56 125 57 130
56 135 57 140
56 141 58 144
56 154 58 157
56 180 57 185
56 215 57 220
56 222 61 223
57 0 58 5
57 26 58 31
57 36 58 41
57 44 58 49
57 61 58 66
57 82 60 84
57 91 62 92
57 93 62 94
57 100 59 103
57 109 62 110
57 111 62 112
57 133 65 133
57 153 68 153
57 160 58 165
57 174 58 179
57 187 62 188
57 195 58 200
57 221 66 221
57 233 62 234
57 240 58 245
58 14 59 19
58 20 59 25
58 32 60 35
58 42 69 42
58 56 60 59
58 60 66 60
58 70 59 75
58 76 59 81
58 89 63 90
58 107 63 108
58 113 66 113
58 117 61 119
58 125 59 130
58 131 66 131
58 134 60 137
58 138 61 140
58 168 60 171
58 180 59 185
58 190 69 190
58 191 61 193
58 204 61 206
58 207 69 207
58 210 60 213
58 215 59 220
58 224 61 226
58 227 63 228
59 0 60 5
59 8 61 11
59 26 60 31
59 36 60 41
59 43 62 45
59 46 60 51
59 52 67 52
59 61 60 66
59 104 62 106
59 141 61 144
59 146 62 148
59 154 61 157
59 160 60 165
59 174 60 179
59 195 60 200
59 240 60 245
59 246 64 247
60 14 61 19
60 20 61 25
60 53 63 55
60 68 61 73
60 74 61 79
60 80 65 81
60 100 62 103
60 114 65 115
60 120 68 120
60 121 71 121
60 124 61 129
60 130 71 130
60 149 62 152
60 158 71 158
60 180 61 185
60 201 71 201
60 215 61 220
60 232 68 232
60 249 71 249
61 0 62 5
61 6 66 7
61 26 62 31
61 32 62 37
61 38 63 41
61 46 62 51
61 56 63 59
61 61 62 66
61 82 62 87
61 97 72 97
61 98 69 98
61 99 72 99
61 134 63 137
61 160 62 165
61 166 72 166
61 168 64 170
61 171 72 171
61 174 62 179
61 195 62 200
61 202 66 203
61 208 62 213
61 214 69 214
61 240 62 245
61 248 69 248
62 8 63 13
62 14 63 19
62 20 63 25
62 68 63 73
62 74 63 79
62 88 73 88
62 116 64 119
62 124 63 129
62 132 73 132
62 138 63 143
62 144 70 144
62 154 65 156
62 157 70 157
62 167 70 167
62 180 63 185
62 191 65 193
62 204 67 205
62 206 73 206
62 215 63 220
62 222 64 225
62 226 70 226
63 0 64 5
63 26 64 31
63 32 64 37
63 43 64 48
63 49 66 51
63 61 64 66
63 82 64 87
63 91 65 94
63 101 68 102
63 103 65 106
63 109 65 112
63 122 74 122
63 145 64 150
63 151 68 152
63 160 64 165
63 174 64 179
63 187 66 189
63 195 64 200
63 208 64 213
63 233 65 236
63 240 64 245
64 8 65 13
64 14 64 23
64 24 69 25
64 38 67 40
64 41 75 41
64 53 65 58
64 59 75 59
64 67 65 72
64 73 65 78
64 79 72 79
64 89 69 90
64 95 69 96
64 107 69 108
64 124 65 129
64 134 65 139
64 140 66 143
64 180 65 185
64 215 66 218
64 219 69 220
64 227 69 228
64 229 75 229
64 237 75 237
65 0 66 5
65 14 70 15
65 16 68 18
65 19 67 22
65 26 66 31
65 32 66 37
65 43 66 48
65 61 66 66
65 82 66 87
65 116 67 119
65 145 66 150
65 160 66 165
65 168 68 170
65 172 66 177
65 178 70 179
65 195 68 197
65 198 70 199
65 208 66 213
65 222 67 225
65 230 70 231
65 239 66 244
65 245 67 247
66 8 67 13
66 53 67 58
66 67 67 72
66 73 67 78
66 80 71 81
66 91 68 94
66 100 77 100
66 103 68 106
66 109 68 112
66 114 71 115
66 124 67 129
66 133 67 138
66 139 75 139
66 154 68 156
66 159 77 159
66 180 67 185
66 186 75 186
66 191 77 191
66 192 77 192
66 193 74 193
66 233 69 235
66 238 77 238
67 0 68 5
67 6 78 6
67 7 75 7
67 26 68 31
67 32 69 35
67 36 72 37
67 43 68 48
67 49 69 51
67 60 68 65
67 66 75 66
67 82 69 85
67 86 72 87
67 113 78 113
67 131 78 131
67 140 69 143
67 145 69 148
67 149 72 150
67 160 68 165
67 172 68 177
67 187 69 189
67 194 78 194
67 200 78 200
67 202 72 203
67 208 68 213
67 215 69 218
67 236 78 236
67 239 68 244
68 8 69 13
68 19 71 21
68 22 73 23
68 38 73 39
68 40 79 40
68 52 69 57
68 58 79 58
68 67 69 72
68 73 69 78
68 116 71 118
68 119 79 119
68 123 73 124
68 125 70 128
68 129 79 129
68 133 70 136
68 137 73 138
68 180 69 185
68 204 73 205
68 221 70 224
68 225 79 225
68 245 71 247
69 0 70 5
69 16 71 18
69 26 70 31
69 43 70 48
69 60 70 65
69 91 71 94
69 101 70 106
69 109 71 112
69 120 80 120
69 151 70 156
69 160 71 163
69 165 80 165
69 168 71 170
69 172 70 177
69 195 72 197
69 208 70 213
69 232 77 232
69 239 70 244
70 8 71 13
70 24 75 25
70 32 72 35
70 42 78 42
70 49 71 54
70 55 75 56
70 57 78 57
70 67 71 72
70 73 71 78
70 82 72 85
70 89 75 90
70 95 75 96
70 98 78 98
70 107 78 107
70 140 72 143
70 145 72 148
70 164 81 164
70 180 71 185
70 187 72 190
70 207 81 207
70 214 71 219
70 220 81 220
70 227 75 228
70 233 81 233
70 234 75 235
70 248 78 248
71 0 74 2
71 3 73 5
71 14 76 15
71 26 72 31
71 43 73 46
71 47 76 48
71 60 73 63
71 64 76 65
71 101 73 104
71 105 76 106
71 125 73 128
71 133 73 136
71 144 79 144
71 151 73 154
71 156 82 156
71 157 82 157
71 167 82 167
71 172 72 177
71 178 76 179
71 198 76 199
71 208 73 211
71 212 76 213
71 221 73 224
71 226 82 226
71 230 76 231
71 239 72 244
72 8 73 13
72 16 73 21
72 49 73 54
72 67 73 72
72 73 73 78
72 80 77 81
72 91 74 94
72 108 74 111
72 112 83 112
72 114 74 117
72 118 80 118
72 121 83 121
72 130 80 130
72 158 80 158
72 160 74 163
72 168 75 170
72 180 73 185
72 214 73 219
72 245 74 247
72 249 80 249
73 26 74 31
73 32 74 37
73 79 81 79
73 82 75 85
73 86 78 87
73 97 81 97
73 99 84 99
73 140 75 143
73 145 74 150
73 166 81 166
73 171 75 174
73 175 76 177
73 187 75 190
73 195 75 197
73 201 75 203
73 239 74 244
74 3 76 5
74 8 75 13
74 16 75 21
74 22 79 23
74 38 79 39
74 43 76 46
74 49 75 54
74 60 76 63
74 67 75 72
74 73 75 78
74 88 85 88
74 101 76 104
74 123 75 128
74 132 75 137
74 138 85 138
74 151 76 154
74 180 75 185
74 204 76 206
74 208 76 211
74 214 75 219
74 221 76 224
75 0 78 2
75 26 76 31
75 32 76 37
75 91 77 94
75 108 78 110
75 111 86 111
75 114 77 117
75 145 76 150
75 160 77 163
75 193 83 193
75 239 86 239
75 241 76 246
75 247 83 247
76 7 77 12
76 13 87 13
76 16 77 21
76 24 81 25
76 41 87 41
76 49 77 54
76 55 81 56
76 59 84 59
76 66 77 71
76 72 77 77
76 78 84 78
76 82 79 84
76 89 81 90
76 95 81 96
76 122 87 122
76 123 77 128
76 132 77 137
76 139 78 142
76 143 84 143
76 155 87 155
76 168 77 173
76 174 87 174
76 180 77 185
76 186 78 189
76 190 84 190
76 195 78 197
76 201 79 203
76 214 77 219
76 227 81 228
76 229 84 229
76 234 81 235
76 237 84 237
77 3 80 5
77 14 82 15
77 26 78 31
77 32 78 37
77 43 78 48
77 60 78 65
77 101 78 106
77 145 80 147
77 148 82 149
77 150 82 151
77 152 79 154
77 175 79 178
77 179 85 179
77 198 82 199
77 204 80 206
77 208 79 211
77 212 82 213
77 221 79 224
77 230 82 231
77 240 78 245
77 246 85 246
78 7 81 9
78 10 83 11
78 16 79 21
78 49 79 54
78 66 79 71
78 72 80 75
78 80 83 81
78 85 89 85
78 91 80 94
78 114 80 117
78 123 79 128
78 132 79 137
78 159 80 162
78 163 89 163
78 168 80 171
78 172 83 173
78 180 79 185
78 191 83 192
78 214 79 219
78 232 89 232
78 238 86 238
79 0 81 2
79 6 87 6
79 26 80 31
79 32 80 37
79 42 80 47
79 48 87 48
79 57 90 57
79 60 84 61
79 62 81 65
79 76 90 76
79 86 84 87
79 98 90 98
79 100 80 105
79 106 81 109
79 110 88 110
79 131 90 131
79 139 81 142
79 186 81 189
79 197 87 197
79 200 90 200
79 236 87 236
79 240 80 245
79 248 90 248
80 16 81 21
80 22 85 23
80 38 83 40
80 49 81 54
80 58 89 58
80 66 81 71
80 82 83 84
80 113 91 113
80 119 91 119
80 123 85 124
80 125 82 128
80 129 89 129
80 132 81 137
80 144 88 144
80 152 83 154
80 175 82 178
80 180 81 185
80 201 82 203
80 208 82 211
80 214 81 219
80 221 85 222
80 223 83 225
81 3 83 5
81 26 82 31
81 32 82 37
81 42 82 47
81 72 83 75
81 91 83 94
81 100 82 105
81 114 83 117
81 118 89 118
81 130 89 130
81 145 84 147
81 158 84 160
81 161 86 162
81 165 90 165
81 168 86 169
81 170 86 171
81 194 92 194
81 204 84 206
81 240 82 245
81 249 92 249
82 0 85 2
82 7 85 9
82 16 87 17
82 18 85 20
82 21 91 21
82 24 87 25
82 49 83 54
82 55 87 56
82 62 83 67
82 68 84 71
82 77 93 77
82 79 90 79
82 89 87 90
82 95 85 97
82 106 84 109
82 132 83 137
82 139 87 140
82 141 87 142
82 164 93 164
82 166 90 166
82 180 83 185
82 186 85 188
82 189 93 189
82 214 83 219
82 220 91 220
82 227 87 228
82 233 85 235
83 12 94 12
83 26 84 31
83 32 85 35
83 36 88 37
83 42 86 44
83 45 86 47
83 100 84 105
83 125 85 128
83 148 88 149
83 150 88 151
83 156 88 157
83 175 85 178
83 195 94 195
83 198 88 199
83 201 86 203
83 207 85 210
83 211 85 213
83 226 91 226
83 230 88 231
83 240 84 245
84 3 86 5
84 10 89 11
84 14 95 14
84 38 86 40
84 49 85 54
84 62 85 67
84 72 86 75
84 80 95 80
84 81 86 84
84 91 86 94
84 112 95 112
84 114 89 115
84 116 89 117
84 120 89 121
84 132 85 137
84 152 86 154
84 167 95 167
84 172 89 173
84 180 85 185
84 191 86 193
84 214 85 219
84 223 89 224
84 225 92 225
84 247 92 247
85 26 86 31
85 59 87 61
85 68 88 70
85 71 96 71
85 78 93 78
85 86 90 87
85 99 86 104
85 105 87 108
85 109 93 109
85 143 96 143
85 145 88 147
85 158 88 160
85 190 96 190
85 204 87 206
85 229 93 229
85 237 94 237
85 240 86 245
86 0 89 2
86 7 88 9
86 18 97 18
86 19 91 20
86 22 91 23
86 32 88 35
86 49 87 54
86 62 87 67
86 88 95 88
86 95 89 97
86 123 91 124
86 125 88 128
86 132 87 137
86 138 97 138
86 175 87 180
86 181 87 186
86 187 91 188
86 207 87 212
86 213 87 218
86 219 94 219
86 221 91 222
86 233 88 235
86 246 97 246
87 3 90 5
87 15 98 15
87 26 88 31
87 38 90 40
87 42 88 47
87 72 89 75
87 81 89 84
87 91 90 93
87 94 98 94
87 99 88 104
87 111 98 111
87 152 89 154
87 161 92 162
87 168 89 171
87 191 89 193
87 201 90 203
87 238 88 243
87 244 92 245
88 6 99 6
88 13 99 13
88 16 93 17
88 24 93 25
88 41 99 41
88 48 89 53
88 54 90 56
88 59 89 64
88 65 90 67
88 89 93 90
88 105 90 108
88 122 99 122
88 132 89 137
88 139 90 142
88 155 99 155
88 174 89 179
88 180 89 185
88 186 99 186
88 197 96 197
88 204 89 209
88 210 89 215
88 216 90 218
88 227 99 227
88 228 96 228
88 236 96 236
89 7 92 9
89 26 90 31
89 32 90 37
89 42 97 42
89 44 91 47
89 68 94 69
89 70 100 70
89 99 90 104
89 125 91 128
89 144 91 147
89 148 91 151
89 156 91 159
89 198 100 198
89 199 100 199
89 230 94 231
89 233 92 235
89 238 90 243
90 0 92 2
90 10 95 11
90 48 92 51
90 52 95 53
90 58 91 63
90 64 101 64
90 72 92 75
90 81 92 84
90 85 98 85
90 95 93 97
90 114 92 117
90 118 98 118
90 120 95 121
90 129 95 130
90 132 91 137
90 152 95 153
90 154 101 154
90 163 98 163
90 168 91 173
90 174 91 179
90 180 92 183
90 185 101 185
90 191 95 192
90 193 98 193
90 196 101 196
90 204 91 209
90 210 91 215
90 223 95 224
90 232 101 232
91 3 102 3
91 4 96 5
91 26 92 31
91 32 92 37
91 38 94 40
91 54 93 57
91 65 93 67
91 76 102 76
91 79 102 79
91 86 96 87
91 91 93 93
91 98 93 101
91 102 92 107
91 108 102 108
91 131 99 131
91 139 93 142
91 160 102 160
91 165 102 165
91 166 102 166
91 200 93 203
91 216 96 217
91 218 99 218
91 238 92 243
91 248 99 248
92 19 95 21
92 22 97 23
92 43 94 46
92 47 101 47
92 58 93 63
92 119 103 119
92 123 93 128
92 132 93 137
92 144 97 145
92 146 93 151
92 156 94 159
92 168 93 173
92 174 93 179
92 187 103 187
92 188 100 188
92 204 93 209
92 210 93 215
92 220 94 222
92 226 103 226
93 0 96 2
93 7 96 9
93 26 94 31
93 32 95 35
93 36 98 37
93 48 95 51
93 72 95 75
93 81 95 84
93 102 94 107
93 113 96 115
93 116 98 117
93 161 98 162
93 180 95 183
93 184 104 184
93 194 101 194
93 225 101 225
93 233 95 235
93 238 94 243
93 244 98 245
93 247 101 247
93 249 102 249
94 16 99 17
94 25 105 25
94 54 95 59
94 60 96 63
94 65 96 67
94 77 99 78
94 89 96 92
94 93 105 93
94 95 95 100
94 101 105 101
94 109 105 109
94 123 95 128
94 132 95 137
94 139 96 142
94 146 96 149
94 150 99 151
94 164 102 164
94 168 95 173
94 174 95 179
94 189 102 189
94 200 95 205
94 206 95 211
94 212 96 215
94 229 105 229
95 12 103 12
95 26 96 31
95 38 98 40
95 43 97 46
95 68 100 69
95 102 96 107
95 110 106 110
95 156 97 159
95 195 103 195
95 219 97 222
95 230 100 231
95 237 96 242
95 243 106 243
96 10 101 11
96 14 104 14
96 19 101 20
96 32 98 35
96 48 97 53
96 54 97 59
96 72 98 75
96 80 98 83
96 84 104 84
96 88 107 88
96 95 97 100
96 112 104 112
96 120 101 121
96 123 97 128
96 129 107 129
96 130 107 130
96 132 97 137
96 152 101 153
96 167 97 172
96 173 97 178
96 179 98 182
96 191 101 192
96 200 97 205
96 206 97 211
96 223 107 223
96 224 107 224
96 233 98 235
97 0 102 1
97 2 108 2
97 4 105 4
97 5 105 5
97 7 99 9
97 26 98 31
97 60 99 63
97 65 99 67
97 71 108 71
97 86 102 87
97 89 99 92
97 102 98 107
97 113 102 114
97 115 105 115
97 139 99 142
97 143 105 143
97 146 99 149
97 190 105 190
97 197 105 197
97 212 99 215
97 216 102 217
97 228 105 228
97 236 98 241
97 242 108 242
98 21 100 24
98 42 100 45
98 46 109 46
98 48 99 53
98 54 99 59
98 95 100 98
98 99 103 100
98 123 99 128
98 132 99 137
98 138 106 138
98 144 103 145
98 156 100 159
98 167 99 172
98 173 99 178
98 183 109 183
98 200 99 205
98 206 99 211
98 219 100 222
99 15 107 15
99 26 100 31
99 32 100 37
99 38 102 40
99 72 101 75
99 80 101 83
99 85 108 85
99 94 107 94
99 102 100 107
99 111 107 111
99 116 102 118
99 161 102 163
99 179 101 182
99 193 107 193
99 233 100 238
99 239 102 241
99 244 101 246
100 6 103 8
100 9 111 9
100 13 111 13
100 16 111 16
100 17 111 17
100 41 108 41
100 48 101 53
100 54 101 59
100 60 102 63
100 65 102 67
100 77 105 78
100 89 102 92
100 122 101 127
100 128 111 128
100 131 101 136
100 137 108 137
100 139 102 142
100 146 101 151
100 167 101 172
100 173 101 178
100 186 108 186
100 200 101 205
100 206 103 208
100 209 101 214
100 215 108 215
100 218 111 218
100 227 108 227
100 248 109 248
101 21 103 24
101 26 102 31
101 32 102 37
101 42 103 45
101 68 106 69
101 70 112 70
101 95 103 98
101 102 106 103
101 104 103 107
101 155 103 158
101 188 109 188
101 198 106 199
101 219 103 222
101 230 106 231
101 233 102 238
102 18 104 20
102 47 103 52
102 53 103 58
102 59 110 59
102 72 104 75
102 80 104 83
102 120 103 125
102 126 107 127
102 131 103 136
102 146 103 151
102 152 105 154
102 167 103 172
102 173 103 178
102 179 104 182
102 185 110 185
102 191 107 192
102 194 113 194
102 196 110 196
102 200 103 205
102 209 103 214
102 225 110 225
102 244 104 247
103 0 114 0
103 1 111 1
103 3 114 3
103 26 104 31
103 32 104 37
103 38 106 40
103 60 104 65
103 66 111 66
103 76 114 76
103 79 111 79
103 86 108 87
103 89 105 92
103 108 114 108
103 113 108 114
103 116 108 117
103 139 106 141
103 142 114 142
103 159 104 164
103 165 108 166
103 189 111 189
103 216 108 217
103 232 104 237
103 238 105 241
104 6 107 8
104 10 107 12
104 21 106 24
104 42 106 45
104 47 105 52
104 53 105 58
104 95 105 100
104 104 106 107
104 118 105 123
104 124 109 125
104 131 105 136
104 144 105 149
104 150 109 151
104 155 106 158
104 167 109 168
104 170 112 170
104 171 105 176
104 177 109 178
104 187 115 187
104 195 112 195
104 200 105 205
104 206 105 211
104 212 106 214
104 219 106 222
104 226 112 226
105 14 113 14
105 18 108 20
105 26 106 31
105 32 106 37
105 60 106 65
105 72 108 74
105 75 116 75
105 80 106 84
105 112 116 112
105 160 110 161
105 162 108 164
105 179 107 182
105 184 113 184
105 232 106 237
105 244 107 247
106 4 111 5
106 25 117 25
106 47 107 52
106 53 107 58
106 67 117 67
106 77 111 78
106 89 108 92
106 93 117 93
106 95 107 100
106 101 117 101
106 115 114 115
106 118 107 123
106 131 107 136
106 143 108 146
106 147 111 148
106 149 117 149
106 152 109 154
106 169 117 169
106 171 109 173
106 174 108 176
106 190 117 190
106 197 114 197
106 200 107 205
106 206 107 211
106 228 111 229
106 239 111 240
106 241 114 241
107 21 109 24
107 26 109 29
107 30 107 39
107 40 115 40
107 42 109 45
107 60 108 65
107 68 112 69
107 80 109 83
107 84 115 84
107 102 108 107
107 109 112 110
107 138 109 141
107 155 109 158
107 198 112 199
107 212 110 214
107 219 109 222
107 230 108 235
107 236 110 238
107 243 115 243
108 6 110 8
108 10 119 10
108 11 119 11
108 15 119 15
108 30 110 33
108 34 109 39
108 47 109 52
108 53 109 58
108 88 119 88
108 94 110 97
108 98 111 100
108 111 119 111
108 118 109 123
108 126 113 127
108 129 110 132
108 133 110 136
108 159 119 159
108 179 110 182
108 191 110 193
108 200 109 205
108 206 109 211
108 223 113 224
108 244 110 247
109 2 117 2
109 18 111 20
109 41 117 41
109 60 111 63
109 64 114 65
109 71 111 74
109 85 112 87
109 89 111 92
109 102 111 105
109 106 114 107
109 113 114 114
109 116 114 117
109 137 117 137
109 143 111 146
109 162 111 165
109 166 117 166
109 174 114 175
109 176 117 176
109 186 117 186
109 215 111 217
109 227 117 227
109 230 110 235
109 242 117 242
110 21 112 24
110 26 113 28
110 29 121 29
110 34 111 39
110 42 111 47
110 48 111 53
110 54 113 56
110 57 115 58
110 80 112 83
110 118 111 123
110 124 115 125
110 138 112 141
110 150 111 155
110 156 112 158
110 167 115 168
110 171 113 173
110 177 115 178
110 183 118 183
110 188 118 188
110 200 111 205
110 206 111 211
110 219 112 222
110 248 115 249
111 6 113 8
111 30 113 33
111 59 122 59
111 94 113 97
111 129 112 134
111 135 116 136
111 160 116 161
111 179 113 182
111 185 119 185
111 191 114 193
111 196 122 196
111 212 114 214
111 225 122 225
111 230 112 235
111 236 114 238
111 244 113 247
112 1 123 1
112 4 117 5
112 9 123 9
112 13 120 13
112 16 115 18
112 19 117 20
112 34 113 39
112 42 113 47
112 48 117 49
112 50 114 53
112 60 114 63
112 66 120 66
112 71 114 74
112 77 114 79
112 89 114 92
112 98 114 100
112 102 114 105
112 118 113 123
112 128 123 128
112 143 113 148
112 150 113 155
112 162 114 165
112 189 123 189
112 200 113 205
112 206 113 211
112 215 114 218
112 228 117 229
112 239 117 240
113 21 115 24
113 68 121 68
113 69 121 69
113 80 115 83
113 85 115 87
113 109 124 109
113 110 121 110
113 129 114 134
113 138 116 140
113 156 115 158
113 170 121 170
113 195 124 195
113 198 118 199
113 219 115 222
113 226 121 226
113 230 115 233
113 234 118 235
114 6 116 8
114 14 125 14
114 26 116 28
114 30 115 35
114 36 116 39
114 42 115 47
114 54 117 56
114 94 116 97
114 118 115 123
114 126 119 127
114 141 125 141
114 143 115 148
114 150 115 155
114 171 117 173
114 179 116 182
114 184 123 184
114 194 125 194
114 200 115 205
114 206 115 211
114 223 119 224
114 244 117 246
114 247 125 247
115 0 126 0
115 3 123 3
115 50 117 53
115 60 116 65
115 70 117 73
115 74 126 74
115 76 117 79
115 89 117 92
115 98 117 100
115 102 116 107
115 108 123 108
115 113 117 116
115 117 123 117
115 129 116 134
115 142 126 142
115 162 117 165
115 174 120 175
115 191 117 193
115 197 124 197
115 212 117 215
115 216 126 216
115 217 120 218
115 236 118 238
115 241 126 241
116 16 121 17
116 18 124 18
116 21 118 24
116 30 117 35
116 40 127 40
116 42 117 47
116 57 121 58
116 80 117 85
116 86 121 87
116 118 117 123
116 124 121 125
116 143 117 148
116 150 117 155
116 156 119 158
116 167 127 167
116 177 121 178
116 187 127 187
116 200 121 201
116 202 117 207
116 208 118 211
116 219 118 222
116 230 119 232
116 233 124 233
116 243 124 243
116 248 121 249
117 6 119 8
117 26 119 28
117 36 119 39
117 60 118 65
117 75 125 75
117 94 119 97
117 102 118 107
117 112 125 112
117 129 118 134
117 135 122 136
117 138 119 140
117 160 122 161
117 168 128 168
117 179 119 182
118 2 126 2
118 4 123 5
118 19 123 20
118 25 126 25
118 30 119 35
118 41 119 46
118 47 119 52
118 53 120 56
118 67 126 67
118 70 120 73
118 76 119 81
118 82 120 85
118 89 120 92
118 93 129 93
118 98 120 101
118 113 123 114
118 115 126 115
118 116 129 116
118 118 120 121
118 122 123 123
118 137 126 137
118 143 119 148
118 149 119 154
118 155 126 155
118 162 120 165
118 166 129 166
118 171 129 171
118 172 123 173
118 176 126 176
118 186 129 186
118 190 120 193
118 202 120 205
118 206 123 207
118 212 120 215
118 227 121 229
118 239 123 240
118 242 126 242
118 244 121 246
119 21 121 24
119 60 120 65
119 102 120 107
119 129 120 134
119 183 127 183
119 188 127 188
119 198 124 199
119 208 121 211
119 219 121 222
119 234 121 237
119 238 127 238
120 6 123 8
120 10 123 12
120 15 128 15
120 26 125 27
120 28 131 28
120 30 121 35
120 36 122 39
120 41 121 46
120 47 123 49
120 50 123 52
120 76 123 78
120 79 123 81
120 88 128 88
120 94 122 97
120 111 131 111
120 126 125 127
120 138 122 140
120 143 121 148
120 149 121 154
120 156 122 159
120 179 122 182
120 185 131 185
120 223 125 224
120 230 122 232
121 13 132 13
121 53 123 56
121 60 122 65
121 66 129 66
121 70 123 73
121 82 123 85
121 89 123 92
121 98 122 103
121 104 124 106
121 107 129 107
121 118 123 121
121 129 124 131
121 132 123 134
121 162 126 163
121 164 126 165
121 174 132 174
121 175 132 175
121 190 123 193
121 202 123 205
121 212 123 215
121 217 126 218
122 16 133 16
122 21 133 21
122 23 127 24
122 29 123 34
122 35 133 35
122 41 123 46
122 57 127 58
122 68 127 69
122 86 127 87
122 110 131 110
122 124 127 125
122 143 123 148
122 149 123 154
122 169 127 170
122 177 127 178
122 200 127 201
122 208 125 210
122 211 133 211
122 219 125 221
122 222 133 222
122 226 124 229
122 234 124 237
122 244 124 246
122 248 127 249
123 36 125 39
123 59 125 62
123 63 125 65
123 94 124 99
123 100 125 103
123 135 128 136
123 138 126 140
123 156 124 161
123 179 125 182
123 196 134 196
123 225 131 225
123 230 125 232
124 1 133 1
124 3 126 6
124 7 125 12
124 19 129 20
124 22 135 22
124 29 125 34
124 41 125 46
124 47 124 56
124 70 129 71
124 72 129 73
124 76 129 77
124 78 125 83
124 84 129 85
124 89 126 92
124 108 132 108
124 113 129 114
124 117 135 117
124 118 126 121
124 122 132 122
124 128 135 128
124 132 135 132
124 133 135 133
124 134 133 134
124 143 125 148
124 149 125 154
124 172 129 173
124 189 126 192
124 193 133 193
124 202 125 207
124 212 126 215
124 239 135 239
124 240 135 240
125 18 136 18
125 47 126 52
125 53 127 56
125 94 126 99
125 104 128 106
125 129 127 131
125 156 126 161
125 195 136 195
125 197 127 199
125 226 127 229
125 233 127 236
125 237 133 237
125 243 127 246
126 7 127 12
126 14 134 14
126 26 131 27
126 29 127 34
126 36 137 36
126 37 129 39
126 41 127 46
126 59 127 64
126 65 137 65
126 75 134 75
126 78 127 83
126 100 128 103
126 109 137 109
126 112 137 112
126 126 131 127
126 141 134 141
126 143 127 148
126 149 127 154
126 179 128 182
126 202 127 207
126 208 128 210
126 219 128 221
126 223 131 224
126 230 137 230
126 231 131 232
126 247 137 247
127 0 138 0
127 2 129 5
127 25 135 25
127 47 128 52
127 67 135 67
127 74 135 74
127 89 130 91
127 92 135 92
127 94 128 99
127 115 138 115
127 118 129 121
127 137 129 140
127 142 138 142
127 155 128 160
127 161 129 164
127 176 138 176
127 189 129 192
127 212 128 217
127 218 135 218
127 241 132 242
128 6 129 11
128 23 133 24
128 29 131 31
128 34 136 34
128 40 129 45
128 46 139 46
128 53 129 58
128 59 129 64
128 68 133 69
128 78 130 81
128 82 133 83
128 86 133 87
128 123 130 125
128 129 130 131
128 143 129 148
128 149 129 154
128 167 136 167
128 169 133 170
128 177 133 178
128 183 133 184
128 187 133 188
128 197 129 202
128 203 130 206
128 207 139 207
128 226 131 228
128 229 139 229
128 233 130 236
128 238 136 238
128 243 130 246
128 248 133 249
129 15 140 15
129 32 134 33
129 47 130 52
129 88 137 88
129 94 130 99
129 100 130 105
129 106 137 106
129 135 134 136
129 155 130 160
129 165 140 165
129 168 140 168
129 179 131 182
129 208 132 210
129 212 130 217
129 219 132 221
130 2 131 7
130 8 132 11
130 19 138 19
130 20 141 20
130 37 131 42
130 43 132 45
130 53 131 58
130 59 131 64
130 66 141 66
130 70 132 73
130 76 135 77
130 84 135 85
130 107 141 107
130 113 141 113
130 114 141 114
130 116 138 116
130 118 132 121
130 137 132 140
130 143 131 148
130 149 131 154
130 161 132 164
130 166 141 166
130 171 135 172
130 173 141 173
130 186 138 186
130 189 132 192
130 194 141 194
130 197 131 202
131 17 142 17
131 47 132 52
131 78 133 81
131 89 133 91
131 93 132 98
131 99 132 104
131 105 139 105
131 123 134 125
131 129 136 130
131 131 142 131
131 155 132 160
131 203 133 206
131 212 132 217
131 233 133 236
131 243 133 246
132 2 134 5
132 6 137 7
132 26 133 31
132 37 133 42
132 53 133 58
132 59 133 64
132 126 137 127
132 143 133 148
132 149 133 154
132 179 134 182
132 185 143 185
132 197 133 202
132 223 134 226
132 227 137 228
132 231 143 231
133 8 134 13
133 43 135 45
133 47 134 52
133 70 135 73
133 93 134 98
133 99 134 104
133 108 141 108
133 118 135 121
133 122 141 122
133 137 135 140
133 155 134 160
133 161 135 164
133 174 138 175
133 189 135 192
133 208 136 210
133 212 134 217
133 219 135 221
133 241 138 242
134 1 145 1
134 16 142 16
134 23 139 24
134 26 135 31
134 35 143 35
134 37 135 42
134 53 136 56
134 57 135 62
134 63 139 64
134 68 139 69
134 78 135 83
134 86 139 87
134 89 136 91
134 110 139 111
134 143 139 144
134 145 135 150
134 151 136 154
134 169 142 169
134 170 145 170
134 177 139 178
134 183 139 184
134 187 139 188
134 197 137 199
134 200 135 205
134 206 145 206
134 211 145 211
134 222 145 222
134 232 135 237
134 243 136 246
134 249 143 249
135 2 137 5
135 8 136 13
135 14 146 14
135 47 138 49
135 50 138 52
135 75 143 75
135 93 136 98
135 99 136 104
135 123 138 125
135 134 137 136
135 141 143 141
135 155 136 160
135 179 137 182
135 193 146 193
135 196 146 196
135 212 136 217
135 223 137 226
135 248 146 248
136 22 147 22
136 25 137 30
136 31 141 32
136 37 137 42
136 43 139 45
136 57 137 62
136 67 147 67
136 70 138 73
136 74 144 74
136 76 137 81
136 82 138 85
136 92 144 92
136 117 138 120
136 121 147 121
136 128 145 128
136 132 141 133
136 137 138 140
136 145 137 150
136 161 138 164
136 171 141 172
136 189 138 192
136 200 137 205
136 218 138 221
136 232 137 237
136 239 141 240
137 8 139 11
137 12 148 12
137 13 148 13
137 18 145 18
137 21 148 21
137 34 148 34
137 53 139 56
137 89 139 91
137 93 138 98
137 99 138 104
137 129 142 130
137 151 139 154
137 155 138 160
137 167 145 167
137 195 145 195
137 208 140 210
137 212 138 217
137 238 148 238
137 243 140 245
137 246 148 246
138 2 139 7
138 25 139 30
138 36 139 41
138 42 146 42
138 57 139 62
138 65 146 65
138 76 139 81
138 88 146 88
138 106 146 106
138 109 149 109
138 112 149 112
138 126 143 127
138 134 141 136
138 145 141 147
138 148 143 149
138 179 140 182
138 197 139 202
138 203 141 205
138 223 140 226
138 227 143 228
138 230 146 230
138 232 139 237
138 247 146 247
139 0 150 0
139 19 147 19
139 47 140 52
139 70 141 73
139 82 150 82
139 83 142 85
139 93 141 96
139 97 144 98
139 99 142 101
139 102 144 103
139 104 150 104
139 115 140 120
139 123 141 125
139 137 141 140
139 142 150 142
139 155 142 157
139 158 140 163
139 164 147 164
139 174 142 176
139 186 148 186
139 189 141 192
139 212 140 217
139 218 141 221
139 241 144 242
140 2 141 7
140 8 142 11
140 23 141 28
140 29 145 30
140 36 141 41
140 43 142 46
140 53 141 58
140 59 141 64
140 68 145 69
140 76 141 81
140 86 145 87
140 89 143 91
140 105 148 105
140 143 145 144
140 150 143 152
140 153 145 154
140 177 148 177
140 178 151 178
140 183 145 184
140 187 145 188
140 197 141 202
140 229 151 229
140 232 141 237
141 15 149 15
141 47 142 52
141 111 152 111
141 115 142 120
141 158 142 163
141 165 149 165
141 168 149 168
141 179 143 182
141 207 143 210
141 212 142 217
141 223 143 226
142 2 143 7
142 20 153 20
142 23 150 23
142 24 153 24
142 25 144 28
142 31 144 33
142 36 143 41
142 53 143 58
142 59 143 64
142 66 150 66
142 70 144 73
142 76 143 81
142 93 144 96
142 107 147 108
142 113 147 114
142 122 144 125
142 132 143 137
142 138 144 140
142 145 145 147
142 166 153 166
142 171 145 173
142 189 144 192
142 194 150 194
142 197 143 202
142 203 153 203
142 205 150 205
142 218 144 221
142 232 143 237
142 239 147 240
143 8 145 11
143 16 148 17
143 43 144 48
143 49 145 52
143 83 146 85
143 99 146 101
143 115 144 120
143 130 148 131
143 155 144 160
143 161 145 163
143 169 154 169
143 174 146 176
143 212 144 217
144 2 146 5
144 6 149 7
144 35 145 40
144 41 152 41
144 53 146 56
144 57 145 62
144 63 149 64
144 75 145 80
144 81 155 81
144 89 149 90
144 91 155 91
144 126 155 126
144 127 155 127
144 129 155 129
144 132 145 137
144 141 153 141
144 148 146 151
144 152 155 152
144 179 146 182
144 185 155 185
144 197 145 202
144 207 149 208
144 209 149 210
144 223 145 228
144 232 145 237
144 245 155 245
144 249 155 249
145 25 147 28
145 31 147 33
145 43 146 48
145 70 147 73
145 74 153 74
145 92 146 97
145 98 156 98
145 102 150 103
145 115 146 120
145 122 147 125
145 138 148 140
145 155 156 155
145 156 148 158
145 159 150 160
145 189 147 192
145 204 156 204
145 212 146 217
145 218 147 221
145 241 147 244
146 1 154 1
146 9 149 11
146 18 157 18
146 29 151 30
146 35 147 40
146 49 148 52
146 57 147 62
146 68 151 69
146 75 147 80
146 86 151 87
146 132 147 137
146 143 148 146
146 147 154 147
146 153 151 154
146 161 148 163
146 167 154 167
146 170 148 173
146 183 151 184
146 187 151 188
146 195 154 195
146 197 147 202
146 206 157 206
146 211 157 211
146 222 147 227
146 228 157 228
146 231 147 236
146 237 157 237
147 2 149 5
147 14 155 14
147 42 148 47
147 48 156 48
147 53 149 56
147 65 158 65
147 83 150 85
147 88 155 88
147 92 148 97
147 99 149 101
147 106 155 106
147 115 148 120
147 128 158 128
147 148 149 151
147 174 150 176
147 179 149 182
147 193 156 193
147 196 155 196
147 212 148 217
147 230 158 230
147 247 152 248
148 8 159 8
148 19 156 19
148 22 159 22
148 25 150 28
148 31 151 33
148 35 150 38
148 39 153 40
148 57 151 59
148 60 150 62
148 67 159 67
148 70 150 73
148 75 149 80
148 107 153 108
148 110 159 110
148 113 153 114
148 121 150 124
148 125 156 125
148 132 149 137
148 164 157 164
148 189 150 192
148 197 149 202
148 218 149 223
148 224 150 227
148 231 149 236
148 239 149 244
149 12 154 13
149 16 154 17
149 21 157 21
149 34 157 34
149 42 150 47
149 49 151 52
149 92 150 97
149 105 160 105
149 115 150 120
149 130 154 131
149 138 154 139
149 143 151 146
149 156 151 158
149 161 151 163
149 170 151 173
149 177 160 177
149 212 150 217
149 238 157 238
149 246 157 246
150 2 151 7
150 9 152 11
150 15 161 15
150 53 152 56
150 63 155 64
150 75 151 80
150 89 155 90
150 99 153 101
150 109 158 109
150 112 161 112
150 132 151 137
150 148 152 151
150 165 161 165
150 168 158 168
150 179 155 180
150 181 155 182
150 197 151 202
150 207 152 210
150 218 151 223
150 231 151 236
150 239 151 244
151 0 162 0
151 23 159 23
151 25 153 28
151 35 153 38
151 42 152 47
151 60 154 62
151 66 162 66
151 70 153 73
151 82 153 85
151 92 152 97
151 102 159 102
151 103 156 104
151 115 152 120
151 121 153 124
151 142 159 142
151 159 156 160
151 174 153 176
151 189 153 192
151 194 159 194
151 205 162 205
151 212 152 217
151 224 153 227
152 2 153 7
152 29 154 32
152 33 161 33
152 49 154 52
152 57 154 59
152 68 157 69
152 75 154 78
152 79 157 80
152 86 157 87
152 132 153 137
152 140 163 140
152 143 154 146
152 153 157 154
152 156 155 158
152 161 154 163
152 170 154 173
152 178 160 178
152 183 157 184
152 186 154 188
152 197 153 202
152 218 153 223
152 229 160 229
152 231 153 236
152 239 155 241
152 242 154 244
153 9 156 11
153 41 154 46
153 47 164 47
153 53 155 56
153 92 154 97
153 111 161 111
153 115 154 120
153 148 155 151
153 207 155 210
153 212 156 214
153 215 156 217
153 247 158 248
154 2 155 7
154 24 157 26
154 27 162 27
154 35 155 40
154 70 156 73
154 74 162 74
154 82 159 83
154 84 159 85
154 99 156 101
154 107 159 108
154 113 159 114
154 121 156 124
154 132 155 137
154 166 162 166
154 174 156 176
154 189 156 192
154 197 155 202
154 203 165 203
154 218 155 223
154 224 156 227
154 231 155 236
155 1 166 1
155 12 160 13
155 16 160 17
155 28 157 31
155 32 166 32
155 41 156 46
155 49 157 52
155 57 156 62
155 75 157 78
155 92 166 92
155 93 157 96
155 97 163 97
155 115 156 120
155 130 160 131
155 138 160 139
155 143 157 146
155 147 163 147
155 161 158 163
155 167 163 167
155 169 157 172
155 173 164 173
155 186 158 188
155 195 166 195
155 242 157 244
156 2 159 4
156 5 158 7
156 14 165 14
156 35 157 40
156 53 158 56
156 63 161 64
156 81 164 81
156 88 159 90
156 106 167 106
156 126 161 127
156 129 165 129
156 132 157 137
156 148 158 151
156 152 164 152
156 156 158 158
156 179 158 182
156 185 164 185
156 196 157 201
156 202 164 202
156 207 158 210
156 218 157 223
156 231 161 232
156 233 158 236
156 239 159 241
156 245 167 245
156 249 164 249
157 9 162 10
157 11 165 11
157 19 165 19
157 41 158 46
157 57 158 62
157 70 159 73
157 91 168 91
157 98 159 101
157 103 162 104
157 115 157 124
157 125 165 125
157 155 168 155
157 159 162 160
157 174 159 176
157 189 159 192
157 204 168 204
157 212 158 217
157 224 159 227
158 20 163 21
158 24 160 26
158 28 160 31
158 34 159 39
158 48 160 51
158 52 166 52
158 68 163 69
158 75 159 80
158 86 163 87
158 93 160 96
158 115 159 120
158 121 163 122
158 123 163 124
158 132 159 137
158 143 160 146
158 153 163 154
158 169 160 172
158 183 163 184
158 196 159 201
158 206 169 206
158 211 169 211
158 218 159 223
158 228 169 228
158 237 163 238
158 242 161 244
158 246 169 246
159 5 161 7
159 40 164 41
159 42 161 45
159 53 160 58
159 59 161 62
159 65 170 65
159 109 168 109
159 128 167 128
159 148 161 151
159 156 164 157
159 158 170 158
159 161 161 164
159 168 167 168
159 179 161 182
159 186 170 186
159 187 164 188
159 207 161 210
159 212 160 217
159 230 167 230
159 233 161 236
159 247 164 248
160 2 168 2
160 3 171 3
160 8 171 8
160 22 165 23
160 34 161 39
160 46 171 46
160 67 171 67
160 70 162 73
160 75 161 80
160 82 162 85
160 88 163 90
160 98 162 101
160 102 171 102
160 107 165 108
160 110 171 110
160 113 161 118
160 119 165 120
160 132 161 137
160 141 165 142
160 174 162 176
160 189 161 194
160 196 161 201
160 218 161 223
160 224 162 227
160 239 162 241
161 4 172 4
161 12 166 13
161 16 163 18
161 24 164 26
161 28 163 31
161 48 164 50
161 51 172 51
161 53 162 58
161 93 163 96
161 105 172 105
161 130 166 131
161 138 166 139
161 143 164 145
161 146 169 146
161 169 163 172
161 177 166 178
161 212 162 217
161 229 169 229
162 5 165 7
162 15 170 15
162 33 163 38
162 39 173 39
162 42 173 42
162 44 167 45
162 59 163 64
162 75 163 80
162 111 164 114
162 115 164 118
162 126 167 127
162 132 163 137
162 148 164 151
162 161 164 164
162 165 170 165
162 179 164 182
162 189 163 194
162 196 163 201
162 207 164 210
162 218 163 223
162 231 165 233
162 234 164 236
162 242 165 244
163 0 174 0
163 9 168 10
163 27 171 27
163 43 174 43
163 53 164 58
163 66 174 66
163 70 166 72
163 73 168 74
163 82 165 85
163 98 165 101
163 103 168 104
163 159 168 160
163 166 174 166
163 174 166 176
163 205 174 205
163 212 164 217
163 224 165 227
163 239 165 241
164 16 166 18
164 20 169 21
164 28 166 31
164 33 167 35
164 36 167 38
164 59 165 64
164 68 175 68
164 75 165 80
164 86 166 89
164 90 175 90
164 93 166 96
164 97 172 97
164 121 166 124
164 132 165 137
164 147 172 147
164 153 169 154
164 167 172 167
164 169 166 172
164 183 169 184
164 189 165 194
164 196 165 201
164 218 165 223
164 237 169 238
165 24 167 26
165 40 170 41
165 47 168 49
165 50 176 50
165 53 166 58
165 69 176 69
165 81 176 81
165 111 166 116
165 117 170 118
165 143 167 145
165 148 170 149
165 150 168 152
165 156 170 157
165 161 167 164
165 173 176 173
165 179 167 182
165 185 173 185
165 187 170 188
165 202 173 202
165 207 167 210
165 212 166 217
165 234 168 236
165 247 168 249
166 5 169 7
166 11 177 11
166 19 174 19
166 22 175 22
166 23 177 23
166 59 167 64
166 75 167 80
166 82 168 85
166 98 171 99
166 100 171 101
166 107 171 108
166 119 171 120
166 125 174 125
166 129 177 129
166 132 171 133
166 134 171 135
166 136 177 136
166 137 175 137
166 141 174 141
166 142 177 142
166 189 167 194
166 196 167 201
166 203 175 203
166 218 167 223
166 224 168 227
166 231 169 233
166 239 167 244
167 1 178 1
167 12 172 13
167 16 169 18
167 28 169 31
167 52 172 53
167 54 169 57
167 58 175 58
167 70 170 72
167 86 169 89
167 92 169 95
167 96 175 96
167 111 169 114
167 115 172 116
167 121 170 123
167 130 175 130
167 131 178 131
167 138 169 140
167 169 170 171
167 174 169 177
167 195 178 195
167 212 169 215
167 216 178 216
167 217 178 217
168 24 179 24
168 25 179 25
168 26 179 26
168 32 169 37
168 38 176 38
168 44 173 45
168 59 170 62
168 63 173 64
168 75 169 80
168 106 176 106
168 126 171 128
168 143 170 145
168 161 170 164
168 168 179 168
168 178 170 181
168 182 176 182
168 189 169 194
168 196 169 201
168 207 170 210
168 218 169 223
168 230 176 230
168 239 169 244
169 2 180 2
169 9 180 9
169 10 177 10
169 47 172 49
169 73 174 74
169 82 171 85
169 91 177 91
169 103 177 103
169 104 177 104
169 150 171 152
169 155 180 155
169 159 174 160
169 204 177 204
169 224 172 226
169 227 180 227
169 234 172 236
169 249 180 249
170 5 172 7
170 16 172 18
170 20 175 21
170 28 171 33
170 34 172 37
170 54 172 57
170 75 171 80
170 86 173 88
170 89 181 89
170 92 172 95
170 111 172 114
170 124 181 124
170 138 175 139
170 146 178 146
170 153 175 154
170 174 175 175
170 176 175 177
170 183 175 184
170 189 171 194
170 196 171 201
170 206 178 206
170 211 172 214
170 215 178 215
170 218 171 223
170 228 175 229
170 231 172 233
170 237 171 242
170 243 171 248
171 14 176 15
171 40 176 41
171 59 173 62
171 65 182 65
171 70 174 72
171 117 176 118
171 121 173 123
171 143 174 145
171 148 176 149
171 156 173 158
171 161 173 164
171 165 179 165
171 169 173 172
171 178 173 181
171 186 173 188
171 207 173 210
172 3 183 3
172 8 183 8
172 27 173 32
172 46 183 46
172 75 173 80
172 82 175 84
172 98 175 100
172 101 177 102
172 107 174 110
172 119 177 120
172 126 174 128
172 132 174 135
172 150 174 152
172 189 173 194
172 196 173 201
172 218 173 223
172 237 173 242
172 243 173 248
173 4 175 7
173 12 178 13
173 16 175 18
173 33 175 36
173 47 175 49
173 51 174 56
173 57 184 57
173 92 175 95
173 97 181 97
173 105 184 105
173 111 174 116
173 147 181 147
173 167 182 167
173 211 175 214
173 224 181 224
173 226 184 226
173 231 174 236
174 27 175 32
174 39 182 39
174 42 182 42
174 44 179 45
174 59 175 64
174 75 175 80
174 85 176 88
174 121 177 123
174 156 176 158
174 161 176 164
174 170 177 172
174 178 176 181
174 185 175 190
174 191 176 194
174 196 175 201
174 202 185 202
174 207 176 210
174 218 175 223
174 237 176 240
174 241 175 246
174 247 179 248
175 19 183 19
175 43 184 43
175 51 176 56
175 66 183 66
175 70 177 73
175 74 183 74
175 107 176 112
175 113 177 116
175 125 180 126
175 127 180 128
175 132 177 135
175 141 186 141
175 143 180 144
175 145 183 145
175 150 177 152
175 159 180 160
175 166 186 166
175 169 186 169
175 205 186 205
175 231 176 236
176 0 187 0
176 4 178 7
176 16 178 18
176 20 179 22
176 27 177 32
176 33 178 36
176 47 181 48
176 58 177 63
176 64 184 64
176 67 181 68
176 75 177 80
176 82 179 84
176 90 184 90
176 92 178 95
176 96 184 96
176 98 179 100
176 130 184 130
176 137 178 140
176 154 184 154
176 174 178 177
176 183 178 186
176 187 179 189
176 190 184 190
176 196 177 201
176 211 178 214
176 218 177 223
176 228 181 229
176 241 177 246
177 14 182 15
177 37 182 38
177 40 182 41
177 49 178 54
177 55 182 56
177 69 188 69
177 81 185 81
177 85 188 85
177 86 185 86
177 87 182 88
177 106 180 108
177 110 185 110
177 111 188 111
177 112 188 112
177 117 182 118
177 148 182 149
177 156 179 158
177 162 180 164
177 173 185 173
177 178 179 181
177 182 188 182
177 191 179 194
177 203 188 203
177 207 179 210
177 230 178 235
177 236 179 239
177 240 185 240
178 10 183 11
178 23 187 23
178 27 179 32
178 58 179 63
178 70 180 73
178 75 179 80
178 91 186 91
178 101 180 104
178 109 189 109
178 113 180 116
178 119 180 122
178 123 186 123
178 129 189 129
178 132 181 134
178 135 183 136
178 142 186 142
178 150 181 152
178 153 189 153
178 170 183 171
178 172 189 172
178 196 179 201
178 204 186 204
178 218 179 223
178 241 179 246
179 4 181 7
179 12 184 13
179 16 182 18
179 33 181 36
179 49 180 54
179 92 181 95
179 131 190 131
179 137 181 140
179 146 187 146
179 174 181 177
179 183 181 186
179 195 187 195
179 206 187 206
179 211 180 216
179 217 187 217
179 230 180 235
180 20 185 21
180 22 191 22
180 24 181 29
180 30 182 32
180 45 191 45
180 58 181 63
180 75 181 80
180 82 185 83
180 84 191 84
180 98 183 100
180 156 185 157
180 161 191 161
180 165 191 165
180 168 189 168
180 178 182 181
180 187 183 189
180 191 182 194
180 196 182 199
180 200 185 201
180 207 182 210
180 218 181 223
180 236 182 239
180 241 181 246
180 247 185 248
181 9 192 9
181 44 192 44
181 49 182 54
181 70 183 73
181 101 184 103
181 104 192 104
181 106 183 108
181 113 183 116
181 119 183 122
181 125 183 128
181 143 186 144
181 158 183 160
181 162 183 164
181 211 183 214
181 215 192 215
181 216 189 216
181 227 192 227
181 230 182 235
181 249 189 249
182 4 184 7
182 24 183 29
182 33 187 34
182 35 193 35
182 48 191 48
182 58 184 61
182 62 187 63
182 67 187 68
182 75 183 80
182 89 190 89
182 92 184 95
182 97 190 97
182 124 191 124
182 133 187 134
182 137 184 140
182 147 190 147
182 150 185 152
182 174 184 177
182 183 184 186
182 218 183 223
182 224 187 225
182 228 187 229
182 241 183 246
183 14 185 17
183 18 194 18
183 30 186 32
183 36 184 41
183 42 194 42
183 49 186 51
183 52 185 55
183 56 192 56
183 87 194 87
183 88 194 88
183 117 188 118
183 132 194 132
183 148 194 148
183 167 194 167
183 178 185 181
183 191 185 194
183 196 185 199
183 207 188 208
183 209 188 210
183 230 184 235
183 236 185 239
184 1 186 3
184 8 192 8
184 10 189 11
184 19 193 19
184 24 185 29
184 46 189 47
184 66 195 66
184 70 185 75
184 76 186 79
184 98 187 100
184 106 187 108
184 113 186 116
184 119 186 122
184 125 186 128
184 135 189 136
184 145 192 145
184 149 195 149
184 158 195 158
184 159 189 160
184 162 187 164
184 170 189 171
184 187 186 189
184 211 186 214
184 218 185 223
184 241 185 246
185 4 187 7
185 12 190 13
185 36 186 41
185 57 187 60
185 61 196 61
185 64 193 64
185 80 196 80
185 90 194 90
185 92 187 95
185 96 196 96
185 101 187 103
185 105 196 105
185 130 196 130
185 137 187 140
185 154 190 155
185 174 187 177
185 183 187 186
185 190 196 190
185 226 196 226
185 230 186 235
186 14 188 17
186 20 191 21
186 24 187 29
186 43 197 43
186 52 189 54
186 55 195 55
186 70 188 73
186 74 191 75
186 81 188 83
186 86 197 86
186 110 197 110
186 150 189 152
186 156 191 157
186 173 195 173
186 178 188 181
186 191 188 194
186 196 187 201
186 202 195 202
186 218 187 223
186 236 187 241
186 242 187 247
186 248 195 248
187 3 198 3
187 30 190 32
187 36 188 41
187 49 189 51
187 76 189 79
187 91 198 91
187 113 189 116
187 119 189 122
187 123 195 123
187 125 189 128
187 141 189 144
187 169 198 169
187 187 189 189
187 204 192 205
187 211 189 214
187 230 188 235
188 0 191 2
188 4 190 7
188 23 189 28
188 29 197 29
188 33 193 34
188 57 190 60
188 62 193 63
188 67 193 68
188 92 190 95
188 98 190 101
188 102 193 103
188 106 190 108
188 133 193 134
188 137 190 140
188 146 197 146
188 162 191 164
188 174 190 177
188 183 191 185
188 186 196 186
188 195 189 200
188 201 199 201
188 206 197 206
188 217 189 222
188 223 190 225
188 228 193 229
188 236 189 241
188 242 189 247
189 14 191 17
189 37 194 38
189 39 191 41
189 69 191 72
189 73 198 73
189 81 192 83
189 85 198 85
189 111 194 112
189 117 194 118
189 178 192 180
189 181 194 182
189 191 191 194
189 203 198 203
189 207 191 210
189 230 190 235
190 10 195 11
190 23 191 28
190 46 195 47
190 49 191 54
190 76 192 79
190 109 199 109
190 113 193 115
190 116 199 116
190 119 192 122
190 125 192 128
190 141 192 144
190 150 192 153
190 159 195 160
190 170 192 172
190 187 195 188
190 195 191 200
190 211 192 214
190 216 191 221
190 236 191 241
190 242 191 247
190 249 199 249
191 4 193 7
191 12 196 13
191 30 194 32
191 57 193 60
191 89 199 89
191 92 193 95
191 97 193 100
191 101 199 101
191 106 194 108
191 135 194 137
191 138 196 139
191 147 199 147
191 154 196 155
191 174 193 177
191 222 193 225
191 230 192 235
192 0 195 2
192 14 194 17
192 20 193 25
192 26 194 28
192 39 197 40
192 48 193 53
192 69 194 72
192 74 197 75
192 156 197 157
192 161 193 166
192 183 195 185
192 191 193 196
192 197 195 199
192 207 194 210
192 216 193 221
192 236 193 241
192 242 193 247
193 8 198 9
193 76 195 79
193 81 195 84
193 119 195 122
193 124 194 129
193 140 194 145
193 150 195 153
193 170 195 172
193 178 195 180
193 204 198 205
193 211 195 214
193 230 194 235
194 4 196 7
194 19 195 24
194 33 196 36
194 48 195 53
194 56 196 59
194 62 197 64
194 67 199 68
194 92 196 95
194 102 197 104
194 113 197 115
194 133 199 134
194 161 195 166
194 174 196 177
194 191 195 196
194 215 197 217
194 218 195 223
194 224 199 225
194 227 197 229
194 236 195 241
194 242 195 247
195 14 198 16
195 25 197 28
195 30 198 32
195 106 198 108
195 126 197 129
195 135 198 137
195 140 196 145
195 207 197 210
195 230 196 235
196 0 199 2
196 17 197 22
196 23 199 24
195 41 199 42
196 44 197 49
196 50 197 55
196 69 199 71
196 76 198 79
196 81 198 84
196 117 197 122
196 123 199 125
195 131 199 132
196 148 197 153
196 158 197 163
196 164 199 166
195 167 199 168
196 170 198 173
196 178 197 183
196 187 199 189
196 191 197 196
196 197 198 200
196 211 198 214
196 218 197 223
196 236 197 241
196 242 197 247
197 4 199 7
197 10 199 13
197 33 198 38
197 56 198 61
197 92 198 97
197 138 198 143
197 184 199 186
197 230 198 235
198 43 198 53
198 110 199 115
198 117 199 122
198 126 199 130
198 148 199 153
198 154 199 159
198 174 199 179
198 191 199 196
198 215 199 220
198 236 199 241
198 242 199 247
199 14 199 22
199 25 199 35
199 44 199 55
199 56 199 66
199 135 199 146
199 202 199 212
199 226 199 235
